Analysis & Synthesis report for tdm
Wed Oct 24 03:16:00 2018
Quartus II Version 9.0 Build 235 06/17/2009 Service Pack 2 SJ Web Edition


---------------------
; Table of Contents ;
---------------------
  1. Legal Notice
  2. Analysis & Synthesis Summary
  3. Analysis & Synthesis Settings
  4. Analysis & Synthesis Source Files Read
  5. Analysis & Synthesis Resource Usage Summary
  6. Analysis & Synthesis Resource Utilization by Entity
  7. User-Specified and Inferred Latches
  8. General Register Statistics
  9. Source assignments for count4:inst3|LPM_COUNTER:clock_divider
 10. Parameter Settings for User Entity Instance: count4:inst3|LPM_COUNTER:clock_divider
 11. Parameter Settings for User Entity Instance: shift4:inst6|LPM_SHIFTREG:four_bit_shift
 12. Parameter Settings for User Entity Instance: shift4:inst5|LPM_SHIFTREG:four_bit_shift
 13. Parameter Settings for User Entity Instance: shift4:inst2|LPM_SHIFTREG:four_bit_shift
 14. Parameter Settings for User Entity Instance: shift4:inst4|LPM_SHIFTREG:four_bit_shift
 15. Parameter Settings for User Entity Instance: latch4:inst12|LPM_LATCH:four_bit_latch
 16. Parameter Settings for User Entity Instance: shift4r:inst7|LPM_SHIFTREG:four_bit_shift
 17. Parameter Settings for User Entity Instance: latch4:inst13|LPM_LATCH:four_bit_latch
 18. Parameter Settings for User Entity Instance: shift4r:inst8|LPM_SHIFTREG:four_bit_shift
 19. Parameter Settings for User Entity Instance: latch4:inst14|LPM_LATCH:four_bit_latch
 20. Parameter Settings for User Entity Instance: shift4r:inst9|LPM_SHIFTREG:four_bit_shift
 21. Parameter Settings for User Entity Instance: latch4:inst15|LPM_LATCH:four_bit_latch
 22. Parameter Settings for User Entity Instance: shift4r:inst10|LPM_SHIFTREG:four_bit_shift
 23. lpm_shiftreg Parameter Settings by Entity Instance
 24. Analysis & Synthesis Messages



----------------
; Legal Notice ;
----------------
Copyright (C) 1991-2009 Altera Corporation
Your use of Altera Corporation's design tools, logic functions 
and other software and tools, and its AMPP partner logic 
functions, and any output files from any of the foregoing 
(including device programming or simulation files), and any 
associated documentation or information are expressly subject 
to the terms and conditions of the Altera Program License 
Subscription Agreement, Altera MegaCore Function License 
Agreement, or other applicable license agreement, including, 
without limitation, that your use is for the sole purpose of 
programming logic devices manufactured by Altera and sold by 
Altera or its authorized distributors.  Please refer to the 
applicable agreement for further details.



+-----------------------------------------------------------------------------------+
; Analysis & Synthesis Summary                                                      ;
+------------------------------------+----------------------------------------------+
; Analysis & Synthesis Status        ; Successful - Wed Oct 24 03:16:00 2018        ;
; Quartus II Version                 ; 9.0 Build 235 06/17/2009 SP 2 SJ Web Edition ;
; Revision Name                      ; tdm                                          ;
; Top-level Entity Name              ; tdm                                          ;
; Family                             ; Cyclone II                                   ;
; Total logic elements               ; 57                                           ;
;     Total combinational functions  ; 42                                           ;
;     Dedicated logic registers      ; 36                                           ;
; Total registers                    ; 36                                           ;
; Total pins                         ; 38                                           ;
; Total virtual pins                 ; 0                                            ;
; Total memory bits                  ; 0                                            ;
; Embedded Multiplier 9-bit elements ; 0                                            ;
; Total PLLs                         ; 0                                            ;
+------------------------------------+----------------------------------------------+


+--------------------------------------------------------------------------------------------------------+
; Analysis & Synthesis Settings                                                                          ;
+--------------------------------------------------------------+--------------------+--------------------+
; Option                                                       ; Setting            ; Default Value      ;
+--------------------------------------------------------------+--------------------+--------------------+
; Device                                                       ; EP2C35F672C6       ;                    ;
; Top-level entity name                                        ; tdm                ; tdm                ;
; Family name                                                  ; Cyclone II         ; Stratix II         ;
; Optimization Technique                                       ; Speed              ; Balanced           ;
; Use Generated Physical Constraints File                      ; Off                ;                    ;
; Use smart compilation                                        ; Off                ; Off                ;
; Restructure Multiplexers                                     ; Auto               ; Auto               ;
; Create Debugging Nodes for IP Cores                          ; Off                ; Off                ;
; Preserve fewer node names                                    ; On                 ; On                 ;
; Disable OpenCore Plus hardware evaluation                    ; Off                ; Off                ;
; Verilog Version                                              ; Verilog_2001       ; Verilog_2001       ;
; VHDL Version                                                 ; VHDL93             ; VHDL93             ;
; State Machine Processing                                     ; Auto               ; Auto               ;
; Safe State Machine                                           ; Off                ; Off                ;
; Extract Verilog State Machines                               ; On                 ; On                 ;
; Extract VHDL State Machines                                  ; On                 ; On                 ;
; Ignore Verilog initial constructs                            ; Off                ; Off                ;
; Iteration limit for constant Verilog loops                   ; 5000               ; 5000               ;
; Iteration limit for non-constant Verilog loops               ; 250                ; 250                ;
; Add Pass-Through Logic to Inferred RAMs                      ; On                 ; On                 ;
; Parallel Synthesis                                           ; Off                ; Off                ;
; DSP Block Balancing                                          ; Auto               ; Auto               ;
; NOT Gate Push-Back                                           ; On                 ; On                 ;
; Power-Up Don't Care                                          ; On                 ; On                 ;
; Remove Redundant Logic Cells                                 ; Off                ; Off                ;
; Remove Duplicate Registers                                   ; On                 ; On                 ;
; Ignore CARRY Buffers                                         ; Off                ; Off                ;
; Ignore CASCADE Buffers                                       ; Off                ; Off                ;
; Ignore GLOBAL Buffers                                        ; Off                ; Off                ;
; Ignore ROW GLOBAL Buffers                                    ; Off                ; Off                ;
; Ignore LCELL Buffers                                         ; Off                ; Off                ;
; Ignore SOFT Buffers                                          ; On                 ; On                 ;
; Limit AHDL Integers to 32 Bits                               ; Off                ; Off                ;
; Carry Chain Length                                           ; 70                 ; 70                 ;
; Auto Carry Chains                                            ; On                 ; On                 ;
; Auto Open-Drain Pins                                         ; On                 ; On                 ;
; Perform WYSIWYG Primitive Resynthesis                        ; Off                ; Off                ;
; Auto ROM Replacement                                         ; On                 ; On                 ;
; Auto RAM Replacement                                         ; On                 ; On                 ;
; Auto Shift Register Replacement                              ; Auto               ; Auto               ;
; Auto Clock Enable Replacement                                ; On                 ; On                 ;
; Strict RAM Replacement                                       ; Off                ; Off                ;
; Allow Synchronous Control Signals                            ; On                 ; On                 ;
; Force Use of Synchronous Clear Signals                       ; Off                ; Off                ;
; Auto RAM to Logic Cell Conversion                            ; Off                ; Off                ;
; Auto Resource Sharing                                        ; Off                ; Off                ;
; Allow Any RAM Size For Recognition                           ; Off                ; Off                ;
; Allow Any ROM Size For Recognition                           ; Off                ; Off                ;
; Allow Any Shift Register Size For Recognition                ; Off                ; Off                ;
; Use LogicLock Constraints during Resource Balancing          ; On                 ; On                 ;
; Ignore translate_off and synthesis_off directives            ; Off                ; Off                ;
; Timing-Driven Synthesis                                      ; Off                ; Off                ;
; Show Parameter Settings Tables in Synthesis Report           ; On                 ; On                 ;
; Ignore Maximum Fan-Out Assignments                           ; Off                ; Off                ;
; Synchronization Register Chain Length                        ; 2                  ; 2                  ;
; PowerPlay Power Optimization                                 ; Normal compilation ; Normal compilation ;
; HDL message level                                            ; Level2             ; Level2             ;
; Suppress Register Optimization Related Messages              ; Off                ; Off                ;
; Number of Removed Registers Reported in Synthesis Report     ; 100                ; 100                ;
; Number of Inverted Registers Reported in Synthesis Report    ; 100                ; 100                ;
; Clock MUX Protection                                         ; On                 ; On                 ;
; Auto Gated Clock Conversion                                  ; Off                ; Off                ;
; Block Design Naming                                          ; Auto               ; Auto               ;
; SDC constraint protection                                    ; Off                ; Off                ;
; Synthesis Effort                                             ; Auto               ; Auto               ;
; Shift Register Replacement - Allow Asynchronous Clear Signal ; On                 ; On                 ;
; Analysis & Synthesis Message Level                           ; Medium             ; Medium             ;
+--------------------------------------------------------------+--------------------+--------------------+


+-------------------------------------------------------------------------------------------------------------------------------------------------------------------+
; Analysis & Synthesis Source Files Read                                                                                                                            ;
+----------------------------------+-----------------+------------------------------------+-------------------------------------------------------------------------+
; File Name with User-Entered Path ; Used in Netlist ; File Type                          ; File Name with Absolute Path                                            ;
+----------------------------------+-----------------+------------------------------------+-------------------------------------------------------------------------+
; tdm.bdf                          ; yes             ; User Block Diagram/Schematic File  ; C:/Users/owner/Desktop/de2_lab/core/20181024/tdm/tdm.bdf                ;
; count4.vhd                       ; yes             ; Auto-Found VHDL File               ; C:/Users/owner/Desktop/de2_lab/core/20181024/tdm/count4.vhd             ;
; LPM_COUNTER.tdf                  ; yes             ; Megafunction                       ; c:/altera/90sp2/quartus/libraries/megafunctions/LPM_COUNTER.tdf         ;
; lpm_constant.inc                 ; yes             ; Megafunction                       ; c:/altera/90sp2/quartus/libraries/megafunctions/lpm_constant.inc        ;
; lpm_decode.inc                   ; yes             ; Megafunction                       ; c:/altera/90sp2/quartus/libraries/megafunctions/lpm_decode.inc          ;
; lpm_add_sub.inc                  ; yes             ; Megafunction                       ; c:/altera/90sp2/quartus/libraries/megafunctions/lpm_add_sub.inc         ;
; cmpconst.inc                     ; yes             ; Megafunction                       ; c:/altera/90sp2/quartus/libraries/megafunctions/cmpconst.inc            ;
; lpm_compare.inc                  ; yes             ; Megafunction                       ; c:/altera/90sp2/quartus/libraries/megafunctions/lpm_compare.inc         ;
; lpm_counter.inc                  ; yes             ; Megafunction                       ; c:/altera/90sp2/quartus/libraries/megafunctions/lpm_counter.inc         ;
; dffeea.inc                       ; yes             ; Megafunction                       ; c:/altera/90sp2/quartus/libraries/megafunctions/dffeea.inc              ;
; alt_synch_counter.inc            ; yes             ; Megafunction                       ; c:/altera/90sp2/quartus/libraries/megafunctions/alt_synch_counter.inc   ;
; alt_synch_counter_f.inc          ; yes             ; Megafunction                       ; c:/altera/90sp2/quartus/libraries/megafunctions/alt_synch_counter_f.inc ;
; alt_counter_f10ke.inc            ; yes             ; Megafunction                       ; c:/altera/90sp2/quartus/libraries/megafunctions/alt_counter_f10ke.inc   ;
; alt_counter_stratix.inc          ; yes             ; Megafunction                       ; c:/altera/90sp2/quartus/libraries/megafunctions/alt_counter_stratix.inc ;
; aglobal90.inc                    ; yes             ; Megafunction                       ; c:/altera/90sp2/quartus/libraries/megafunctions/aglobal90.inc           ;
; db/cntr_k9i.tdf                  ; yes             ; Auto-Generated Megafunction        ; C:/Users/owner/Desktop/de2_lab/core/20181024/tdm/db/cntr_k9i.tdf        ;
; shift4.vhd                       ; yes             ; Auto-Found VHDL File               ; C:/Users/owner/Desktop/de2_lab/core/20181024/tdm/shift4.vhd             ;
; LPM_SHIFTREG.tdf                 ; yes             ; Megafunction                       ; c:/altera/90sp2/quartus/libraries/megafunctions/LPM_SHIFTREG.tdf        ;
; decode4l.vhd                     ; yes             ; Auto-Found VHDL File               ; C:/Users/owner/Desktop/de2_lab/core/20181024/tdm/decode4l.vhd           ;
; mux_4ch.vhd                      ; yes             ; Auto-Found VHDL File               ; C:/Users/owner/Desktop/de2_lab/core/20181024/tdm/mux_4ch.vhd            ;
; latch4.vhd                       ; yes             ; Auto-Found VHDL File               ; C:/Users/owner/Desktop/de2_lab/core/20181024/tdm/latch4.vhd             ;
; LPM_LATCH.tdf                    ; yes             ; Megafunction                       ; c:/altera/90sp2/quartus/libraries/megafunctions/LPM_LATCH.tdf           ;
; decode4c.vhd                     ; yes             ; Auto-Found VHDL File               ; C:/Users/owner/Desktop/de2_lab/core/20181024/tdm/decode4c.vhd           ;
; shift4r.vhd                      ; yes             ; Auto-Found VHDL File               ; C:/Users/owner/Desktop/de2_lab/core/20181024/tdm/shift4r.vhd            ;
+----------------------------------+-----------------+------------------------------------+-------------------------------------------------------------------------+


+-----------------------------------------------------+
; Analysis & Synthesis Resource Usage Summary         ;
+---------------------------------------------+-------+
; Resource                                    ; Usage ;
+---------------------------------------------+-------+
; Estimated Total logic elements              ; 57    ;
;                                             ;       ;
; Total combinational functions               ; 42    ;
; Logic element usage by number of LUT inputs ;       ;
;     -- 4 input functions                    ; 15    ;
;     -- 3 input functions                    ; 19    ;
;     -- <=2 input functions                  ; 8     ;
;                                             ;       ;
; Logic elements by mode                      ;       ;
;     -- normal mode                          ; 39    ;
;     -- arithmetic mode                      ; 3     ;
;                                             ;       ;
; Total registers                             ; 36    ;
;     -- Dedicated logic registers            ; 36    ;
;     -- I/O registers                        ; 0     ;
;                                             ;       ;
; I/O pins                                    ; 38    ;
; Maximum fan-out node                        ; clock ;
; Maximum fan-out                             ; 36    ;
; Total fan-out                               ; 272   ;
; Average fan-out                             ; 2.34  ;
+---------------------------------------------+-------+


+--------------------------------------------------------------------------------------------------------------------------------------------------------------------------------------------------------------------------------------+
; Analysis & Synthesis Resource Utilization by Entity                                                                                                                                                                                  ;
+-------------------------------------+-------------------+--------------+-------------+--------------+---------+-----------+------+--------------+---------------------------------------------------------------------+--------------+
; Compilation Hierarchy Node          ; LC Combinationals ; LC Registers ; Memory Bits ; DSP Elements ; DSP 9x9 ; DSP 18x18 ; Pins ; Virtual Pins ; Full Hierarchy Name                                                 ; Library Name ;
+-------------------------------------+-------------------+--------------+-------------+--------------+---------+-----------+------+--------------+---------------------------------------------------------------------+--------------+
; |tdm                                ; 42 (0)            ; 36 (0)       ; 0           ; 0            ; 0       ; 0         ; 38   ; 0            ; |tdm                                                                ; work         ;
;    |count4:inst3|                   ; 4 (0)             ; 4 (0)        ; 0           ; 0            ; 0       ; 0         ; 0    ; 0            ; |tdm|count4:inst3                                                   ; work         ;
;       |lpm_counter:clock_divider|   ; 4 (0)             ; 4 (0)        ; 0           ; 0            ; 0       ; 0         ; 0    ; 0            ; |tdm|count4:inst3|lpm_counter:clock_divider                         ; work         ;
;          |cntr_k9i:auto_generated|  ; 4 (4)             ; 4 (4)        ; 0           ; 0            ; 0       ; 0         ; 0    ; 0            ; |tdm|count4:inst3|lpm_counter:clock_divider|cntr_k9i:auto_generated ; work         ;
;    |decode4c:inst11|                ; 4 (4)             ; 0 (0)        ; 0           ; 0            ; 0       ; 0         ; 0    ; 0            ; |tdm|decode4c:inst11                                                ; work         ;
;    |latch4:inst12|                  ; 4 (0)             ; 0 (0)        ; 0           ; 0            ; 0       ; 0         ; 0    ; 0            ; |tdm|latch4:inst12                                                  ; work         ;
;       |lpm_latch:four_bit_latch|    ; 4 (4)             ; 0 (0)        ; 0           ; 0            ; 0       ; 0         ; 0    ; 0            ; |tdm|latch4:inst12|lpm_latch:four_bit_latch                         ; work         ;
;    |latch4:inst13|                  ; 4 (0)             ; 0 (0)        ; 0           ; 0            ; 0       ; 0         ; 0    ; 0            ; |tdm|latch4:inst13                                                  ; work         ;
;       |lpm_latch:four_bit_latch|    ; 4 (4)             ; 0 (0)        ; 0           ; 0            ; 0       ; 0         ; 0    ; 0            ; |tdm|latch4:inst13|lpm_latch:four_bit_latch                         ; work         ;
;    |latch4:inst14|                  ; 4 (0)             ; 0 (0)        ; 0           ; 0            ; 0       ; 0         ; 0    ; 0            ; |tdm|latch4:inst14                                                  ; work         ;
;       |lpm_latch:four_bit_latch|    ; 4 (4)             ; 0 (0)        ; 0           ; 0            ; 0       ; 0         ; 0    ; 0            ; |tdm|latch4:inst14|lpm_latch:four_bit_latch                         ; work         ;
;    |latch4:inst15|                  ; 4 (0)             ; 0 (0)        ; 0           ; 0            ; 0       ; 0         ; 0    ; 0            ; |tdm|latch4:inst15                                                  ; work         ;
;       |lpm_latch:four_bit_latch|    ; 4 (4)             ; 0 (0)        ; 0           ; 0            ; 0       ; 0         ; 0    ; 0            ; |tdm|latch4:inst15|lpm_latch:four_bit_latch                         ; work         ;
;    |mux_4ch:inst1|                  ; 2 (2)             ; 0 (0)        ; 0           ; 0            ; 0       ; 0         ; 0    ; 0            ; |tdm|mux_4ch:inst1                                                  ; work         ;
;    |shift4:inst2|                   ; 4 (0)             ; 4 (0)        ; 0           ; 0            ; 0       ; 0         ; 0    ; 0            ; |tdm|shift4:inst2                                                   ; work         ;
;       |lpm_shiftreg:four_bit_shift| ; 4 (4)             ; 4 (4)        ; 0           ; 0            ; 0       ; 0         ; 0    ; 0            ; |tdm|shift4:inst2|lpm_shiftreg:four_bit_shift                       ; work         ;
;    |shift4:inst4|                   ; 4 (0)             ; 4 (0)        ; 0           ; 0            ; 0       ; 0         ; 0    ; 0            ; |tdm|shift4:inst4                                                   ; work         ;
;       |lpm_shiftreg:four_bit_shift| ; 4 (4)             ; 4 (4)        ; 0           ; 0            ; 0       ; 0         ; 0    ; 0            ; |tdm|shift4:inst4|lpm_shiftreg:four_bit_shift                       ; work         ;
;    |shift4:inst5|                   ; 4 (0)             ; 4 (0)        ; 0           ; 0            ; 0       ; 0         ; 0    ; 0            ; |tdm|shift4:inst5                                                   ; work         ;
;       |lpm_shiftreg:four_bit_shift| ; 4 (4)             ; 4 (4)        ; 0           ; 0            ; 0       ; 0         ; 0    ; 0            ; |tdm|shift4:inst5|lpm_shiftreg:four_bit_shift                       ; work         ;
;    |shift4:inst6|                   ; 4 (0)             ; 4 (0)        ; 0           ; 0            ; 0       ; 0         ; 0    ; 0            ; |tdm|shift4:inst6                                                   ; work         ;
;       |lpm_shiftreg:four_bit_shift| ; 4 (4)             ; 4 (4)        ; 0           ; 0            ; 0       ; 0         ; 0    ; 0            ; |tdm|shift4:inst6|lpm_shiftreg:four_bit_shift                       ; work         ;
;    |shift4r:inst10|                 ; 0 (0)             ; 4 (0)        ; 0           ; 0            ; 0       ; 0         ; 0    ; 0            ; |tdm|shift4r:inst10                                                 ; work         ;
;       |lpm_shiftreg:four_bit_shift| ; 0 (0)             ; 4 (4)        ; 0           ; 0            ; 0       ; 0         ; 0    ; 0            ; |tdm|shift4r:inst10|lpm_shiftreg:four_bit_shift                     ; work         ;
;    |shift4r:inst7|                  ; 0 (0)             ; 4 (0)        ; 0           ; 0            ; 0       ; 0         ; 0    ; 0            ; |tdm|shift4r:inst7                                                  ; work         ;
;       |lpm_shiftreg:four_bit_shift| ; 0 (0)             ; 4 (4)        ; 0           ; 0            ; 0       ; 0         ; 0    ; 0            ; |tdm|shift4r:inst7|lpm_shiftreg:four_bit_shift                      ; work         ;
;    |shift4r:inst8|                  ; 0 (0)             ; 4 (0)        ; 0           ; 0            ; 0       ; 0         ; 0    ; 0            ; |tdm|shift4r:inst8                                                  ; work         ;
;       |lpm_shiftreg:four_bit_shift| ; 0 (0)             ; 4 (4)        ; 0           ; 0            ; 0       ; 0         ; 0    ; 0            ; |tdm|shift4r:inst8|lpm_shiftreg:four_bit_shift                      ; work         ;
;    |shift4r:inst9|                  ; 0 (0)             ; 4 (0)        ; 0           ; 0            ; 0       ; 0         ; 0    ; 0            ; |tdm|shift4r:inst9                                                  ; work         ;
;       |lpm_shiftreg:four_bit_shift| ; 0 (0)             ; 4 (4)        ; 0           ; 0            ; 0       ; 0         ; 0    ; 0            ; |tdm|shift4r:inst9|lpm_shiftreg:four_bit_shift                      ; work         ;
+-------------------------------------+-------------------+--------------+-------------+--------------+---------+-----------+------+--------------+---------------------------------------------------------------------+--------------+
Note: For table entries with two numbers listed, the numbers in parentheses indicate the number of resources of the given type used by the specific entity alone. The numbers listed outside of parentheses indicate the total resources of the given type used by the specific entity and all of its sub-entities in the hierarchy.


+----------------------------------------------------------------------------------------------------+
; User-Specified and Inferred Latches                                                                ;
+-----------------------------------------------------+---------------------+------------------------+
; Latch Name                                          ; Latch Enable Signal ; Free of Timing Hazards ;
+-----------------------------------------------------+---------------------+------------------------+
; latch4:inst12|lpm_latch:four_bit_latch|latches[3]   ; decode4c:inst11|x0  ; yes                    ;
; latch4:inst12|lpm_latch:four_bit_latch|latches[2]   ; decode4c:inst11|x0  ; yes                    ;
; latch4:inst12|lpm_latch:four_bit_latch|latches[1]   ; decode4c:inst11|x0  ; yes                    ;
; latch4:inst12|lpm_latch:four_bit_latch|latches[0]   ; decode4c:inst11|x0  ; yes                    ;
; latch4:inst13|lpm_latch:four_bit_latch|latches[3]   ; decode4c:inst11|x2  ; yes                    ;
; latch4:inst13|lpm_latch:four_bit_latch|latches[2]   ; decode4c:inst11|x2  ; yes                    ;
; latch4:inst13|lpm_latch:four_bit_latch|latches[1]   ; decode4c:inst11|x2  ; yes                    ;
; latch4:inst13|lpm_latch:four_bit_latch|latches[0]   ; decode4c:inst11|x2  ; yes                    ;
; latch4:inst14|lpm_latch:four_bit_latch|latches[3]   ; decode4c:inst11|x2  ; yes                    ;
; latch4:inst14|lpm_latch:four_bit_latch|latches[2]   ; decode4c:inst11|x2  ; yes                    ;
; latch4:inst14|lpm_latch:four_bit_latch|latches[1]   ; decode4c:inst11|x2  ; yes                    ;
; latch4:inst14|lpm_latch:four_bit_latch|latches[0]   ; decode4c:inst11|x2  ; yes                    ;
; latch4:inst15|lpm_latch:four_bit_latch|latches[3]   ; decode4c:inst11|x2  ; yes                    ;
; latch4:inst15|lpm_latch:four_bit_latch|latches[2]   ; decode4c:inst11|x2  ; yes                    ;
; latch4:inst15|lpm_latch:four_bit_latch|latches[1]   ; decode4c:inst11|x2  ; yes                    ;
; latch4:inst15|lpm_latch:four_bit_latch|latches[0]   ; decode4c:inst11|x2  ; yes                    ;
; Number of user-specified and inferred latches = 16  ;                     ;                        ;
+-----------------------------------------------------+---------------------+------------------------+
Note: All latches listed above may not be present at the end of synthesis due to various synthesis optimizations.


+------------------------------------------------------+
; General Register Statistics                          ;
+----------------------------------------------+-------+
; Statistic                                    ; Value ;
+----------------------------------------------+-------+
; Total registers                              ; 36    ;
; Number of registers using Synchronous Clear  ; 0     ;
; Number of registers using Synchronous Load   ; 0     ;
; Number of registers using Asynchronous Clear ; 32    ;
; Number of registers using Asynchronous Load  ; 0     ;
; Number of registers using Clock Enable       ; 16    ;
; Number of registers using Preset             ; 0     ;
+----------------------------------------------+-------+


+---------------------------------------------------------------+
; Source assignments for count4:inst3|LPM_COUNTER:clock_divider ;
+---------------------------+-------+------+--------------------+
; Assignment                ; Value ; From ; To                 ;
+---------------------------+-------+------+--------------------+
; SUPPRESS_DA_RULE_INTERNAL ; a101  ; -    ; -                  ;
; SUPPRESS_DA_RULE_INTERNAL ; s102  ; -    ; -                  ;
; SUPPRESS_DA_RULE_INTERNAL ; s103  ; -    ; -                  ;
+---------------------------+-------+------+--------------------+


+-------------------------------------------------------------------------------------+
; Parameter Settings for User Entity Instance: count4:inst3|LPM_COUNTER:clock_divider ;
+------------------------+-------------------+----------------------------------------+
; Parameter Name         ; Value             ; Type                                   ;
+------------------------+-------------------+----------------------------------------+
; AUTO_CARRY_CHAINS      ; ON                ; AUTO_CARRY                             ;
; IGNORE_CARRY_BUFFERS   ; OFF               ; IGNORE_CARRY                           ;
; AUTO_CASCADE_CHAINS    ; ON                ; AUTO_CASCADE                           ;
; IGNORE_CASCADE_BUFFERS ; OFF               ; IGNORE_CASCADE                         ;
; LPM_WIDTH              ; 4                 ; Signed Integer                         ;
; LPM_DIRECTION          ; DEFAULT           ; Untyped                                ;
; LPM_MODULUS            ; 0                 ; Signed Integer                         ;
; LPM_AVALUE             ; UNUSED            ; Untyped                                ;
; LPM_SVALUE             ; UNUSED            ; Untyped                                ;
; LPM_PORT_UPDOWN        ; PORT_CONNECTIVITY ; Untyped                                ;
; DEVICE_FAMILY          ; Cyclone II        ; Untyped                                ;
; CARRY_CHAIN            ; MANUAL            ; Untyped                                ;
; CARRY_CHAIN_LENGTH     ; 48                ; CARRY_CHAIN_LENGTH                     ;
; NOT_GATE_PUSH_BACK     ; ON                ; NOT_GATE_PUSH_BACK                     ;
; CARRY_CNT_EN           ; SMART             ; Untyped                                ;
; LABWIDE_SCLR           ; ON                ; Untyped                                ;
; USE_NEW_VERSION        ; TRUE              ; Untyped                                ;
; CBXI_PARAMETER         ; cntr_k9i          ; Untyped                                ;
+------------------------+-------------------+----------------------------------------+
Note: In order to hide this table in the UI and the text report file, please set the "Show Parameter Settings Tables in Synthesis Report" option in "Analysis and Synthesis Settings -> More Settings" to "Off".


+---------------------------------------------------------------------------------------+
; Parameter Settings for User Entity Instance: shift4:inst6|LPM_SHIFTREG:four_bit_shift ;
+------------------------+------------+-------------------------------------------------+
; Parameter Name         ; Value      ; Type                                            ;
+------------------------+------------+-------------------------------------------------+
; LPM_WIDTH              ; 4          ; Signed Integer                                  ;
; LPM_DIRECTION          ; RIGHT      ; Untyped                                         ;
; LPM_AVALUE             ; UNUSED     ; Untyped                                         ;
; LPM_SVALUE             ; UNUSED     ; Untyped                                         ;
; DEVICE_FAMILY          ; Cyclone II ; Untyped                                         ;
; AUTO_CARRY_CHAINS      ; ON         ; AUTO_CARRY                                      ;
; IGNORE_CARRY_BUFFERS   ; OFF        ; IGNORE_CARRY                                    ;
; AUTO_CASCADE_CHAINS    ; ON         ; AUTO_CASCADE                                    ;
; IGNORE_CASCADE_BUFFERS ; OFF        ; IGNORE_CASCADE                                  ;
+------------------------+------------+-------------------------------------------------+
Note: In order to hide this table in the UI and the text report file, please set the "Show Parameter Settings Tables in Synthesis Report" option in "Analysis and Synthesis Settings -> More Settings" to "Off".


+---------------------------------------------------------------------------------------+
; Parameter Settings for User Entity Instance: shift4:inst5|LPM_SHIFTREG:four_bit_shift ;
+------------------------+------------+-------------------------------------------------+
; Parameter Name         ; Value      ; Type                                            ;
+------------------------+------------+-------------------------------------------------+
; LPM_WIDTH              ; 4          ; Signed Integer                                  ;
; LPM_DIRECTION          ; RIGHT      ; Untyped                                         ;
; LPM_AVALUE             ; UNUSED     ; Untyped                                         ;
; LPM_SVALUE             ; UNUSED     ; Untyped                                         ;
; DEVICE_FAMILY          ; Cyclone II ; Untyped                                         ;
; AUTO_CARRY_CHAINS      ; ON         ; AUTO_CARRY                                      ;
; IGNORE_CARRY_BUFFERS   ; OFF        ; IGNORE_CARRY                                    ;
; AUTO_CASCADE_CHAINS    ; ON         ; AUTO_CASCADE                                    ;
; IGNORE_CASCADE_BUFFERS ; OFF        ; IGNORE_CASCADE                                  ;
+------------------------+------------+-------------------------------------------------+
Note: In order to hide this table in the UI and the text report file, please set the "Show Parameter Settings Tables in Synthesis Report" option in "Analysis and Synthesis Settings -> More Settings" to "Off".


+---------------------------------------------------------------------------------------+
; Parameter Settings for User Entity Instance: shift4:inst2|LPM_SHIFTREG:four_bit_shift ;
+------------------------+------------+-------------------------------------------------+
; Parameter Name         ; Value      ; Type                                            ;
+------------------------+------------+-------------------------------------------------+
; LPM_WIDTH              ; 4          ; Signed Integer                                  ;
; LPM_DIRECTION          ; RIGHT      ; Untyped                                         ;
; LPM_AVALUE             ; UNUSED     ; Untyped                                         ;
; LPM_SVALUE             ; UNUSED     ; Untyped                                         ;
; DEVICE_FAMILY          ; Cyclone II ; Untyped                                         ;
; AUTO_CARRY_CHAINS      ; ON         ; AUTO_CARRY                                      ;
; IGNORE_CARRY_BUFFERS   ; OFF        ; IGNORE_CARRY                                    ;
; AUTO_CASCADE_CHAINS    ; ON         ; AUTO_CASCADE                                    ;
; IGNORE_CASCADE_BUFFERS ; OFF        ; IGNORE_CASCADE                                  ;
+------------------------+------------+-------------------------------------------------+
Note: In order to hide this table in the UI and the text report file, please set the "Show Parameter Settings Tables in Synthesis Report" option in "Analysis and Synthesis Settings -> More Settings" to "Off".


+---------------------------------------------------------------------------------------+
; Parameter Settings for User Entity Instance: shift4:inst4|LPM_SHIFTREG:four_bit_shift ;
+------------------------+------------+-------------------------------------------------+
; Parameter Name         ; Value      ; Type                                            ;
+------------------------+------------+-------------------------------------------------+
; LPM_WIDTH              ; 4          ; Signed Integer                                  ;
; LPM_DIRECTION          ; RIGHT      ; Untyped                                         ;
; LPM_AVALUE             ; UNUSED     ; Untyped                                         ;
; LPM_SVALUE             ; UNUSED     ; Untyped                                         ;
; DEVICE_FAMILY          ; Cyclone II ; Untyped                                         ;
; AUTO_CARRY_CHAINS      ; ON         ; AUTO_CARRY                                      ;
; IGNORE_CARRY_BUFFERS   ; OFF        ; IGNORE_CARRY                                    ;
; AUTO_CASCADE_CHAINS    ; ON         ; AUTO_CASCADE                                    ;
; IGNORE_CASCADE_BUFFERS ; OFF        ; IGNORE_CASCADE                                  ;
+------------------------+------------+-------------------------------------------------+
Note: In order to hide this table in the UI and the text report file, please set the "Show Parameter Settings Tables in Synthesis Report" option in "Analysis and Synthesis Settings -> More Settings" to "Off".


+-------------------------------------------------------------------------------------+
; Parameter Settings for User Entity Instance: latch4:inst12|LPM_LATCH:four_bit_latch ;
+----------------+--------+-----------------------------------------------------------+
; Parameter Name ; Value  ; Type                                                      ;
+----------------+--------+-----------------------------------------------------------+
; LPM_WIDTH      ; 4      ; Signed Integer                                            ;
; LPM_AVALUE     ; UNUSED ; Untyped                                                   ;
+----------------+--------+-----------------------------------------------------------+
Note: In order to hide this table in the UI and the text report file, please set the "Show Parameter Settings Tables in Synthesis Report" option in "Analysis and Synthesis Settings -> More Settings" to "Off".


+----------------------------------------------------------------------------------------+
; Parameter Settings for User Entity Instance: shift4r:inst7|LPM_SHIFTREG:four_bit_shift ;
+------------------------+------------+--------------------------------------------------+
; Parameter Name         ; Value      ; Type                                             ;
+------------------------+------------+--------------------------------------------------+
; LPM_WIDTH              ; 4          ; Signed Integer                                   ;
; LPM_DIRECTION          ; RIGHT      ; Untyped                                          ;
; LPM_AVALUE             ; UNUSED     ; Untyped                                          ;
; LPM_SVALUE             ; UNUSED     ; Untyped                                          ;
; DEVICE_FAMILY          ; Cyclone II ; Untyped                                          ;
; AUTO_CARRY_CHAINS      ; ON         ; AUTO_CARRY                                       ;
; IGNORE_CARRY_BUFFERS   ; OFF        ; IGNORE_CARRY                                     ;
; AUTO_CASCADE_CHAINS    ; ON         ; AUTO_CASCADE                                     ;
; IGNORE_CASCADE_BUFFERS ; OFF        ; IGNORE_CASCADE                                   ;
+------------------------+------------+--------------------------------------------------+
Note: In order to hide this table in the UI and the text report file, please set the "Show Parameter Settings Tables in Synthesis Report" option in "Analysis and Synthesis Settings -> More Settings" to "Off".


+-------------------------------------------------------------------------------------+
; Parameter Settings for User Entity Instance: latch4:inst13|LPM_LATCH:four_bit_latch ;
+----------------+--------+-----------------------------------------------------------+
; Parameter Name ; Value  ; Type                                                      ;
+----------------+--------+-----------------------------------------------------------+
; LPM_WIDTH      ; 4      ; Signed Integer                                            ;
; LPM_AVALUE     ; UNUSED ; Untyped                                                   ;
+----------------+--------+-----------------------------------------------------------+
Note: In order to hide this table in the UI and the text report file, please set the "Show Parameter Settings Tables in Synthesis Report" option in "Analysis and Synthesis Settings -> More Settings" to "Off".


+----------------------------------------------------------------------------------------+
; Parameter Settings for User Entity Instance: shift4r:inst8|LPM_SHIFTREG:four_bit_shift ;
+------------------------+------------+--------------------------------------------------+
; Parameter Name         ; Value      ; Type                                             ;
+------------------------+------------+--------------------------------------------------+
; LPM_WIDTH              ; 4          ; Signed Integer                                   ;
; LPM_DIRECTION          ; RIGHT      ; Untyped                                          ;
; LPM_AVALUE             ; UNUSED     ; Untyped                                          ;
; LPM_SVALUE             ; UNUSED     ; Untyped                                          ;
; DEVICE_FAMILY          ; Cyclone II ; Untyped                                          ;
; AUTO_CARRY_CHAINS      ; ON         ; AUTO_CARRY                                       ;
; IGNORE_CARRY_BUFFERS   ; OFF        ; IGNORE_CARRY                                     ;
; AUTO_CASCADE_CHAINS    ; ON         ; AUTO_CASCADE                                     ;
; IGNORE_CASCADE_BUFFERS ; OFF        ; IGNORE_CASCADE                                   ;
+------------------------+------------+--------------------------------------------------+
Note: In order to hide this table in the UI and the text report file, please set the "Show Parameter Settings Tables in Synthesis Report" option in "Analysis and Synthesis Settings -> More Settings" to "Off".


+-------------------------------------------------------------------------------------+
; Parameter Settings for User Entity Instance: latch4:inst14|LPM_LATCH:four_bit_latch ;
+----------------+--------+-----------------------------------------------------------+
; Parameter Name ; Value  ; Type                                                      ;
+----------------+--------+-----------------------------------------------------------+
; LPM_WIDTH      ; 4      ; Signed Integer                                            ;
; LPM_AVALUE     ; UNUSED ; Untyped                                                   ;
+----------------+--------+-----------------------------------------------------------+
Note: In order to hide this table in the UI and the text report file, please set the "Show Parameter Settings Tables in Synthesis Report" option in "Analysis and Synthesis Settings -> More Settings" to "Off".


+----------------------------------------------------------------------------------------+
; Parameter Settings for User Entity Instance: shift4r:inst9|LPM_SHIFTREG:four_bit_shift ;
+------------------------+------------+--------------------------------------------------+
; Parameter Name         ; Value      ; Type                                             ;
+------------------------+------------+--------------------------------------------------+
; LPM_WIDTH              ; 4          ; Signed Integer                                   ;
; LPM_DIRECTION          ; RIGHT      ; Untyped                                          ;
; LPM_AVALUE             ; UNUSED     ; Untyped                                          ;
; LPM_SVALUE             ; UNUSED     ; Untyped                                          ;
; DEVICE_FAMILY          ; Cyclone II ; Untyped                                          ;
; AUTO_CARRY_CHAINS      ; ON         ; AUTO_CARRY                                       ;
; IGNORE_CARRY_BUFFERS   ; OFF        ; IGNORE_CARRY                                     ;
; AUTO_CASCADE_CHAINS    ; ON         ; AUTO_CASCADE                                     ;
; IGNORE_CASCADE_BUFFERS ; OFF        ; IGNORE_CASCADE                                   ;
+------------------------+------------+--------------------------------------------------+
Note: In order to hide this table in the UI and the text report file, please set the "Show Parameter Settings Tables in Synthesis Report" option in "Analysis and Synthesis Settings -> More Settings" to "Off".


+-------------------------------------------------------------------------------------+
; Parameter Settings for User Entity Instance: latch4:inst15|LPM_LATCH:four_bit_latch ;
+----------------+--------+-----------------------------------------------------------+
; Parameter Name ; Value  ; Type                                                      ;
+----------------+--------+-----------------------------------------------------------+
; LPM_WIDTH      ; 4      ; Signed Integer                                            ;
; LPM_AVALUE     ; UNUSED ; Untyped                                                   ;
+----------------+--------+-----------------------------------------------------------+
Note: In order to hide this table in the UI and the text report file, please set the "Show Parameter Settings Tables in Synthesis Report" option in "Analysis and Synthesis Settings -> More Settings" to "Off".


+-----------------------------------------------------------------------------------------+
; Parameter Settings for User Entity Instance: shift4r:inst10|LPM_SHIFTREG:four_bit_shift ;
+------------------------+------------+---------------------------------------------------+
; Parameter Name         ; Value      ; Type                                              ;
+------------------------+------------+---------------------------------------------------+
; LPM_WIDTH              ; 4          ; Signed Integer                                    ;
; LPM_DIRECTION          ; RIGHT      ; Untyped                                           ;
; LPM_AVALUE             ; UNUSED     ; Untyped                                           ;
; LPM_SVALUE             ; UNUSED     ; Untyped                                           ;
; DEVICE_FAMILY          ; Cyclone II ; Untyped                                           ;
; AUTO_CARRY_CHAINS      ; ON         ; AUTO_CARRY                                        ;
; IGNORE_CARRY_BUFFERS   ; OFF        ; IGNORE_CARRY                                      ;
; AUTO_CASCADE_CHAINS    ; ON         ; AUTO_CASCADE                                      ;
; IGNORE_CASCADE_BUFFERS ; OFF        ; IGNORE_CASCADE                                    ;
+------------------------+------------+---------------------------------------------------+
Note: In order to hide this table in the UI and the text report file, please set the "Show Parameter Settings Tables in Synthesis Report" option in "Analysis and Synthesis Settings -> More Settings" to "Off".


+-------------------------------------------------------------------------+
; lpm_shiftreg Parameter Settings by Entity Instance                      ;
+----------------------------+--------------------------------------------+
; Name                       ; Value                                      ;
+----------------------------+--------------------------------------------+
; Number of entity instances ; 8                                          ;
; Entity Instance            ; shift4:inst6|LPM_SHIFTREG:four_bit_shift   ;
;     -- LPM_WIDTH           ; 4                                          ;
;     -- LPM_DIRECTION       ; RIGHT                                      ;
; Entity Instance            ; shift4:inst5|LPM_SHIFTREG:four_bit_shift   ;
;     -- LPM_WIDTH           ; 4                                          ;
;     -- LPM_DIRECTION       ; RIGHT                                      ;
; Entity Instance            ; shift4:inst2|LPM_SHIFTREG:four_bit_shift   ;
;     -- LPM_WIDTH           ; 4                                          ;
;     -- LPM_DIRECTION       ; RIGHT                                      ;
; Entity Instance            ; shift4:inst4|LPM_SHIFTREG:four_bit_shift   ;
;     -- LPM_WIDTH           ; 4                                          ;
;     -- LPM_DIRECTION       ; RIGHT                                      ;
; Entity Instance            ; shift4r:inst7|LPM_SHIFTREG:four_bit_shift  ;
;     -- LPM_WIDTH           ; 4                                          ;
;     -- LPM_DIRECTION       ; RIGHT                                      ;
; Entity Instance            ; shift4r:inst8|LPM_SHIFTREG:four_bit_shift  ;
;     -- LPM_WIDTH           ; 4                                          ;
;     -- LPM_DIRECTION       ; RIGHT                                      ;
; Entity Instance            ; shift4r:inst9|LPM_SHIFTREG:four_bit_shift  ;
;     -- LPM_WIDTH           ; 4                                          ;
;     -- LPM_DIRECTION       ; RIGHT                                      ;
; Entity Instance            ; shift4r:inst10|LPM_SHIFTREG:four_bit_shift ;
;     -- LPM_WIDTH           ; 4                                          ;
;     -- LPM_DIRECTION       ; RIGHT                                      ;
+----------------------------+--------------------------------------------+


+-------------------------------+
; Analysis & Synthesis Messages ;
+-------------------------------+
Info: *******************************************************************
Info: Running Quartus II Analysis & Synthesis
    Info: Version 9.0 Build 235 06/17/2009 Service Pack 2 SJ Web Edition
    Info: Processing started: Wed Oct 24 03:15:51 2018
Info: Command: quartus_map --read_settings_files=on --write_settings_files=off tdm -c tdm
Info: Found 1 design units, including 1 entities, in source file tdm.bdf
    Info: Found entity 1: tdm
Info: Elaborating entity "tdm" for the top level hierarchy
Warning: Block or symbol "shift4" of instance "inst5" overlaps another block or symbol
Warning: Using design file count4.vhd, which is not specified as a design file for the current project, but contains definitions for 2 design units and 1 entities in project
    Info: Found design unit 1: count4-count
    Info: Found entity 1: count4
Info: Elaborating entity "count4" for hierarchy "count4:inst3"
Info: Elaborating entity "LPM_COUNTER" for hierarchy "count4:inst3|LPM_COUNTER:clock_divider"
Info: Elaborated megafunction instantiation "count4:inst3|LPM_COUNTER:clock_divider"
Info: Instantiated megafunction "count4:inst3|LPM_COUNTER:clock_divider" with the following parameter:
    Info: Parameter "LPM_WIDTH" = "4"
    Info: Parameter "LPM_MODULUS" = "0"
    Info: Parameter "LPM_DIRECTION" = "UNUSED"
    Info: Parameter "LPM_AVALUE" = "UNUSED"
    Info: Parameter "LPM_SVALUE" = "UNUSED"
    Info: Parameter "LPM_PORT_UPDOWN" = "PORT_CONNECTIVITY"
    Info: Parameter "LPM_PVALUE" = "UNUSED"
    Info: Parameter "LPM_TYPE" = "LPM_COUNTER"
    Info: Parameter "LPM_HINT" = "UNUSED"
Info: Found 1 design units, including 1 entities, in source file db/cntr_k9i.tdf
    Info: Found entity 1: cntr_k9i
Info: Elaborating entity "cntr_k9i" for hierarchy "count4:inst3|LPM_COUNTER:clock_divider|cntr_k9i:auto_generated"
Warning: Using design file shift4.vhd, which is not specified as a design file for the current project, but contains definitions for 2 design units and 1 entities in project
    Info: Found design unit 1: shift4-shift
    Info: Found entity 1: shift4
Info: Elaborating entity "shift4" for hierarchy "shift4:inst6"
Info: Elaborating entity "LPM_SHIFTREG" for hierarchy "shift4:inst6|LPM_SHIFTREG:four_bit_shift"
Info: Elaborated megafunction instantiation "shift4:inst6|LPM_SHIFTREG:four_bit_shift"
Info: Instantiated megafunction "shift4:inst6|LPM_SHIFTREG:four_bit_shift" with the following parameter:
    Info: Parameter "LPM_WIDTH" = "4"
    Info: Parameter "LPM_AVALUE" = "UNUSED"
    Info: Parameter "LPM_SVALUE" = "UNUSED"
    Info: Parameter "LPM_PVALUE" = "UNUSED"
    Info: Parameter "LPM_DIRECTION" = "RIGHT"
    Info: Parameter "LPM_TYPE" = "LPM_SHIFTREG"
    Info: Parameter "LPM_HINT" = "UNUSED"
Warning: Using design file decode4l.vhd, which is not specified as a design file for the current project, but contains definitions for 2 design units and 1 entities in project
    Info: Found design unit 1: decode4l-a
    Info: Found entity 1: decode4l
Info: Elaborating entity "decode4l" for hierarchy "decode4l:inst"
Warning: Using design file mux_4ch.vhd, which is not specified as a design file for the current project, but contains definitions for 2 design units and 1 entities in project
    Info: Found design unit 1: mux_4ch-a
    Info: Found entity 1: mux_4ch
Info: Elaborating entity "mux_4ch" for hierarchy "mux_4ch:inst1"
Warning: Using design file latch4.vhd, which is not specified as a design file for the current project, but contains definitions for 2 design units and 1 entities in project
    Info: Found design unit 1: latch4-latch
    Info: Found entity 1: latch4
Info: Elaborating entity "latch4" for hierarchy "latch4:inst12"
Info: Elaborating entity "LPM_LATCH" for hierarchy "latch4:inst12|LPM_LATCH:four_bit_latch"
Info: Elaborated megafunction instantiation "latch4:inst12|LPM_LATCH:four_bit_latch"
Info: Instantiated megafunction "latch4:inst12|LPM_LATCH:four_bit_latch" with the following parameter:
    Info: Parameter "LPM_WIDTH" = "4"
    Info: Parameter "LPM_AVALUE" = "UNUSED"
    Info: Parameter "LPM_PVALUE" = "UNUSED"
    Info: Parameter "LPM_TYPE" = "LPM_LATCH"
    Info: Parameter "LPM_HINT" = "UNUSED"
Warning: Using design file decode4c.vhd, which is not specified as a design file for the current project, but contains definitions for 2 design units and 1 entities in project
    Info: Found design unit 1: decode4c-four_ch_decode
    Info: Found entity 1: decode4c
Info: Elaborating entity "decode4c" for hierarchy "decode4c:inst11"
Warning: Using design file shift4r.vhd, which is not specified as a design file for the current project, but contains definitions for 2 design units and 1 entities in project
    Info: Found design unit 1: shift4r-shift
    Info: Found entity 1: shift4r
Info: Elaborating entity "shift4r" for hierarchy "shift4r:inst7"
Info: Elaborating entity "LPM_SHIFTREG" for hierarchy "shift4r:inst7|LPM_SHIFTREG:four_bit_shift"
Info: Elaborated megafunction instantiation "shift4r:inst7|LPM_SHIFTREG:four_bit_shift"
Info: Instantiated megafunction "shift4r:inst7|LPM_SHIFTREG:four_bit_shift" with the following parameter:
    Info: Parameter "LPM_WIDTH" = "4"
    Info: Parameter "LPM_DIRECTION" = "RIGHT"
Info: Implemented 96 device resources after synthesis - the final resource count might be different
    Info: Implemented 18 input pins
    Info: Implemented 20 output pins
    Info: Implemented 58 logic cells
Info: Quartus II Analysis & Synthesis was successful. 0 errors, 8 warnings
    Info: Peak virtual memory: 224 megabytes
    Info: Processing ended: Wed Oct 24 03:16:00 2018
    Info: Elapsed time: 00:00:09
    Info: Total CPU time (on all processors): 00:00:02


