Analysis & Synthesis report for traffic_light_01
Wed Oct 24 11:11:27 2018
Quartus II Version 9.0 Build 235 06/17/2009 Service Pack 2 SJ Web Edition


---------------------
; Table of Contents ;
---------------------
  1. Legal Notice
  2. Analysis & Synthesis Summary
  3. Analysis & Synthesis Settings
  4. Analysis & Synthesis Source Files Read
  5. Analysis & Synthesis Resource Usage Summary
  6. Analysis & Synthesis Resource Utilization by Entity
  7. State Machine - |traffic_light_01|traffic:inst5|sequence
  8. Registers Removed During Synthesis
  9. General Register Statistics
 10. Inverted Register Statistics
 11. Parameter Settings for User Entity Instance: clock_divider:inst
 12. Parameter Settings for User Entity Instance: lpm_inv0:inst8|lpm_inv:lpm_inv_component
 13. Parameter Settings for User Entity Instance: lpm_inv0:inst7|lpm_inv:lpm_inv_component
 14. Parameter Settings for User Entity Instance: lpm_inv0:inst9|lpm_inv:lpm_inv_component
 15. Parameter Settings for User Entity Instance: lpm_inv0:inst10|lpm_inv:lpm_inv_component
 16. Parameter Settings for User Entity Instance: lpm_inv0:inst11|lpm_inv:lpm_inv_component
 17. Parameter Settings for User Entity Instance: lpm_inv0:inst12|lpm_inv:lpm_inv_component
 18. Analysis & Synthesis Messages



----------------
; Legal Notice ;
----------------
Copyright (C) 1991-2009 Altera Corporation
Your use of Altera Corporation's design tools, logic functions 
and other software and tools, and its AMPP partner logic 
functions, and any output files from any of the foregoing 
(including device programming or simulation files), and any 
associated documentation or information are expressly subject 
to the terms and conditions of the Altera Program License 
Subscription Agreement, Altera MegaCore Function License 
Agreement, or other applicable license agreement, including, 
without limitation, that your use is for the sole purpose of 
programming logic devices manufactured by Altera and sold by 
Altera or its authorized distributors.  Please refer to the 
applicable agreement for further details.



+-----------------------------------------------------------------------------------+
; Analysis & Synthesis Summary                                                      ;
+------------------------------------+----------------------------------------------+
; Analysis & Synthesis Status        ; Successful - Wed Oct 24 11:11:27 2018        ;
; Quartus II Version                 ; 9.0 Build 235 06/17/2009 SP 2 SJ Web Edition ;
; Revision Name                      ; traffic_light_01                             ;
; Top-level Entity Name              ; traffic_light_01                             ;
; Family                             ; Cyclone II                                   ;
; Total logic elements               ; 38                                           ;
;     Total combinational functions  ; 35                                           ;
;     Dedicated logic registers      ; 38                                           ;
; Total registers                    ; 38                                           ;
; Total pins                         ; 10                                           ;
; Total virtual pins                 ; 0                                            ;
; Total memory bits                  ; 0                                            ;
; Embedded Multiplier 9-bit elements ; 0                                            ;
; Total PLLs                         ; 0                                            ;
+------------------------------------+----------------------------------------------+


+--------------------------------------------------------------------------------------------------------+
; Analysis & Synthesis Settings                                                                          ;
+--------------------------------------------------------------+--------------------+--------------------+
; Option                                                       ; Setting            ; Default Value      ;
+--------------------------------------------------------------+--------------------+--------------------+
; Device                                                       ; EP2C35F672C6       ;                    ;
; Top-level entity name                                        ; traffic_light_01   ; traffic_light_01   ;
; Family name                                                  ; Cyclone II         ; Stratix II         ;
; Use Generated Physical Constraints File                      ; Off                ;                    ;
; Use smart compilation                                        ; Off                ; Off                ;
; Restructure Multiplexers                                     ; Auto               ; Auto               ;
; Create Debugging Nodes for IP Cores                          ; Off                ; Off                ;
; Preserve fewer node names                                    ; On                 ; On                 ;
; Disable OpenCore Plus hardware evaluation                    ; Off                ; Off                ;
; Verilog Version                                              ; Verilog_2001       ; Verilog_2001       ;
; VHDL Version                                                 ; VHDL93             ; VHDL93             ;
; State Machine Processing                                     ; Auto               ; Auto               ;
; Safe State Machine                                           ; Off                ; Off                ;
; Extract Verilog State Machines                               ; On                 ; On                 ;
; Extract VHDL State Machines                                  ; On                 ; On                 ;
; Ignore Verilog initial constructs                            ; Off                ; Off                ;
; Iteration limit for constant Verilog loops                   ; 5000               ; 5000               ;
; Iteration limit for non-constant Verilog loops               ; 250                ; 250                ;
; Add Pass-Through Logic to Inferred RAMs                      ; On                 ; On                 ;
; Parallel Synthesis                                           ; Off                ; Off                ;
; DSP Block Balancing                                          ; Auto               ; Auto               ;
; NOT Gate Push-Back                                           ; On                 ; On                 ;
; Power-Up Don't Care                                          ; On                 ; On                 ;
; Remove Redundant Logic Cells                                 ; Off                ; Off                ;
; Remove Duplicate Registers                                   ; On                 ; On                 ;
; Ignore CARRY Buffers                                         ; Off                ; Off                ;
; Ignore CASCADE Buffers                                       ; Off                ; Off                ;
; Ignore GLOBAL Buffers                                        ; Off                ; Off                ;
; Ignore ROW GLOBAL Buffers                                    ; Off                ; Off                ;
; Ignore LCELL Buffers                                         ; Off                ; Off                ;
; Ignore SOFT Buffers                                          ; On                 ; On                 ;
; Limit AHDL Integers to 32 Bits                               ; Off                ; Off                ;
; Optimization Technique                                       ; Balanced           ; Balanced           ;
; Carry Chain Length                                           ; 70                 ; 70                 ;
; Auto Carry Chains                                            ; On                 ; On                 ;
; Auto Open-Drain Pins                                         ; On                 ; On                 ;
; Perform WYSIWYG Primitive Resynthesis                        ; Off                ; Off                ;
; Auto ROM Replacement                                         ; On                 ; On                 ;
; Auto RAM Replacement                                         ; On                 ; On                 ;
; Auto Shift Register Replacement                              ; Auto               ; Auto               ;
; Auto Clock Enable Replacement                                ; On                 ; On                 ;
; Strict RAM Replacement                                       ; Off                ; Off                ;
; Allow Synchronous Control Signals                            ; On                 ; On                 ;
; Force Use of Synchronous Clear Signals                       ; Off                ; Off                ;
; Auto RAM to Logic Cell Conversion                            ; Off                ; Off                ;
; Auto Resource Sharing                                        ; Off                ; Off                ;
; Allow Any RAM Size For Recognition                           ; Off                ; Off                ;
; Allow Any ROM Size For Recognition                           ; Off                ; Off                ;
; Allow Any Shift Register Size For Recognition                ; Off                ; Off                ;
; Use LogicLock Constraints during Resource Balancing          ; On                 ; On                 ;
; Ignore translate_off and synthesis_off directives            ; Off                ; Off                ;
; Timing-Driven Synthesis                                      ; Off                ; Off                ;
; Show Parameter Settings Tables in Synthesis Report           ; On                 ; On                 ;
; Ignore Maximum Fan-Out Assignments                           ; Off                ; Off                ;
; Synchronization Register Chain Length                        ; 2                  ; 2                  ;
; PowerPlay Power Optimization                                 ; Normal compilation ; Normal compilation ;
; HDL message level                                            ; Level2             ; Level2             ;
; Suppress Register Optimization Related Messages              ; Off                ; Off                ;
; Number of Removed Registers Reported in Synthesis Report     ; 100                ; 100                ;
; Number of Inverted Registers Reported in Synthesis Report    ; 100                ; 100                ;
; Clock MUX Protection                                         ; On                 ; On                 ;
; Auto Gated Clock Conversion                                  ; Off                ; Off                ;
; Block Design Naming                                          ; Auto               ; Auto               ;
; SDC constraint protection                                    ; Off                ; Off                ;
; Synthesis Effort                                             ; Auto               ; Auto               ;
; Shift Register Replacement - Allow Asynchronous Clear Signal ; On                 ; On                 ;
; Analysis & Synthesis Message Level                           ; Medium             ; Medium             ;
+--------------------------------------------------------------+--------------------+--------------------+


+--------------------------------------------------------------------------------------------------------------------------------------------------------+
; Analysis & Synthesis Source Files Read                                                                                                                 ;
+----------------------------------+-----------------+------------------------------------+--------------------------------------------------------------+
; File Name with User-Entered Path ; Used in Netlist ; File Type                          ; File Name with Absolute Path                                 ;
+----------------------------------+-----------------+------------------------------------+--------------------------------------------------------------+
; clock_divider.vhd                ; yes             ; User VHDL File                     ; C:/Users/5E406/Desktop/traffic_light_01/clock_divider.vhd    ;
; traffic_light_01.bdf             ; yes             ; User Block Diagram/Schematic File  ; C:/Users/5E406/Desktop/traffic_light_01/traffic_light_01.bdf ;
; ct_mod5.vhd                      ; yes             ; User VHDL File                     ; C:/Users/5E406/Desktop/traffic_light_01/ct_mod5.vhd          ;
; traffic.vhd                      ; yes             ; User VHDL File                     ; C:/Users/5E406/Desktop/traffic_light_01/traffic.vhd          ;
; lpm_inv0.vhd                     ; yes             ; Auto-Found Wizard-Generated File   ; C:/Users/5E406/Desktop/traffic_light_01/lpm_inv0.vhd         ;
; lpm_inv.tdf                      ; yes             ; Megafunction                       ; c:/altera/90sp2/quartus/libraries/megafunctions/lpm_inv.tdf  ;
+----------------------------------+-----------------+------------------------------------+--------------------------------------------------------------+


+-----------------------------------------------------+
; Analysis & Synthesis Resource Usage Summary         ;
+---------------------------------------------+-------+
; Resource                                    ; Usage ;
+---------------------------------------------+-------+
; Estimated Total logic elements              ; 38    ;
;                                             ;       ;
; Total combinational functions               ; 35    ;
; Logic element usage by number of LUT inputs ;       ;
;     -- 4 input functions                    ; 2     ;
;     -- 3 input functions                    ; 5     ;
;     -- <=2 input functions                  ; 28    ;
;                                             ;       ;
; Logic elements by mode                      ;       ;
;     -- normal mode                          ; 12    ;
;     -- arithmetic mode                      ; 23    ;
;                                             ;       ;
; Total registers                             ; 38    ;
;     -- Dedicated logic registers            ; 38    ;
;     -- I/O registers                        ; 0     ;
;                                             ;       ;
; I/O pins                                    ; 10    ;
; Maximum fan-out node                        ; clock ;
; Maximum fan-out                             ; 25    ;
; Total fan-out                               ; 174   ;
; Average fan-out                             ; 2.10  ;
+---------------------------------------------+-------+


+--------------------------------------------------------------------------------------------------------------------------------------------------------------------------------------------------------------+
; Analysis & Synthesis Resource Utilization by Entity                                                                                                                                                          ;
+-----------------------------+-------------------+--------------+-------------+--------------+---------+-----------+------+--------------+-----------------------------------------------------+--------------+
; Compilation Hierarchy Node  ; LC Combinationals ; LC Registers ; Memory Bits ; DSP Elements ; DSP 9x9 ; DSP 18x18 ; Pins ; Virtual Pins ; Full Hierarchy Name                                 ; Library Name ;
+-----------------------------+-------------------+--------------+-------------+--------------+---------+-----------+------+--------------+-----------------------------------------------------+--------------+
; |traffic_light_01           ; 35 (0)            ; 38 (0)       ; 0           ; 0            ; 0       ; 0         ; 10   ; 0            ; |traffic_light_01                                   ; work         ;
;    |clock_divider:inst|     ; 25 (25)           ; 25 (25)      ; 0           ; 0            ; 0       ; 0         ; 0    ; 0            ; |traffic_light_01|clock_divider:inst                ; work         ;
;    |ct_mod5:inst1|          ; 2 (2)             ; 0 (0)        ; 0           ; 0            ; 0       ; 0         ; 0    ; 0            ; |traffic_light_01|ct_mod5:inst1                     ; work         ;
;    |traffic:inst5|          ; 8 (7)             ; 13 (10)      ; 0           ; 0            ; 0       ; 0         ; 0    ; 0            ; |traffic_light_01|traffic:inst5                     ; work         ;
;       |ct_mod5:light_timer| ; 1 (1)             ; 3 (3)        ; 0           ; 0            ; 0       ; 0         ; 0    ; 0            ; |traffic_light_01|traffic:inst5|ct_mod5:light_timer ; work         ;
+-----------------------------+-------------------+--------------+-------------+--------------+---------+-----------+------+--------------+-----------------------------------------------------+--------------+
Note: For table entries with two numbers listed, the numbers in parentheses indicate the number of resources of the given type used by the specific entity alone. The numbers listed outside of parentheses indicate the total resources of the given type used by the specific entity and all of its sub-entities in the hierarchy.


Encoding Type:  One-Hot
+---------------------------------------------------------------------+
; State Machine - |traffic_light_01|traffic:inst5|sequence            ;
+-------------+-------------+-------------+-------------+-------------+
; Name        ; sequence.s3 ; sequence.s2 ; sequence.s1 ; sequence.s0 ;
+-------------+-------------+-------------+-------------+-------------+
; sequence.s0 ; 0           ; 0           ; 0           ; 0           ;
; sequence.s1 ; 0           ; 0           ; 1           ; 1           ;
; sequence.s2 ; 0           ; 1           ; 0           ; 1           ;
; sequence.s3 ; 1           ; 0           ; 0           ; 1           ;
+-------------+-------------+-------------+-------------+-------------+


+------------------------------------------------------------------------------------------------+
; Registers Removed During Synthesis                                                             ;
+---------------------------------------+--------------------------------------------------------+
; Register name                         ; Reason for Removal                                     ;
+---------------------------------------+--------------------------------------------------------+
; ct_mod5:inst1|count[0]                ; Merged with traffic:inst5|ct_mod5:light_timer|count[0] ;
; ct_mod5:inst1|count[2]                ; Merged with traffic:inst5|ct_mod5:light_timer|count[2] ;
; ct_mod5:inst1|count[1]                ; Merged with traffic:inst5|ct_mod5:light_timer|count[1] ;
; Total Number of Removed Registers = 3 ;                                                        ;
+---------------------------------------+--------------------------------------------------------+


+------------------------------------------------------+
; General Register Statistics                          ;
+----------------------------------------------+-------+
; Statistic                                    ; Value ;
+----------------------------------------------+-------+
; Total registers                              ; 38    ;
; Number of registers using Synchronous Clear  ; 0     ;
; Number of registers using Synchronous Load   ; 0     ;
; Number of registers using Asynchronous Clear ; 13    ;
; Number of registers using Asynchronous Load  ; 0     ;
; Number of registers using Clock Enable       ; 0     ;
; Number of registers using Preset             ; 0     ;
+----------------------------------------------+-------+


+--------------------------------------------------+
; Inverted Register Statistics                     ;
+----------------------------------------+---------+
; Inverted Register                      ; Fan out ;
+----------------------------------------+---------+
; traffic:inst5|lights[4]                ; 1       ;
; traffic:inst5|lights[3]                ; 1       ;
; traffic:inst5|lights[2]                ; 1       ;
; traffic:inst5|lights[1]                ; 1       ;
; Total number of inverted registers = 4 ;         ;
+----------------------------------------+---------+


+-----------------------------------------------------------------+
; Parameter Settings for User Entity Instance: clock_divider:inst ;
+----------------+-------+----------------------------------------+
; Parameter Name ; Value ; Type                                   ;
+----------------+-------+----------------------------------------+
; width          ; 25    ; Signed Integer                         ;
+----------------+-------+----------------------------------------+
Note: In order to hide this table in the UI and the text report file, please set the "Show Parameter Settings Tables in Synthesis Report" option in "Analysis and Synthesis Settings -> More Settings" to "Off".


+---------------------------------------------------------------------------------------+
; Parameter Settings for User Entity Instance: lpm_inv0:inst8|lpm_inv:lpm_inv_component ;
+----------------+-------+--------------------------------------------------------------+
; Parameter Name ; Value ; Type                                                         ;
+----------------+-------+--------------------------------------------------------------+
; LPM_WIDTH      ; 1     ; Signed Integer                                               ;
+----------------+-------+--------------------------------------------------------------+
Note: In order to hide this table in the UI and the text report file, please set the "Show Parameter Settings Tables in Synthesis Report" option in "Analysis and Synthesis Settings -> More Settings" to "Off".


+---------------------------------------------------------------------------------------+
; Parameter Settings for User Entity Instance: lpm_inv0:inst7|lpm_inv:lpm_inv_component ;
+----------------+-------+--------------------------------------------------------------+
; Parameter Name ; Value ; Type                                                         ;
+----------------+-------+--------------------------------------------------------------+
; LPM_WIDTH      ; 1     ; Signed Integer                                               ;
+----------------+-------+--------------------------------------------------------------+
Note: In order to hide this table in the UI and the text report file, please set the "Show Parameter Settings Tables in Synthesis Report" option in "Analysis and Synthesis Settings -> More Settings" to "Off".


+---------------------------------------------------------------------------------------+
; Parameter Settings for User Entity Instance: lpm_inv0:inst9|lpm_inv:lpm_inv_component ;
+----------------+-------+--------------------------------------------------------------+
; Parameter Name ; Value ; Type                                                         ;
+----------------+-------+--------------------------------------------------------------+
; LPM_WIDTH      ; 1     ; Signed Integer                                               ;
+----------------+-------+--------------------------------------------------------------+
Note: In order to hide this table in the UI and the text report file, please set the "Show Parameter Settings Tables in Synthesis Report" option in "Analysis and Synthesis Settings -> More Settings" to "Off".


+----------------------------------------------------------------------------------------+
; Parameter Settings for User Entity Instance: lpm_inv0:inst10|lpm_inv:lpm_inv_component ;
+----------------+-------+---------------------------------------------------------------+
; Parameter Name ; Value ; Type                                                          ;
+----------------+-------+---------------------------------------------------------------+
; LPM_WIDTH      ; 1     ; Signed Integer                                                ;
+----------------+-------+---------------------------------------------------------------+
Note: In order to hide this table in the UI and the text report file, please set the "Show Parameter Settings Tables in Synthesis Report" option in "Analysis and Synthesis Settings -> More Settings" to "Off".


+----------------------------------------------------------------------------------------+
; Parameter Settings for User Entity Instance: lpm_inv0:inst11|lpm_inv:lpm_inv_component ;
+----------------+-------+---------------------------------------------------------------+
; Parameter Name ; Value ; Type                                                          ;
+----------------+-------+---------------------------------------------------------------+
; LPM_WIDTH      ; 1     ; Signed Integer                                                ;
+----------------+-------+---------------------------------------------------------------+
Note: In order to hide this table in the UI and the text report file, please set the "Show Parameter Settings Tables in Synthesis Report" option in "Analysis and Synthesis Settings -> More Settings" to "Off".


+----------------------------------------------------------------------------------------+
; Parameter Settings for User Entity Instance: lpm_inv0:inst12|lpm_inv:lpm_inv_component ;
+----------------+-------+---------------------------------------------------------------+
; Parameter Name ; Value ; Type                                                          ;
+----------------+-------+---------------------------------------------------------------+
; LPM_WIDTH      ; 1     ; Signed Integer                                                ;
+----------------+-------+---------------------------------------------------------------+
Note: In order to hide this table in the UI and the text report file, please set the "Show Parameter Settings Tables in Synthesis Report" option in "Analysis and Synthesis Settings -> More Settings" to "Off".


+-------------------------------+
; Analysis & Synthesis Messages ;
+-------------------------------+
Info: *******************************************************************
Info: Running Quartus II Analysis & Synthesis
    Info: Version 9.0 Build 235 06/17/2009 Service Pack 2 SJ Web Edition
    Info: Processing started: Wed Oct 24 11:11:24 2018
Info: Command: quartus_map --read_settings_files=on --write_settings_files=off traffic_light_01 -c traffic_light_01
Info: Found 2 design units, including 1 entities, in source file clock_divider.vhd
    Info: Found design unit 1: clock_divider-divider
    Info: Found entity 1: clock_divider
Info: Found 1 design units, including 1 entities, in source file traffic_light_01.bdf
    Info: Found entity 1: traffic_light_01
Info: Found 2 design units, including 1 entities, in source file ct_mod5.vhd
    Info: Found design unit 1: ct_mod5-a
    Info: Found entity 1: ct_mod5
Info: Found 2 design units, including 1 entities, in source file traffic.vhd
    Info: Found design unit 1: traffic-a
    Info: Found entity 1: traffic
Info: Found 2 design units, including 1 entities, in source file traf_vis.vhd
    Info: Found design unit 1: traf_vis-a
    Info: Found entity 1: traf_vis
Info: Elaborating entity "traffic_light_01" for the top level hierarchy
Info: Elaborating entity "clock_divider" for hierarchy "clock_divider:inst"
Warning (10492): VHDL Process Statement warning at clock_divider.vhd(24): signal "count" is read inside the Process Statement but isn't in the Process Statement's sensitivity list
Info: Elaborating entity "ct_mod5" for hierarchy "ct_mod5:inst1"
Warning: Using design file lpm_inv0.vhd, which is not specified as a design file for the current project, but contains definitions for 2 design units and 1 entities in project
    Info: Found design unit 1: lpm_inv0-SYN
    Info: Found entity 1: lpm_inv0
Info: Elaborating entity "lpm_inv0" for hierarchy "lpm_inv0:inst8"
Info: Elaborating entity "lpm_inv" for hierarchy "lpm_inv0:inst8|lpm_inv:lpm_inv_component"
Info: Elaborated megafunction instantiation "lpm_inv0:inst8|lpm_inv:lpm_inv_component"
Info: Instantiated megafunction "lpm_inv0:inst8|lpm_inv:lpm_inv_component" with the following parameter:
    Info: Parameter "lpm_type" = "LPM_INV"
    Info: Parameter "lpm_width" = "1"
Info: Elaborating entity "traffic" for hierarchy "traffic:inst5"
Warning (10492): VHDL Process Statement warning at traffic.vhd(27): signal "reset" is read inside the Process Statement but isn't in the Process Statement's sensitivity list
Warning (10492): VHDL Process Statement warning at traffic.vhd(54): signal "lights" is read inside the Process Statement but isn't in the Process Statement's sensitivity list
Warning (10492): VHDL Process Statement warning at traffic.vhd(55): signal "lights" is read inside the Process Statement but isn't in the Process Statement's sensitivity list
Warning (10492): VHDL Process Statement warning at traffic.vhd(56): signal "lights" is read inside the Process Statement but isn't in the Process Statement's sensitivity list
Warning (10492): VHDL Process Statement warning at traffic.vhd(57): signal "lights" is read inside the Process Statement but isn't in the Process Statement's sensitivity list
Warning (10492): VHDL Process Statement warning at traffic.vhd(58): signal "lights" is read inside the Process Statement but isn't in the Process Statement's sensitivity list
Warning (10492): VHDL Process Statement warning at traffic.vhd(59): signal "lights" is read inside the Process Statement but isn't in the Process Statement's sensitivity list
Info: Registers with preset signals will power-up high
Info: DEV_CLRn pin will set, and not reset, register with preset signal due to NOT Gate Push-Back
Info: Implemented 51 device resources after synthesis - the final resource count might be different
    Info: Implemented 2 input pins
    Info: Implemented 8 output pins
    Info: Implemented 41 logic cells
Info: Quartus II Analysis & Synthesis was successful. 0 errors, 9 warnings
    Info: Peak virtual memory: 216 megabytes
    Info: Processing ended: Wed Oct 24 11:11:27 2018
    Info: Elapsed time: 00:00:03
    Info: Total CPU time (on all processors): 00:00:01


