Analysis & Synthesis report for my_traffic_light
Wed Oct 10 09:19:04 2018
Quartus II Version 9.0 Build 235 06/17/2009 Service Pack 2 SJ Web Edition


---------------------
; Table of Contents ;
---------------------
  1. Legal Notice
  2. Analysis & Synthesis Summary
  3. Analysis & Synthesis Settings
  4. Analysis & Synthesis Source Files Read
  5. Analysis & Synthesis Resource Usage Summary
  6. Analysis & Synthesis Resource Utilization by Entity
  7. General Register Statistics
  8. Port Connectivity Checks: "clkdiv:U1"
  9. Analysis & Synthesis Messages



----------------
; Legal Notice ;
----------------
Copyright (C) 1991-2009 Altera Corporation
Your use of Altera Corporation's design tools, logic functions 
and other software and tools, and its AMPP partner logic 
functions, and any output files from any of the foregoing 
(including device programming or simulation files), and any 
associated documentation or information are expressly subject 
to the terms and conditions of the Altera Program License 
Subscription Agreement, Altera MegaCore Function License 
Agreement, or other applicable license agreement, including, 
without limitation, that your use is for the sole purpose of 
programming logic devices manufactured by Altera and sold by 
Altera or its authorized distributors.  Please refer to the 
applicable agreement for further details.



+-----------------------------------------------------------------------------------+
; Analysis & Synthesis Summary                                                      ;
+------------------------------------+----------------------------------------------+
; Analysis & Synthesis Status        ; Successful - Wed Oct 10 09:19:04 2018        ;
; Quartus II Version                 ; 9.0 Build 235 06/17/2009 SP 2 SJ Web Edition ;
; Revision Name                      ; my_traffic_light                             ;
; Top-level Entity Name              ; my_traffic_light                             ;
; Family                             ; Cyclone II                                   ;
; Total logic elements               ; 0                                            ;
;     Total combinational functions  ; 0                                            ;
;     Dedicated logic registers      ; 0                                            ;
; Total registers                    ; 0                                            ;
; Total pins                         ; 21                                           ;
; Total virtual pins                 ; 0                                            ;
; Total memory bits                  ; 0                                            ;
; Embedded Multiplier 9-bit elements ; 0                                            ;
; Total PLLs                         ; 0                                            ;
+------------------------------------+----------------------------------------------+


+--------------------------------------------------------------------------------------------------------+
; Analysis & Synthesis Settings                                                                          ;
+--------------------------------------------------------------+--------------------+--------------------+
; Option                                                       ; Setting            ; Default Value      ;
+--------------------------------------------------------------+--------------------+--------------------+
; Device                                                       ; EP2C35F672C6       ;                    ;
; Top-level entity name                                        ; my_traffic_light   ; my_traffic_light   ;
; Family name                                                  ; Cyclone II         ; Stratix II         ;
; Use Generated Physical Constraints File                      ; Off                ;                    ;
; Use smart compilation                                        ; Off                ; Off                ;
; Restructure Multiplexers                                     ; Auto               ; Auto               ;
; Create Debugging Nodes for IP Cores                          ; Off                ; Off                ;
; Preserve fewer node names                                    ; On                 ; On                 ;
; Disable OpenCore Plus hardware evaluation                    ; Off                ; Off                ;
; Verilog Version                                              ; Verilog_2001       ; Verilog_2001       ;
; VHDL Version                                                 ; VHDL93             ; VHDL93             ;
; State Machine Processing                                     ; Auto               ; Auto               ;
; Safe State Machine                                           ; Off                ; Off                ;
; Extract Verilog State Machines                               ; On                 ; On                 ;
; Extract VHDL State Machines                                  ; On                 ; On                 ;
; Ignore Verilog initial constructs                            ; Off                ; Off                ;
; Iteration limit for constant Verilog loops                   ; 5000               ; 5000               ;
; Iteration limit for non-constant Verilog loops               ; 250                ; 250                ;
; Add Pass-Through Logic to Inferred RAMs                      ; On                 ; On                 ;
; Parallel Synthesis                                           ; Off                ; Off                ;
; DSP Block Balancing                                          ; Auto               ; Auto               ;
; NOT Gate Push-Back                                           ; On                 ; On                 ;
; Power-Up Don't Care                                          ; On                 ; On                 ;
; Remove Redundant Logic Cells                                 ; Off                ; Off                ;
; Remove Duplicate Registers                                   ; On                 ; On                 ;
; Ignore CARRY Buffers                                         ; Off                ; Off                ;
; Ignore CASCADE Buffers                                       ; Off                ; Off                ;
; Ignore GLOBAL Buffers                                        ; Off                ; Off                ;
; Ignore ROW GLOBAL Buffers                                    ; Off                ; Off                ;
; Ignore LCELL Buffers                                         ; Off                ; Off                ;
; Ignore SOFT Buffers                                          ; On                 ; On                 ;
; Limit AHDL Integers to 32 Bits                               ; Off                ; Off                ;
; Optimization Technique                                       ; Balanced           ; Balanced           ;
; Carry Chain Length                                           ; 70                 ; 70                 ;
; Auto Carry Chains                                            ; On                 ; On                 ;
; Auto Open-Drain Pins                                         ; On                 ; On                 ;
; Perform WYSIWYG Primitive Resynthesis                        ; Off                ; Off                ;
; Auto ROM Replacement                                         ; On                 ; On                 ;
; Auto RAM Replacement                                         ; On                 ; On                 ;
; Auto Shift Register Replacement                              ; Auto               ; Auto               ;
; Auto Clock Enable Replacement                                ; On                 ; On                 ;
; Strict RAM Replacement                                       ; Off                ; Off                ;
; Allow Synchronous Control Signals                            ; On                 ; On                 ;
; Force Use of Synchronous Clear Signals                       ; Off                ; Off                ;
; Auto RAM to Logic Cell Conversion                            ; Off                ; Off                ;
; Auto Resource Sharing                                        ; Off                ; Off                ;
; Allow Any RAM Size For Recognition                           ; Off                ; Off                ;
; Allow Any ROM Size For Recognition                           ; Off                ; Off                ;
; Allow Any Shift Register Size For Recognition                ; Off                ; Off                ;
; Use LogicLock Constraints during Resource Balancing          ; On                 ; On                 ;
; Ignore translate_off and synthesis_off directives            ; Off                ; Off                ;
; Timing-Driven Synthesis                                      ; Off                ; Off                ;
; Show Parameter Settings Tables in Synthesis Report           ; On                 ; On                 ;
; Ignore Maximum Fan-Out Assignments                           ; Off                ; Off                ;
; Synchronization Register Chain Length                        ; 2                  ; 2                  ;
; PowerPlay Power Optimization                                 ; Normal compilation ; Normal compilation ;
; HDL message level                                            ; Level2             ; Level2             ;
; Suppress Register Optimization Related Messages              ; Off                ; Off                ;
; Number of Removed Registers Reported in Synthesis Report     ; 100                ; 100                ;
; Number of Inverted Registers Reported in Synthesis Report    ; 100                ; 100                ;
; Clock MUX Protection                                         ; On                 ; On                 ;
; Auto Gated Clock Conversion                                  ; Off                ; Off                ;
; Block Design Naming                                          ; Auto               ; Auto               ;
; SDC constraint protection                                    ; Off                ; Off                ;
; Synthesis Effort                                             ; Auto               ; Auto               ;
; Shift Register Replacement - Allow Asynchronous Clear Signal ; On                 ; On                 ;
; Analysis & Synthesis Message Level                           ; Medium             ; Medium             ;
+--------------------------------------------------------------+--------------------+--------------------+


+---------------------------------------------------------------------------------------------------------------------------------------------------+
; Analysis & Synthesis Source Files Read                                                                                                            ;
+----------------------------------+-----------------+-----------------+----------------------------------------------------------------------------+
; File Name with User-Entered Path ; Used in Netlist ; File Type       ; File Name with Absolute Path                                               ;
+----------------------------------+-----------------+-----------------+----------------------------------------------------------------------------+
; my_traffic_light.vhd             ; yes             ; User VHDL File  ; C:/Users/owner/Desktop/de2_lab/core/lab_traffic_light/my_traffic_light.vhd ;
; clkdiv.vhd                       ; yes             ; User VHDL File  ; C:/Users/owner/Desktop/de2_lab/core/lab_traffic_light/clkdiv.vhd           ;
+----------------------------------+-----------------+-----------------+----------------------------------------------------------------------------+


+-----------------------------------------------------+
; Analysis & Synthesis Resource Usage Summary         ;
+---------------------------------------------+-------+
; Resource                                    ; Usage ;
+---------------------------------------------+-------+
;                                             ;       ;
; Total combinational functions               ; 0     ;
; Logic element usage by number of LUT inputs ;       ;
;     -- 4 input functions                    ; 0     ;
;     -- 3 input functions                    ; 0     ;
;     -- <=2 input functions                  ; 0     ;
;                                             ;       ;
; Logic elements by mode                      ;       ;
;     -- normal mode                          ; 0     ;
;     -- arithmetic mode                      ; 0     ;
;                                             ;       ;
; Total registers                             ; 0     ;
;     -- Dedicated logic registers            ; 0     ;
;     -- I/O registers                        ; 0     ;
;                                             ;       ;
; I/O pins                                    ; 21    ;
+---------------------------------------------+-------+


+-----------------------------------------------------------------------------------------------------------------------------------------------------------------------------+
; Analysis & Synthesis Resource Utilization by Entity                                                                                                                         ;
+----------------------------+-------------------+--------------+-------------+--------------+---------+-----------+------+--------------+---------------------+--------------+
; Compilation Hierarchy Node ; LC Combinationals ; LC Registers ; Memory Bits ; DSP Elements ; DSP 9x9 ; DSP 18x18 ; Pins ; Virtual Pins ; Full Hierarchy Name ; Library Name ;
+----------------------------+-------------------+--------------+-------------+--------------+---------+-----------+------+--------------+---------------------+--------------+
; |my_traffic_light          ; 0 (0)             ; 0 (0)        ; 0           ; 0            ; 0       ; 0         ; 21   ; 0            ; |my_traffic_light   ; work         ;
+----------------------------+-------------------+--------------+-------------+--------------+---------+-----------+------+--------------+---------------------+--------------+
Note: For table entries with two numbers listed, the numbers in parentheses indicate the number of resources of the given type used by the specific entity alone. The numbers listed outside of parentheses indicate the total resources of the given type used by the specific entity and all of its sub-entities in the hierarchy.


+------------------------------------------------------+
; General Register Statistics                          ;
+----------------------------------------------+-------+
; Statistic                                    ; Value ;
+----------------------------------------------+-------+
; Total registers                              ; 0     ;
; Number of registers using Synchronous Clear  ; 0     ;
; Number of registers using Synchronous Load   ; 0     ;
; Number of registers using Asynchronous Clear ; 0     ;
; Number of registers using Asynchronous Load  ; 0     ;
; Number of registers using Clock Enable       ; 0     ;
; Number of registers using Preset             ; 0     ;
+----------------------------------------------+-------+


+------------------------------------------------------------------------------------------------------------------+
; Port Connectivity Checks: "clkdiv:U1"                                                                            ;
+--------+--------+----------+-------------------------------------------------------------------------------------+
; Port   ; Type   ; Severity ; Details                                                                             ;
+--------+--------+----------+-------------------------------------------------------------------------------------+
; clk190 ; Output ; Info     ; Connected to dangling logic. Logic that only feeds a dangling port will be removed. ;
; clk3   ; Output ; Info     ; Connected to dangling logic. Logic that only feeds a dangling port will be removed. ;
+--------+--------+----------+-------------------------------------------------------------------------------------+


+-------------------------------+
; Analysis & Synthesis Messages ;
+-------------------------------+
Info: *******************************************************************
Info: Running Quartus II Analysis & Synthesis
    Info: Version 9.0 Build 235 06/17/2009 Service Pack 2 SJ Web Edition
    Info: Processing started: Wed Oct 10 09:18:54 2018
Info: Command: quartus_map --read_settings_files=on --write_settings_files=off my_traffic_light -c my_traffic_light
Info: Found 2 design units, including 1 entities, in source file frequency_divider.vhd
    Info: Found design unit 1: frequency_divider-arc
    Info: Found entity 1: frequency_divider
Info: Found 2 design units, including 1 entities, in source file jkflipflop.vhd
    Info: Found design unit 1: jkflipflop-sample
    Info: Found entity 1: jkflipflop
Info: Found 2 design units, including 1 entities, in source file lightsequence.vhd
    Info: Found design unit 1: lightsequence-sample
    Info: Found entity 1: lightsequence
Info: Found 2 design units, including 1 entities, in source file timer.vhd
    Info: Found design unit 1: timer-sample
    Info: Found entity 1: timer
Info: Found 2 design units, including 1 entities, in source file tracfficlight.vhd
    Info: Found design unit 1: tracfficlight-behavior
    Info: Found entity 1: tracfficlight
Info: Found 2 design units, including 1 entities, in source file my_traffic_light.vhd
    Info: Found design unit 1: my_traffic_light-behavior
    Info: Found entity 1: my_traffic_light
Info: Found 2 design units, including 1 entities, in source file clkdiv.vhd
    Info: Found design unit 1: clkdiv-clkdiv
    Info: Found entity 1: clkdiv
Info: Elaborating entity "my_traffic_light" for the top level hierarchy
Warning (10541): VHDL Signal Declaration warning at my_traffic_light.vhd(9): used implicit default value for signal "ld" because signal was never assigned a value or an explicit default value. Use of implicit default value may introduce unintended design optimizations.
Warning (10036): Verilog HDL or VHDL warning at my_traffic_light.vhd(16): object "long" assigned a value but never read
Warning (10036): Verilog HDL or VHDL warning at my_traffic_light.vhd(16): object "short" assigned a value but never read
Warning (10036): Verilog HDL or VHDL warning at my_traffic_light.vhd(17): object "Setcount" assigned a value but never read
Warning (10541): VHDL Signal Declaration warning at my_traffic_light.vhd(18): used implicit default value for signal "S" because signal was never assigned a value or an explicit default value. Use of implicit default value may introduce unintended design optimizations.
Warning (10036): Verilog HDL or VHDL warning at my_traffic_light.vhd(19): object "clk3" assigned a value but never read
Info: Elaborating entity "clkdiv" for hierarchy "clkdiv:U1"
Warning: Output pins are stuck at VCC or GND
    Warning (13410): Pin "led[0]" is stuck at VCC
    Warning (13410): Pin "led[1]" is stuck at GND
    Warning (13410): Pin "led[2]" is stuck at GND
    Warning (13410): Pin "led_side[0]" is stuck at GND
    Warning (13410): Pin "led_side[1]" is stuck at GND
    Warning (13410): Pin "led_side[2]" is stuck at VCC
    Warning (13410): Pin "ld[2]" is stuck at GND
    Warning (13410): Pin "ld[3]" is stuck at GND
    Warning (13410): Pin "ld[4]" is stuck at GND
    Warning (13410): Pin "ld[5]" is stuck at GND
    Warning (13410): Pin "ld[6]" is stuck at GND
    Warning (13410): Pin "ld[7]" is stuck at GND
    Warning (13410): Pin "main[0]" is stuck at VCC
    Warning (13410): Pin "main[1]" is stuck at GND
    Warning (13410): Pin "main[2]" is stuck at GND
    Warning (13410): Pin "side[0]" is stuck at GND
    Warning (13410): Pin "side[1]" is stuck at GND
    Warning (13410): Pin "side[2]" is stuck at VCC
Warning: Design contains 3 input pin(s) that do not drive logic
    Warning (15610): No output dependent on input pin "clk"
    Warning (15610): No output dependent on input pin "vehicle"
    Warning (15610): No output dependent on input pin "btn[3]"
Info: Implemented 21 device resources after synthesis - the final resource count might be different
    Info: Implemented 3 input pins
    Info: Implemented 18 output pins
Info: Quartus II Analysis & Synthesis was successful. 0 errors, 29 warnings
    Info: Peak virtual memory: 219 megabytes
    Info: Processing ended: Wed Oct 10 09:19:04 2018
    Info: Elapsed time: 00:00:10
    Info: Total CPU time (on all processors): 00:00:01


