Flow report for traffic_walk
Fri Jul 16 15:56:29 2004
Version 4.0 Build 190 1/28/2004 SJ Full Version


---------------------
; Table of Contents ;
---------------------
  1. Legal Notice
  2. Flow Summary
  3. Flow Settings
  4. Flow Elapsed Time
  5. Flow Log



----------------
; Legal Notice ;
----------------
Copyright (C) 1991-2004 Altera Corporation
Any  megafunction  design,  and related netlist (encrypted  or  decrypted),
support information,  device programming or simulation file,  and any other
associated  documentation or information  provided by  Altera  or a partner
under  Altera's   Megafunction   Partnership   Program  may  be  used  only
to program  PLD  devices (but not masked  PLD  devices) from  Altera.   Any
other  use  of such  megafunction  design,  netlist,  support  information,
device programming or simulation file,  or any other  related documentation
or information  is prohibited  for  any  other purpose,  including, but not
limited to  modification,  reverse engineering,  de-compiling, or use  with
any other  silicon devices,  unless such use is  explicitly  licensed under
a separate agreement with  Altera  or a megafunction partner.  Title to the
intellectual property,  including patents,  copyrights,  trademarks,  trade
secrets,  or maskworks,  embodied in any such megafunction design, netlist,
support  information,  device programming or simulation file,  or any other
related documentation or information provided by  Altera  or a megafunction
partner, remains with Altera, the megafunction partner, or their respective
licensors. No other licenses, including any licenses needed under any third
party's intellectual property, are provided herein.



+---------------------------------------------------------------+
; Flow Summary                                                  ;
+-----------------------+---------------------------------------+
; Flow Status           ; Successful - Fri Jul 16 15:56:26 2004 ;
; Revision Name         ; traffic_walk                          ;
; Top-level Entity Name ; traffic_walk                          ;
; Family                ; MAX7000S                              ;
; Device                ; EPM7128SLC84-7                        ;
; Total macrocells      ; 16 / 128 ( 12 % )                     ;
; Total pins            ; 18 / 68 ( 26 % )                      ;
+-----------------------+---------------------------------------+


+-----------------------------------------+
; Flow Settings                           ;
+------------------------------------------
; Option            ; Setting             ;
+-------------------+---------------------+
; Start date & time ; 07/16/2004 15:56:15 ;
; Main task         ; Compilation         ;
; Revision Name     ; traffic_walk        ;
+-------------------+---------------------+


+-------------------------------------+
; Flow Elapsed Time                   ;
+--------------------------------------
; Module Name          ; Elapsed Time ;
+----------------------+--------------+
; Analysis & Synthesis ; 00:00:04     ;
; Fitter               ; 00:00:01     ;
; Assembler            ; 00:00:01     ;
; Timing Analyzer      ; 00:00:00     ;
; Total                ; 00:00:06     ;
+----------------------+--------------+


------------
; Flow Log ;
------------
quartus_map --import_settings_files=on --export_settings_files=off traffic_walk -c traffic_walk
quartus_fit --import_settings_files=off --export_settings_files=off traffic_walk -c traffic_walk
quartus_asm --import_settings_files=off --export_settings_files=off traffic_walk -c traffic_walk
quartus_tan --import_settings_files=off --export_settings_files=off traffic_walk -c traffic_walk



