Flow report for puzzle
Fri Dec 07 12:21:54 2018
Quartus II Version 9.0 Build 235 06/17/2009 Service Pack 2 SJ Web Edition


---------------------
; Table of Contents ;
---------------------
  1. Legal Notice
  2. Flow Summary
  3. Flow Settings
  4. Flow Non-Default Global Settings
  5. Flow Elapsed Time
  6. Flow OS Summary
  7. Flow Log



----------------
; Legal Notice ;
----------------
Copyright (C) 1991-2009 Altera Corporation
Your use of Altera Corporation's design tools, logic functions 
and other software and tools, and its AMPP partner logic 
functions, and any output files from any of the foregoing 
(including device programming or simulation files), and any 
associated documentation or information are expressly subject 
to the terms and conditions of the Altera Program License 
Subscription Agreement, Altera MegaCore Function License 
Agreement, or other applicable license agreement, including, 
without limitation, that your use is for the sole purpose of 
programming logic devices manufactured by Altera and sold by 
Altera or its authorized distributors.  Please refer to the 
applicable agreement for further details.



+------------------------------------------------------------------------+
; Flow Summary                                                           ;
+-------------------------+----------------------------------------------+
; Flow Status             ; Successful - Fri Dec 07 12:21:54 2018        ;
; Quartus II Version      ; 9.0 Build 235 06/17/2009 SP 2 SJ Web Edition ;
; Revision Name           ; puzzle                                       ;
; Top-level Entity Name   ; puzzle                                       ;
; Family                  ; ACEX1K                                       ;
; Device                  ; EP1K100QC208-3                               ;
; Timing Models           ; Final                                        ;
; Met timing requirements ; Yes                                          ;
; Total logic elements    ; 686 / 4,992 ( 14 % )                         ;
; Total pins              ; 46 / 147 ( 31 % )                            ;
; Total memory bits       ; 0 / 49,152 ( 0 % )                           ;
; Total PLLs              ; 0                                            ;
+-------------------------+----------------------------------------------+


+-----------------------------------------+
; Flow Settings                           ;
+-------------------+---------------------+
; Option            ; Setting             ;
+-------------------+---------------------+
; Start date & time ; 12/07/2018 12:21:26 ;
; Main task         ; Compilation         ;
; Revision Name     ; puzzle              ;
+-------------------+---------------------+


+------------------------------------------------------------------------------------------------------------------------------------------------------------------+
; Flow Non-Default Global Settings                                                                                                                                 ;
+------------------------------------+------------------------------------------------------------------------------+---------------+-------------+----------------+
; Assignment Name                    ; Value                                                                        ; Default Value ; Entity Name ; Section Id     ;
+------------------------------------+------------------------------------------------------------------------------+---------------+-------------+----------------+
; COMPILER_SIGNATURE_ID              ; 255160554389379.154415288600796                                              ; --            ; --          ; --             ;
; MAX_CORE_JUNCTION_TEMP             ; 85                                                                           ; --            ; --          ; --             ;
; MIN_CORE_JUNCTION_TEMP             ; 0                                                                            ; --            ; --          ; --             ;
; MISC_FILE                          ; C:/Users/5E405-01/Desktop/digital design/2018_12_07/02_puzzle_fix/puzzle.dpf ; --            ; --          ; --             ;
; USE_GENERATED_PHYSICAL_CONSTRAINTS ; Off                                                                          ; --            ; --          ; eda_blast_fpga ;
+------------------------------------+------------------------------------------------------------------------------+---------------+-------------+----------------+


+-----------------------------------------------------------------------------------------------------------------------------+
; Flow Elapsed Time                                                                                                           ;
+-------------------------+--------------+-------------------------+---------------------+------------------------------------+
; Module Name             ; Elapsed Time ; Average Processors Used ; Peak Virtual Memory ; Total CPU Time (on all processors) ;
+-------------------------+--------------+-------------------------+---------------------+------------------------------------+
; Analysis & Synthesis    ; 00:00:08     ; 1.0                     ; 219 MB              ; 00:00:08                           ;
; Fitter                  ; 00:00:13     ; 1.0                     ; 195 MB              ; 00:00:12                           ;
; Assembler               ; 00:00:01     ; 1.0                     ; 189 MB              ; 00:00:01                           ;
; Classic Timing Analyzer ; 00:00:01     ; 1.0                     ; 157 MB              ; 00:00:01                           ;
; Total                   ; 00:00:23     ; --                      ; --                  ; 00:00:22                           ;
+-------------------------+--------------+-------------------------+---------------------+------------------------------------+


+------------------------------------------------------------------------------------------+
; Flow OS Summary                                                                          ;
+-------------------------+------------------+---------------+------------+----------------+
; Module Name             ; Machine Hostname ; OS Name       ; OS Version ; Processor type ;
+-------------------------+------------------+---------------+------------+----------------+
; Analysis & Synthesis    ; 5E412-근로       ; Windows Vista ; 6.1        ; i686           ;
; Fitter                  ; 5E412-근로       ; Windows Vista ; 6.1        ; i686           ;
; Assembler               ; 5E412-근로       ; Windows Vista ; 6.1        ; i686           ;
; Classic Timing Analyzer ; 5E412-근로       ; Windows Vista ; 6.1        ; i686           ;
+-------------------------+------------------+---------------+------------+----------------+


------------
; Flow Log ;
------------
quartus_map --read_settings_files=on --write_settings_files=off puzzle -c puzzle
quartus_fit --read_settings_files=off --write_settings_files=off puzzle -c puzzle
quartus_asm --read_settings_files=off --write_settings_files=off puzzle -c puzzle
quartus_tan --read_settings_files=off --write_settings_files=off puzzle -c puzzle



