Analysis & Synthesis report for traf_walk_vis
Fri Jul 16 16:35:09 2004
Version 4.0 Build 190 1/28/2004 SJ Full Version


---------------------
; Table of Contents ;
---------------------
  1. Legal Notice
  2. Analysis & Synthesis Summary
  3. Analysis & Synthesis Settings
  4. Analysis & Synthesis Default Parameter Settings
  5. Hierarchy
  6. State Machine - traffic_walk:traffic_controller|sequence
  7. Analysis & Synthesis Resource Utilization by Entity
  8. Analysis & Synthesis Equations
  9. Analysis & Synthesis Files Read
 10. Analysis & Synthesis Resource Usage Summary
 11. Analysis & Synthesis Messages



----------------
; Legal Notice ;
----------------
Copyright (C) 1991-2004 Altera Corporation
Any  megafunction  design,  and related netlist (encrypted  or  decrypted),
support information,  device programming or simulation file,  and any other
associated  documentation or information  provided by  Altera  or a partner
under  Altera's   Megafunction   Partnership   Program  may  be  used  only
to program  PLD  devices (but not masked  PLD  devices) from  Altera.   Any
other  use  of such  megafunction  design,  netlist,  support  information,
device programming or simulation file,  or any other  related documentation
or information  is prohibited  for  any  other purpose,  including, but not
limited to  modification,  reverse engineering,  de-compiling, or use  with
any other  silicon devices,  unless such use is  explicitly  licensed under
a separate agreement with  Altera  or a megafunction partner.  Title to the
intellectual property,  including patents,  copyrights,  trademarks,  trade
secrets,  or maskworks,  embodied in any such megafunction design, netlist,
support  information,  device programming or simulation file,  or any other
related documentation or information provided by  Altera  or a megafunction
partner, remains with Altera, the megafunction partner, or their respective
licensors. No other licenses, including any licenses needed under any third
party's intellectual property, are provided herein.



+---------------------------------------------------------------------+
; Analysis & Synthesis Summary                                        ;
+-----------------------------+---------------------------------------+
; Analysis & Synthesis Status ; Successful - Fri Jul 16 16:35:09 2004 ;
; Revision Name               ; traf_walk_vis                         ;
; Top-level Entity Name       ; traf_walk_vis                         ;
; Family                      ; MAX7000S                              ;
; Total macrocells            ; 50                                    ;
; Total pins                  ; 20                                    ;
+-----------------------------+---------------------------------------+


+------------------------------------------------------------------------------------------------------+
; Analysis & Synthesis Settings                                                                        ;
+-------------------------------------------------------------------------------------------------------
; Option                                                               ; Setting       ; Default Value ;
+----------------------------------------------------------------------+---------------+---------------+
; Top-level entity name                                                ; traf_walk_vis ;               ;
; Family name                                                          ; MAX7000S      ; Stratix       ;
; Auto Resource Sharing                                                ; Off           ; Off           ;
; Remove Duplicate Logic                                               ; On            ; On            ;
; Auto Open-Drain Pins                                                 ; On            ; On            ;
; Auto Parallel Expanders                                              ; On            ; On            ;
; Parallel Expander Chain Length -- MAX 7000B/7000AE/3000A/7000S/7000A ; 4             ; 4             ;
; Auto Logic Cell Insertion                                            ; On            ; On            ;
; Allow XOR Gate Usage                                                 ; On            ; On            ;
; Optimization Technique -- MAX 7000B/7000AE/3000A                     ; Speed         ; Speed         ;
; Limit AHDL Integers to 32 Bits                                       ; Off           ; Off           ;
; Ignore SOFT Buffers -- MAX 7000B/7000AE/3000A/7000S/7000A            ; Off           ; Off           ;
; Ignore LCELL Buffers -- MAX 7000B/7000AE/3000A/7000S/7000A           ; Auto          ; Auto          ;
; Ignore ROW GLOBAL Buffers                                            ; Off           ; Off           ;
; Ignore GLOBAL Buffers                                                ; Off           ; Off           ;
; Ignore CASCADE Buffers                                               ; Off           ; Off           ;
; Ignore CARRY Buffers                                                 ; Off           ; Off           ;
; Remove Duplicate Registers                                           ; On            ; On            ;
; Remove Redundant Logic Cells                                         ; Off           ; Off           ;
; Power-Up Don't Care                                                  ; On            ; On            ;
; NOT Gate Push-Back                                                   ; On            ; On            ;
; State Machine Processing                                             ; Auto          ; Auto          ;
; VHDL Version                                                         ; VHDL93        ; VHDL93        ;
; Verilog Version                                                      ; Verilog_2001  ; Verilog_2001  ;
; Preserve fewer node names                                            ; On            ; On            ;
; Disk space/compilation speed tradeoff                                ; Normal        ; Normal        ;
; Create Debugging Nodes for IP Cores                                  ; off           ; off           ;
+----------------------------------------------------------------------+---------------+---------------+


+-------------------------------------------------+
; Analysis & Synthesis Default Parameter Settings ;
+--------------------------------------------------
; Name               ; Setting                    ;
+--------------------+----------------------------+
; CARRY_CHAIN        ; MANUAL                     ;
; CASCADE_CHAIN      ; MANUAL                     ;
; OPTIMIZE_FOR_SPEED ; 9                          ;
; STYLE              ; FAST                       ;
+--------------------+----------------------------+


+------------+
; Hierarchy  ;
+------------+
traf_walk_vis
 |-- clkdiv:clock_divider
      |-- lpm_counter:count_rtl_0
 |-- traffic_walk:traffic_controller
      |-- ct_mod5:output_timer


+----------------------------------------------------------+
; State Machine - traffic_walk:traffic_controller|sequence ;
+-----------------------------------------------------------
; Name        ; sequence~22 ; sequence~21 ; sequence~20    ;
+-------------+-------------+-------------+----------------+
; sequence.s0 ; 0           ; 0           ; 0              ;
; sequence.s1 ; 0           ; 0           ; 1              ;
; sequence.s2 ; 0           ; 1           ; 0              ;
; sequence.s3 ; 0           ; 1           ; 1              ;
; sequence.s4 ; 1           ; 0           ; 0              ;
; sequence.s5 ; 1           ; 1           ; 0              ;
+-------------+-------------+-------------+----------------+


+--------------------------------------------------------------------------------------------------------------------------------+
; Analysis & Synthesis Resource Utilization by Entity                                                                            ;
+---------------------------------------------------------------------------------------------------------------------------------
; Compilation Hierarchy Node           ; Macrocells ; Pins ; Full Hierarchy Name                                                 ;
+--------------------------------------+------------+------+---------------------------------------------------------------------+
; |traf_walk_vis                       ; 50         ; 20   ; |traf_walk_vis                                                      ;
;    |clkdiv:clock_divider|            ; 25         ; 0    ; |traf_walk_vis|clkdiv:clock_divider                                 ;
;       |lpm_counter:count_rtl_0|      ; 25         ; 0    ; |traf_walk_vis|clkdiv:clock_divider|lpm_counter:count_rtl_0         ;
;    |traffic_walk:traffic_controller| ; 16         ; 0    ; |traf_walk_vis|traffic_walk:traffic_controller                      ;
;       |ct_mod5:output_timer|         ; 3          ; 0    ; |traf_walk_vis|traffic_walk:traffic_controller|ct_mod5:output_timer ;
+--------------------------------------+------------+------+---------------------------------------------------------------------+


+---------------------------------+
; Analysis & Synthesis Equations  ;
+---------------------------------+
The equations can be found in c:/qdesigns/labs/lab30/traffic_walk_up2/traf_walk_vis.map.eqn.


+--------------------------------------------------------------+
; Analysis & Synthesis Files Read                              ;
+---------------------------------------------------------------
; File Name                                             ; Read ;
+-------------------------------------------------------+------+
; clkdiv.vhd                                            ; Read ;
; ct_mod5.vhd                                           ; Read ;
; traf_walk_vis.vhd                                     ; Read ;
; traffic_walk.vhd                                      ; Read ;
; c:/quartusv40/libraries/megafunctions/lpm_counter.tdf ; Read ;
+-------------------------------------------------------+------+


+---------------------------------------------+
; Analysis & Synthesis Resource Usage Summary ;
+----------------------------------------------
; Resource             ; Usage                ;
+----------------------+----------------------+
; Logic cells          ; 50                   ;
; Total registers      ; 42                   ;
; I/O pins             ; 20                   ;
; Maximum fan-out node ; clk                  ;
; Maximum fan-out      ; 25                   ;
; Total fan-out        ; 428                  ;
; Average fan-out      ; 6.11                 ;
+----------------------+----------------------+


+--------------------------------+
; Analysis & Synthesis Messages  ;
+--------------------------------+
Info: *******************************************************************
Info: Running Quartus II Analysis & Synthesis
    Info: Version 4.0 Build 190 1/28/2004 SJ Full Version
    Info: Processing started: Fri Jul 16 16:35:02 2004
Info: Command: quartus_map --import_settings_files=on --export_settings_files=off traf_walk_vis -c traf_walk_vis
Info: Found 2 design units and 1 entities in source file clkdiv.vhd
    Info: Found design unit 1: clkdiv-divider
    Info: Found entity 1: clkdiv
Info: Found 2 design units and 1 entities in source file ct_mod5.vhd
    Info: Found design unit 1: ct_mod5-a
    Info: Found entity 1: ct_mod5
Info: Found 2 design units and 1 entities in source file traf_walk_vis.vhd
    Info: Found design unit 1: traf_walk_vis-a
    Info: Found entity 1: traf_walk_vis
Info: Found 2 design units and 1 entities in source file traffic_walk.vhd
    Info: Found design unit 1: traffic_walk-a
    Info: Found entity 1: traffic_walk
Warning: VHDL Process Statement warning at clkdiv.vhd(24): signal count is in statement, but is not in sensitivity list
Warning: VHDL Process Statement warning at traffic_walk.vhd(28): signal reset is in statement, but is not in sensitivity list
Info: VHDL Case Statement information at traffic_walk.vhd(75): OTHERS choice is never selected
Warning: VHDL Process Statement warning at traffic_walk.vhd(79): signal outputs is in statement, but is not in sensitivity list
Warning: VHDL Process Statement warning at traffic_walk.vhd(80): signal outputs is in statement, but is not in sensitivity list
Warning: VHDL Process Statement warning at traffic_walk.vhd(81): signal outputs is in statement, but is not in sensitivity list
Warning: VHDL Process Statement warning at traffic_walk.vhd(82): signal outputs is in statement, but is not in sensitivity list
Warning: VHDL Process Statement warning at traffic_walk.vhd(83): signal outputs is in statement, but is not in sensitivity list
Warning: VHDL Process Statement warning at traffic_walk.vhd(84): signal outputs is in statement, but is not in sensitivity list
Warning: VHDL Process Statement warning at traffic_walk.vhd(85): signal outputs is in statement, but is not in sensitivity list
Warning: VHDL Process Statement warning at traffic_walk.vhd(86): signal outputs is in statement, but is not in sensitivity list
Warning: VHDL Process Statement warning at traffic_walk.vhd(87): signal outputs is in statement, but is not in sensitivity list
Warning: VHDL Process Statement warning at traffic_walk.vhd(88): signal outputs is in statement, but is not in sensitivity list
Info: Inferred 1 megafunctions from design logic
    Info: Inferred lpm_counter megafunction (LPM_WIDTH=25) from the following logic: clkdiv:clock_divider|count[0]~0
Info: Found 1 design units and 1 entities in source file ../../../../quartusv40/libraries/megafunctions/lpm_counter.tdf
    Info: Found entity 1: lpm_counter
Info: State machine |traf_walk_vis|traffic_walk:traffic_controller|sequence contains 6 states and 0 state bits
Info: Selected Auto state machine encoding method for state machine |traf_walk_vis|traffic_walk:traffic_controller|sequence
Info: Encoding result for state machine |traf_walk_vis|traffic_walk:traffic_controller|sequence
    Info: Completed encoding using 3 state bits
        Info: Encoded state bit traffic_walk:traffic_controller|sequence~22
        Info: Encoded state bit traffic_walk:traffic_controller|sequence~21
        Info: Encoded state bit traffic_walk:traffic_controller|sequence~20
    Info: State |traf_walk_vis|traffic_walk:traffic_controller|sequence.s0 uses code string 000
    Info: State |traf_walk_vis|traffic_walk:traffic_controller|sequence.s1 uses code string 001
    Info: State |traf_walk_vis|traffic_walk:traffic_controller|sequence.s2 uses code string 010
    Info: State |traf_walk_vis|traffic_walk:traffic_controller|sequence.s3 uses code string 011
    Info: State |traf_walk_vis|traffic_walk:traffic_controller|sequence.s4 uses code string 100
    Info: State |traf_walk_vis|traffic_walk:traffic_controller|sequence.s5 uses code string 110
Info: Registers with preset signals will power-up high
Info: Duplicate registers merged to single register
    Info: Duplicate register traffic_walk:traffic_controller|outputs[4] merged to single register traffic_walk:traffic_controller|outputs[1], power-up level changed
Warning: Output pins are stuck at VCC or GND
    Warning: Pin unused[1] stuck at VCC
    Warning: Pin unused[2] stuck at VCC
    Warning: Pin unused[3] stuck at VCC
    Warning: Pin unused[4] stuck at VCC
    Warning: Pin unused[5] stuck at VCC
    Warning: Pin unused[6] stuck at VCC
    Warning: Pin unused[7] stuck at VCC
Info: Promoted pin-driven signal(s) to global signal
    Info: Promoted clock signal driven by pin clk to global clock signal
Info: Implemented 70 device resources after synthesis - the final resource count might be different
    Info: Implemented 4 input pins
    Info: Implemented 16 output pins
    Info: Implemented 50 macrocells
Info: Quartus II Analysis & Synthesis was successful. 0 errors, 20 warnings
    Info: Processing ended: Fri Jul 16 16:35:09 2004
    Info: Elapsed time: 00:00:07


