Analysis & Synthesis report for lpm_lab_02
Wed Oct 17 03:39:47 2018
Quartus II Version 9.0 Build 235 06/17/2009 Service Pack 2 SJ Web Edition


---------------------
; Table of Contents ;
---------------------
  1. Legal Notice
  2. Analysis & Synthesis Summary
  3. Analysis & Synthesis Settings
  4. Analysis & Synthesis Source Files Read
  5. Analysis & Synthesis Resource Usage Summary
  6. Analysis & Synthesis Resource Utilization by Entity
  7. General Register Statistics
  8. Source assignments for lpm_counter0:inst|lpm_counter:lpm_counter_component
  9. Source assignments for lpm_counter:2
 10. Source assignments for lpm_counter:4
 11. Parameter Settings for User Entity Instance: lpm_counter0:inst|lpm_counter:lpm_counter_component
 12. Parameter Settings for User Entity Instance: lpm_counter:2
 13. Parameter Settings for User Entity Instance: lpm_counter:4
 14. Analysis & Synthesis Messages



----------------
; Legal Notice ;
----------------
Copyright (C) 1991-2009 Altera Corporation
Your use of Altera Corporation's design tools, logic functions 
and other software and tools, and its AMPP partner logic 
functions, and any output files from any of the foregoing 
(including device programming or simulation files), and any 
associated documentation or information are expressly subject 
to the terms and conditions of the Altera Program License 
Subscription Agreement, Altera MegaCore Function License 
Agreement, or other applicable license agreement, including, 
without limitation, that your use is for the sole purpose of 
programming logic devices manufactured by Altera and sold by 
Altera or its authorized distributors.  Please refer to the 
applicable agreement for further details.



+-----------------------------------------------------------------------------------+
; Analysis & Synthesis Summary                                                      ;
+------------------------------------+----------------------------------------------+
; Analysis & Synthesis Status        ; Successful - Wed Oct 17 03:39:46 2018        ;
; Quartus II Version                 ; 9.0 Build 235 06/17/2009 SP 2 SJ Web Edition ;
; Revision Name                      ; lpm_lab_02                                   ;
; Top-level Entity Name              ; lpm_lab_02                                   ;
; Family                             ; Cyclone II                                   ;
; Total logic elements               ; 65                                           ;
;     Total combinational functions  ; 65                                           ;
;     Dedicated logic registers      ; 34                                           ;
; Total registers                    ; 34                                           ;
; Total pins                         ; 17                                           ;
; Total virtual pins                 ; 0                                            ;
; Total memory bits                  ; 0                                            ;
; Embedded Multiplier 9-bit elements ; 0                                            ;
; Total PLLs                         ; 0                                            ;
+------------------------------------+----------------------------------------------+


+--------------------------------------------------------------------------------------------------------+
; Analysis & Synthesis Settings                                                                          ;
+--------------------------------------------------------------+--------------------+--------------------+
; Option                                                       ; Setting            ; Default Value      ;
+--------------------------------------------------------------+--------------------+--------------------+
; Device                                                       ; EP2C35F672C6       ;                    ;
; Top-level entity name                                        ; lpm_lab_02         ; lpm_lab_02         ;
; Family name                                                  ; Cyclone II         ; Stratix II         ;
; Use Generated Physical Constraints File                      ; Off                ;                    ;
; Use smart compilation                                        ; Off                ; Off                ;
; Restructure Multiplexers                                     ; Auto               ; Auto               ;
; Create Debugging Nodes for IP Cores                          ; Off                ; Off                ;
; Preserve fewer node names                                    ; On                 ; On                 ;
; Disable OpenCore Plus hardware evaluation                    ; Off                ; Off                ;
; Verilog Version                                              ; Verilog_2001       ; Verilog_2001       ;
; VHDL Version                                                 ; VHDL93             ; VHDL93             ;
; State Machine Processing                                     ; Auto               ; Auto               ;
; Safe State Machine                                           ; Off                ; Off                ;
; Extract Verilog State Machines                               ; On                 ; On                 ;
; Extract VHDL State Machines                                  ; On                 ; On                 ;
; Ignore Verilog initial constructs                            ; Off                ; Off                ;
; Iteration limit for constant Verilog loops                   ; 5000               ; 5000               ;
; Iteration limit for non-constant Verilog loops               ; 250                ; 250                ;
; Add Pass-Through Logic to Inferred RAMs                      ; On                 ; On                 ;
; Parallel Synthesis                                           ; Off                ; Off                ;
; DSP Block Balancing                                          ; Auto               ; Auto               ;
; NOT Gate Push-Back                                           ; On                 ; On                 ;
; Power-Up Don't Care                                          ; On                 ; On                 ;
; Remove Redundant Logic Cells                                 ; Off                ; Off                ;
; Remove Duplicate Registers                                   ; On                 ; On                 ;
; Ignore CARRY Buffers                                         ; Off                ; Off                ;
; Ignore CASCADE Buffers                                       ; Off                ; Off                ;
; Ignore GLOBAL Buffers                                        ; Off                ; Off                ;
; Ignore ROW GLOBAL Buffers                                    ; Off                ; Off                ;
; Ignore LCELL Buffers                                         ; Off                ; Off                ;
; Ignore SOFT Buffers                                          ; On                 ; On                 ;
; Limit AHDL Integers to 32 Bits                               ; Off                ; Off                ;
; Optimization Technique                                       ; Balanced           ; Balanced           ;
; Carry Chain Length                                           ; 70                 ; 70                 ;
; Auto Carry Chains                                            ; On                 ; On                 ;
; Auto Open-Drain Pins                                         ; On                 ; On                 ;
; Perform WYSIWYG Primitive Resynthesis                        ; Off                ; Off                ;
; Auto ROM Replacement                                         ; On                 ; On                 ;
; Auto RAM Replacement                                         ; On                 ; On                 ;
; Auto Shift Register Replacement                              ; Auto               ; Auto               ;
; Auto Clock Enable Replacement                                ; On                 ; On                 ;
; Strict RAM Replacement                                       ; Off                ; Off                ;
; Allow Synchronous Control Signals                            ; On                 ; On                 ;
; Force Use of Synchronous Clear Signals                       ; Off                ; Off                ;
; Auto RAM to Logic Cell Conversion                            ; Off                ; Off                ;
; Auto Resource Sharing                                        ; Off                ; Off                ;
; Allow Any RAM Size For Recognition                           ; Off                ; Off                ;
; Allow Any ROM Size For Recognition                           ; Off                ; Off                ;
; Allow Any Shift Register Size For Recognition                ; Off                ; Off                ;
; Use LogicLock Constraints during Resource Balancing          ; On                 ; On                 ;
; Ignore translate_off and synthesis_off directives            ; Off                ; Off                ;
; Timing-Driven Synthesis                                      ; Off                ; Off                ;
; Show Parameter Settings Tables in Synthesis Report           ; On                 ; On                 ;
; Ignore Maximum Fan-Out Assignments                           ; Off                ; Off                ;
; Synchronization Register Chain Length                        ; 2                  ; 2                  ;
; PowerPlay Power Optimization                                 ; Normal compilation ; Normal compilation ;
; HDL message level                                            ; Level2             ; Level2             ;
; Suppress Register Optimization Related Messages              ; Off                ; Off                ;
; Number of Removed Registers Reported in Synthesis Report     ; 100                ; 100                ;
; Number of Inverted Registers Reported in Synthesis Report    ; 100                ; 100                ;
; Clock MUX Protection                                         ; On                 ; On                 ;
; Auto Gated Clock Conversion                                  ; Off                ; Off                ;
; Block Design Naming                                          ; Auto               ; Auto               ;
; SDC constraint protection                                    ; Off                ; Off                ;
; Synthesis Effort                                             ; Auto               ; Auto               ;
; Shift Register Replacement - Allow Asynchronous Clear Signal ; On                 ; On                 ;
; Analysis & Synthesis Message Level                           ; Medium             ; Medium             ;
+--------------------------------------------------------------+--------------------+--------------------+


+-------------------------------------------------------------------------------------------------------------------------------------------------------------------+
; Analysis & Synthesis Source Files Read                                                                                                                            ;
+----------------------------------+-----------------+------------------------------------+-------------------------------------------------------------------------+
; File Name with User-Entered Path ; Used in Netlist ; File Type                          ; File Name with Absolute Path                                            ;
+----------------------------------+-----------------+------------------------------------+-------------------------------------------------------------------------+
; lpm_lab_02.bdf                   ; yes             ; User Block Diagram/Schematic File  ; C:/Users/owner/Desktop/lpm_lab_02/lpm_lab_02.bdf                        ;
; lpm_counter0.vhd                 ; yes             ; Auto-Found Wizard-Generated File   ; C:/Users/owner/Desktop/lpm_lab_02/lpm_counter0.vhd                      ;
; lpm_counter.tdf                  ; yes             ; Megafunction                       ; c:/altera/90sp2/quartus/libraries/megafunctions/lpm_counter.tdf         ;
; lpm_constant.inc                 ; yes             ; Megafunction                       ; c:/altera/90sp2/quartus/libraries/megafunctions/lpm_constant.inc        ;
; lpm_decode.inc                   ; yes             ; Megafunction                       ; c:/altera/90sp2/quartus/libraries/megafunctions/lpm_decode.inc          ;
; lpm_add_sub.inc                  ; yes             ; Megafunction                       ; c:/altera/90sp2/quartus/libraries/megafunctions/lpm_add_sub.inc         ;
; cmpconst.inc                     ; yes             ; Megafunction                       ; c:/altera/90sp2/quartus/libraries/megafunctions/cmpconst.inc            ;
; lpm_compare.inc                  ; yes             ; Megafunction                       ; c:/altera/90sp2/quartus/libraries/megafunctions/lpm_compare.inc         ;
; lpm_counter.inc                  ; yes             ; Megafunction                       ; c:/altera/90sp2/quartus/libraries/megafunctions/lpm_counter.inc         ;
; dffeea.inc                       ; yes             ; Megafunction                       ; c:/altera/90sp2/quartus/libraries/megafunctions/dffeea.inc              ;
; alt_synch_counter.inc            ; yes             ; Megafunction                       ; c:/altera/90sp2/quartus/libraries/megafunctions/alt_synch_counter.inc   ;
; alt_synch_counter_f.inc          ; yes             ; Megafunction                       ; c:/altera/90sp2/quartus/libraries/megafunctions/alt_synch_counter_f.inc ;
; alt_counter_f10ke.inc            ; yes             ; Megafunction                       ; c:/altera/90sp2/quartus/libraries/megafunctions/alt_counter_f10ke.inc   ;
; alt_counter_stratix.inc          ; yes             ; Megafunction                       ; c:/altera/90sp2/quartus/libraries/megafunctions/alt_counter_stratix.inc ;
; aglobal90.inc                    ; yes             ; Megafunction                       ; c:/altera/90sp2/quartus/libraries/megafunctions/aglobal90.inc           ;
; db/cntr_vaj.tdf                  ; yes             ; Auto-Generated Megafunction        ; C:/Users/owner/Desktop/lpm_lab_02/db/cntr_vaj.tdf                       ;
; db/cmpr_sdc.tdf                  ; yes             ; Auto-Generated Megafunction        ; C:/Users/owner/Desktop/lpm_lab_02/db/cmpr_sdc.tdf                       ;
; hex7seg_ca.vhd                   ; yes             ; Auto-Found VHDL File               ; C:/Users/owner/Desktop/lpm_lab_02/hex7seg_ca.vhd                        ;
; db/cntr_guh.tdf                  ; yes             ; Auto-Generated Megafunction        ; C:/Users/owner/Desktop/lpm_lab_02/db/cntr_guh.tdf                       ;
; db/cmpr_8cc.tdf                  ; yes             ; Auto-Generated Megafunction        ; C:/Users/owner/Desktop/lpm_lab_02/db/cmpr_8cc.tdf                       ;
; db/decode_i5a.tdf                ; yes             ; Auto-Generated Megafunction        ; C:/Users/owner/Desktop/lpm_lab_02/db/decode_i5a.tdf                     ;
; db/cntr_6bi.tdf                  ; yes             ; Auto-Generated Megafunction        ; C:/Users/owner/Desktop/lpm_lab_02/db/cntr_6bi.tdf                       ;
+----------------------------------+-----------------+------------------------------------+-------------------------------------------------------------------------+


+-----------------------------------------------------+
; Analysis & Synthesis Resource Usage Summary         ;
+---------------------------------------------+-------+
; Resource                                    ; Usage ;
+---------------------------------------------+-------+
; Estimated Total logic elements              ; 65    ;
;                                             ;       ;
; Total combinational functions               ; 65    ;
; Logic element usage by number of LUT inputs ;       ;
;     -- 4 input functions                    ; 24    ;
;     -- 3 input functions                    ; 1     ;
;     -- <=2 input functions                  ; 40    ;
;                                             ;       ;
; Logic elements by mode                      ;       ;
;     -- normal mode                          ; 31    ;
;     -- arithmetic mode                      ; 34    ;
;                                             ;       ;
; Total registers                             ; 34    ;
;     -- Dedicated logic registers            ; 34    ;
;     -- I/O registers                        ; 0     ;
;                                             ;       ;
; I/O pins                                    ; 17    ;
; Maximum fan-out node                        ; ~GND  ;
; Maximum fan-out                             ; 34    ;
; Total fan-out                               ; 334   ;
; Average fan-out                             ; 2.88  ;
+---------------------------------------------+-------+


+-------------------------------------------------------------------------------------------------------------------------------------------------------------------------------------------------------------------------------------------------------------------------------+
; Analysis & Synthesis Resource Utilization by Entity                                                                                                                                                                                                                           ;
+-------------------------------------------+-------------------+--------------+-------------+--------------+---------+-----------+------+--------------+--------------------------------------------------------------------------------------------------------+--------------+
; Compilation Hierarchy Node                ; LC Combinationals ; LC Registers ; Memory Bits ; DSP Elements ; DSP 9x9 ; DSP 18x18 ; Pins ; Virtual Pins ; Full Hierarchy Name                                                                                    ; Library Name ;
+-------------------------------------------+-------------------+--------------+-------------+--------------+---------+-----------+------+--------------+--------------------------------------------------------------------------------------------------------+--------------+
; |lpm_lab_02                               ; 65 (1)            ; 34 (0)       ; 0           ; 0            ; 0       ; 0         ; 17   ; 0            ; |lpm_lab_02                                                                                            ; work         ;
;    |hex7seg_ca:3|                         ; 7 (7)             ; 0 (0)        ; 0           ; 0            ; 0       ; 0         ; 0    ; 0            ; |lpm_lab_02|hex7seg_ca:3                                                                               ; work         ;
;    |hex7seg_ca:5|                         ; 7 (7)             ; 0 (0)        ; 0           ; 0            ; 0       ; 0         ; 0    ; 0            ; |lpm_lab_02|hex7seg_ca:5                                                                               ; work         ;
;    |lpm_counter0:inst|                    ; 36 (0)            ; 26 (0)       ; 0           ; 0            ; 0       ; 0         ; 0    ; 0            ; |lpm_lab_02|lpm_counter0:inst                                                                          ; work         ;
;       |lpm_counter:lpm_counter_component| ; 36 (0)            ; 26 (0)       ; 0           ; 0            ; 0       ; 0         ; 0    ; 0            ; |lpm_lab_02|lpm_counter0:inst|lpm_counter:lpm_counter_component                                        ; work         ;
;          |cntr_vaj:auto_generated|        ; 36 (28)           ; 26 (26)      ; 0           ; 0            ; 0       ; 0         ; 0    ; 0            ; |lpm_lab_02|lpm_counter0:inst|lpm_counter:lpm_counter_component|cntr_vaj:auto_generated                ; work         ;
;             |cmpr_sdc:cmpr2|              ; 8 (8)             ; 0 (0)        ; 0           ; 0            ; 0       ; 0         ; 0    ; 0            ; |lpm_lab_02|lpm_counter0:inst|lpm_counter:lpm_counter_component|cntr_vaj:auto_generated|cmpr_sdc:cmpr2 ; work         ;
;    |lpm_counter:2|                        ; 7 (0)             ; 4 (0)        ; 0           ; 0            ; 0       ; 0         ; 0    ; 0            ; |lpm_lab_02|lpm_counter:2                                                                              ; work         ;
;       |cntr_guh:auto_generated|           ; 7 (6)             ; 4 (4)        ; 0           ; 0            ; 0       ; 0         ; 0    ; 0            ; |lpm_lab_02|lpm_counter:2|cntr_guh:auto_generated                                                      ; work         ;
;          |cmpr_8cc:cmpr2|                 ; 1 (1)             ; 0 (0)        ; 0           ; 0            ; 0       ; 0         ; 0    ; 0            ; |lpm_lab_02|lpm_counter:2|cntr_guh:auto_generated|cmpr_8cc:cmpr2                                       ; work         ;
;    |lpm_counter:4|                        ; 7 (0)             ; 4 (0)        ; 0           ; 0            ; 0       ; 0         ; 0    ; 0            ; |lpm_lab_02|lpm_counter:4                                                                              ; work         ;
;       |cntr_6bi:auto_generated|           ; 7 (6)             ; 4 (4)        ; 0           ; 0            ; 0       ; 0         ; 0    ; 0            ; |lpm_lab_02|lpm_counter:4|cntr_6bi:auto_generated                                                      ; work         ;
;          |cmpr_8cc:cmpr2|                 ; 1 (1)             ; 0 (0)        ; 0           ; 0            ; 0       ; 0         ; 0    ; 0            ; |lpm_lab_02|lpm_counter:4|cntr_6bi:auto_generated|cmpr_8cc:cmpr2                                       ; work         ;
+-------------------------------------------+-------------------+--------------+-------------+--------------+---------+-----------+------+--------------+--------------------------------------------------------------------------------------------------------+--------------+
Note: For table entries with two numbers listed, the numbers in parentheses indicate the number of resources of the given type used by the specific entity alone. The numbers listed outside of parentheses indicate the total resources of the given type used by the specific entity and all of its sub-entities in the hierarchy.


+------------------------------------------------------+
; General Register Statistics                          ;
+----------------------------------------------+-------+
; Statistic                                    ; Value ;
+----------------------------------------------+-------+
; Total registers                              ; 34    ;
; Number of registers using Synchronous Clear  ; 0     ;
; Number of registers using Synchronous Load   ; 34    ;
; Number of registers using Asynchronous Clear ; 8     ;
; Number of registers using Asynchronous Load  ; 0     ;
; Number of registers using Clock Enable       ; 4     ;
; Number of registers using Preset             ; 0     ;
+----------------------------------------------+-------+


+----------------------------------------------------------------------------+
; Source assignments for lpm_counter0:inst|lpm_counter:lpm_counter_component ;
+---------------------------+-------+------+---------------------------------+
; Assignment                ; Value ; From ; To                              ;
+---------------------------+-------+------+---------------------------------+
; SUPPRESS_DA_RULE_INTERNAL ; a101  ; -    ; -                               ;
; SUPPRESS_DA_RULE_INTERNAL ; s102  ; -    ; -                               ;
; SUPPRESS_DA_RULE_INTERNAL ; s103  ; -    ; -                               ;
+---------------------------+-------+------+---------------------------------+


+-----------------------------------------------+
; Source assignments for lpm_counter:2          ;
+---------------------------+-------+------+----+
; Assignment                ; Value ; From ; To ;
+---------------------------+-------+------+----+
; SUPPRESS_DA_RULE_INTERNAL ; a101  ; -    ; -  ;
; SUPPRESS_DA_RULE_INTERNAL ; s102  ; -    ; -  ;
; SUPPRESS_DA_RULE_INTERNAL ; s103  ; -    ; -  ;
+---------------------------+-------+------+----+


+-----------------------------------------------+
; Source assignments for lpm_counter:4          ;
+---------------------------+-------+------+----+
; Assignment                ; Value ; From ; To ;
+---------------------------+-------+------+----+
; SUPPRESS_DA_RULE_INTERNAL ; a101  ; -    ; -  ;
; SUPPRESS_DA_RULE_INTERNAL ; s102  ; -    ; -  ;
; SUPPRESS_DA_RULE_INTERNAL ; s103  ; -    ; -  ;
+---------------------------+-------+------+----+


+--------------------------------------------------------------------------------------------------+
; Parameter Settings for User Entity Instance: lpm_counter0:inst|lpm_counter:lpm_counter_component ;
+------------------------+-------------+-----------------------------------------------------------+
; Parameter Name         ; Value       ; Type                                                      ;
+------------------------+-------------+-----------------------------------------------------------+
; AUTO_CARRY_CHAINS      ; ON          ; AUTO_CARRY                                                ;
; IGNORE_CARRY_BUFFERS   ; OFF         ; IGNORE_CARRY                                              ;
; AUTO_CASCADE_CHAINS    ; ON          ; AUTO_CASCADE                                              ;
; IGNORE_CASCADE_BUFFERS ; OFF         ; IGNORE_CASCADE                                            ;
; LPM_WIDTH              ; 26          ; Signed Integer                                            ;
; LPM_DIRECTION          ; UP          ; Untyped                                                   ;
; LPM_MODULUS            ; 50000000    ; Signed Integer                                            ;
; LPM_AVALUE             ; UNUSED      ; Untyped                                                   ;
; LPM_SVALUE             ; UNUSED      ; Untyped                                                   ;
; LPM_PORT_UPDOWN        ; PORT_UNUSED ; Untyped                                                   ;
; DEVICE_FAMILY          ; Cyclone II  ; Untyped                                                   ;
; CARRY_CHAIN            ; MANUAL      ; Untyped                                                   ;
; CARRY_CHAIN_LENGTH     ; 48          ; CARRY_CHAIN_LENGTH                                        ;
; NOT_GATE_PUSH_BACK     ; ON          ; NOT_GATE_PUSH_BACK                                        ;
; CARRY_CNT_EN           ; SMART       ; Untyped                                                   ;
; LABWIDE_SCLR           ; ON          ; Untyped                                                   ;
; USE_NEW_VERSION        ; TRUE        ; Untyped                                                   ;
; CBXI_PARAMETER         ; cntr_vaj    ; Untyped                                                   ;
+------------------------+-------------+-----------------------------------------------------------+
Note: In order to hide this table in the UI and the text report file, please set the "Show Parameter Settings Tables in Synthesis Report" option in "Analysis and Synthesis Settings -> More Settings" to "Off".


+-----------------------------------------------------------------+
; Parameter Settings for User Entity Instance: lpm_counter:2      ;
+------------------------+-------------------+--------------------+
; Parameter Name         ; Value             ; Type               ;
+------------------------+-------------------+--------------------+
; AUTO_CARRY_CHAINS      ; ON                ; AUTO_CARRY         ;
; IGNORE_CARRY_BUFFERS   ; OFF               ; IGNORE_CARRY       ;
; AUTO_CASCADE_CHAINS    ; ON                ; AUTO_CASCADE       ;
; IGNORE_CASCADE_BUFFERS ; OFF               ; IGNORE_CASCADE     ;
; LPM_WIDTH              ; 4                 ; Untyped            ;
; LPM_DIRECTION          ; DEFAULT           ; Untyped            ;
; LPM_MODULUS            ; 10                ; Untyped            ;
; LPM_AVALUE             ; UNUSED            ; Untyped            ;
; LPM_SVALUE             ; UNUSED            ; Untyped            ;
; LPM_PORT_UPDOWN        ; PORT_CONNECTIVITY ; Untyped            ;
; DEVICE_FAMILY          ; Cyclone II        ; Untyped            ;
; CARRY_CHAIN            ; MANUAL            ; Untyped            ;
; CARRY_CHAIN_LENGTH     ; 48                ; CARRY_CHAIN_LENGTH ;
; NOT_GATE_PUSH_BACK     ; ON                ; NOT_GATE_PUSH_BACK ;
; CARRY_CNT_EN           ; SMART             ; Untyped            ;
; LABWIDE_SCLR           ; ON                ; Untyped            ;
; USE_NEW_VERSION        ; TRUE              ; Untyped            ;
; CBXI_PARAMETER         ; cntr_guh          ; Untyped            ;
+------------------------+-------------------+--------------------+
Note: In order to hide this table in the UI and the text report file, please set the "Show Parameter Settings Tables in Synthesis Report" option in "Analysis and Synthesis Settings -> More Settings" to "Off".


+-----------------------------------------------------------------+
; Parameter Settings for User Entity Instance: lpm_counter:4      ;
+------------------------+-------------------+--------------------+
; Parameter Name         ; Value             ; Type               ;
+------------------------+-------------------+--------------------+
; AUTO_CARRY_CHAINS      ; ON                ; AUTO_CARRY         ;
; IGNORE_CARRY_BUFFERS   ; OFF               ; IGNORE_CARRY       ;
; AUTO_CASCADE_CHAINS    ; ON                ; AUTO_CASCADE       ;
; IGNORE_CASCADE_BUFFERS ; OFF               ; IGNORE_CASCADE     ;
; LPM_WIDTH              ; 4                 ; Untyped            ;
; LPM_DIRECTION          ; DEFAULT           ; Untyped            ;
; LPM_MODULUS            ; 10                ; Untyped            ;
; LPM_AVALUE             ; UNUSED            ; Untyped            ;
; LPM_SVALUE             ; UNUSED            ; Untyped            ;
; LPM_PORT_UPDOWN        ; PORT_CONNECTIVITY ; Untyped            ;
; DEVICE_FAMILY          ; Cyclone II        ; Untyped            ;
; CARRY_CHAIN            ; MANUAL            ; Untyped            ;
; CARRY_CHAIN_LENGTH     ; 48                ; CARRY_CHAIN_LENGTH ;
; NOT_GATE_PUSH_BACK     ; ON                ; NOT_GATE_PUSH_BACK ;
; CARRY_CNT_EN           ; SMART             ; Untyped            ;
; LABWIDE_SCLR           ; ON                ; Untyped            ;
; USE_NEW_VERSION        ; TRUE              ; Untyped            ;
; CBXI_PARAMETER         ; cntr_6bi          ; Untyped            ;
+------------------------+-------------------+--------------------+
Note: In order to hide this table in the UI and the text report file, please set the "Show Parameter Settings Tables in Synthesis Report" option in "Analysis and Synthesis Settings -> More Settings" to "Off".


+-------------------------------+
; Analysis & Synthesis Messages ;
+-------------------------------+
Info: *******************************************************************
Info: Running Quartus II Analysis & Synthesis
    Info: Version 9.0 Build 235 06/17/2009 Service Pack 2 SJ Web Edition
    Info: Processing started: Wed Oct 17 03:39:36 2018
Info: Command: quartus_map --read_settings_files=on --write_settings_files=off lpm_lab_02 -c lpm_lab_02
Info: Found 1 design units, including 1 entities, in source file lpm_lab_02.bdf
    Info: Found entity 1: lpm_lab_02
Info: Elaborating entity "lpm_lab_02" for the top level hierarchy
Warning: Using design file lpm_counter0.vhd, which is not specified as a design file for the current project, but contains definitions for 2 design units and 1 entities in project
    Info: Found design unit 1: lpm_counter0-SYN
    Info: Found entity 1: lpm_counter0
Info: Elaborating entity "lpm_counter0" for hierarchy "lpm_counter0:inst"
Info: Elaborating entity "lpm_counter" for hierarchy "lpm_counter0:inst|lpm_counter:lpm_counter_component"
Info: Elaborated megafunction instantiation "lpm_counter0:inst|lpm_counter:lpm_counter_component"
Info: Instantiated megafunction "lpm_counter0:inst|lpm_counter:lpm_counter_component" with the following parameter:
    Info: Parameter "lpm_direction" = "UP"
    Info: Parameter "lpm_modulus" = "50000000"
    Info: Parameter "lpm_port_updown" = "PORT_UNUSED"
    Info: Parameter "lpm_type" = "LPM_COUNTER"
    Info: Parameter "lpm_width" = "26"
Info: Found 1 design units, including 1 entities, in source file db/cntr_vaj.tdf
    Info: Found entity 1: cntr_vaj
Info: Elaborating entity "cntr_vaj" for hierarchy "lpm_counter0:inst|lpm_counter:lpm_counter_component|cntr_vaj:auto_generated"
Info: Found 1 design units, including 1 entities, in source file db/cmpr_sdc.tdf
    Info: Found entity 1: cmpr_sdc
Info: Elaborating entity "cmpr_sdc" for hierarchy "lpm_counter0:inst|lpm_counter:lpm_counter_component|cntr_vaj:auto_generated|cmpr_sdc:cmpr2"
Warning: Using design file hex7seg_ca.vhd, which is not specified as a design file for the current project, but contains definitions for 2 design units and 1 entities in project
    Info: Found design unit 1: hex7seg_ca-seven_segment
    Info: Found entity 1: hex7seg_ca
Info: Elaborating entity "hex7seg_ca" for hierarchy "hex7seg_ca:3"
Info: Elaborating entity "lpm_counter" for hierarchy "lpm_counter:2"
Info: Elaborated megafunction instantiation "lpm_counter:2"
Info: Instantiated megafunction "lpm_counter:2" with the following parameter:
    Info: Parameter "LPM_MODULUS" = "10"
    Info: Parameter "LPM_WIDTH" = "4"
Info: Found 1 design units, including 1 entities, in source file db/cntr_guh.tdf
    Info: Found entity 1: cntr_guh
Info: Elaborating entity "cntr_guh" for hierarchy "lpm_counter:2|cntr_guh:auto_generated"
Info: Found 1 design units, including 1 entities, in source file db/cmpr_8cc.tdf
    Info: Found entity 1: cmpr_8cc
Info: Elaborating entity "cmpr_8cc" for hierarchy "lpm_counter:2|cntr_guh:auto_generated|cmpr_8cc:cmpr2"
Info: Found 1 design units, including 1 entities, in source file db/decode_i5a.tdf
    Info: Found entity 1: decode_i5a
Info: Elaborating entity "decode_i5a" for hierarchy "lpm_counter:2|cntr_guh:auto_generated|decode_i5a:lpm_decode"
Info: Elaborating entity "lpm_counter" for hierarchy "lpm_counter:4"
Info: Elaborated megafunction instantiation "lpm_counter:4"
Info: Instantiated megafunction "lpm_counter:4" with the following parameter:
    Info: Parameter "LPM_MODULUS" = "10"
    Info: Parameter "LPM_WIDTH" = "4"
Info: Found 1 design units, including 1 entities, in source file db/cntr_6bi.tdf
    Info: Found entity 1: cntr_6bi
Info: Elaborating entity "cntr_6bi" for hierarchy "lpm_counter:4|cntr_6bi:auto_generated"
Info: Implemented 82 device resources after synthesis - the final resource count might be different
    Info: Implemented 2 input pins
    Info: Implemented 15 output pins
    Info: Implemented 65 logic cells
Info: Quartus II Analysis & Synthesis was successful. 0 errors, 2 warnings
    Info: Peak virtual memory: 224 megabytes
    Info: Processing ended: Wed Oct 17 03:39:47 2018
    Info: Elapsed time: 00:00:11
    Info: Total CPU time (on all processors): 00:00:02


