Classic Timing Analyzer report for traffic_lights_top
Wed Oct 10 08:22:27 2018
Quartus II Version 9.0 Build 235 06/17/2009 Service Pack 2 SJ Web Edition


---------------------
; Table of Contents ;
---------------------
  1. Legal Notice
  2. Timing Analyzer Summary
  3. Timing Analyzer Settings
  4. Clock Settings Summary
  5. Parallel Compilation
  6. Clock Setup: 'clk'
  7. tco
  8. Timing Analyzer Messages



----------------
; Legal Notice ;
----------------
Copyright (C) 1991-2009 Altera Corporation
Your use of Altera Corporation's design tools, logic functions 
and other software and tools, and its AMPP partner logic 
functions, and any output files from any of the foregoing 
(including device programming or simulation files), and any 
associated documentation or information are expressly subject 
to the terms and conditions of the Altera Program License 
Subscription Agreement, Altera MegaCore Function License 
Agreement, or other applicable license agreement, including, 
without limitation, that your use is for the sole purpose of 
programming logic devices manufactured by Altera and sold by 
Altera or its authorized distributors.  Please refer to the 
applicable agreement for further details.



+------------------------------------------------------------------------------------------------------------------------------------------------------------------------+
; Timing Analyzer Summary                                                                                                                                                ;
+------------------------------+-------+---------------+----------------------------------+---------------------+-----------------+------------+----------+--------------+
; Type                         ; Slack ; Required Time ; Actual Time                      ; From                ; To              ; From Clock ; To Clock ; Failed Paths ;
+------------------------------+-------+---------------+----------------------------------+---------------------+-----------------+------------+----------+--------------+
; Worst-case tco               ; N/A   ; None          ; 9.334 ns                         ; traffic:U2|state.s0 ; ld[4]           ; clk        ; --       ; 0            ;
; Clock Setup: 'clk'           ; N/A   ; None          ; 252.53 MHz ( period = 3.960 ns ) ; clkdiv:U1|q[0]      ; clkdiv:U1|q[24] ; clk        ; clk      ; 0            ;
; Total number of failed paths ;       ;               ;                                  ;                     ;                 ;            ;          ; 0            ;
+------------------------------+-------+---------------+----------------------------------+---------------------+-----------------+------------+----------+--------------+


+--------------------------------------------------------------------------------------------------------------------+
; Timing Analyzer Settings                                                                                           ;
+---------------------------------------------------------------------+--------------------+------+----+-------------+
; Option                                                              ; Setting            ; From ; To ; Entity Name ;
+---------------------------------------------------------------------+--------------------+------+----+-------------+
; Device Name                                                         ; EP2C35F672C6       ;      ;    ;             ;
; Timing Models                                                       ; Final              ;      ;    ;             ;
; Default hold multicycle                                             ; Same as Multicycle ;      ;    ;             ;
; Cut paths between unrelated clock domains                           ; On                 ;      ;    ;             ;
; Cut off read during write signal paths                              ; On                 ;      ;    ;             ;
; Cut off feedback from I/O pins                                      ; On                 ;      ;    ;             ;
; Report Combined Fast/Slow Timing                                    ; Off                ;      ;    ;             ;
; Ignore Clock Settings                                               ; Off                ;      ;    ;             ;
; Analyze latches as synchronous elements                             ; On                 ;      ;    ;             ;
; Enable Recovery/Removal analysis                                    ; Off                ;      ;    ;             ;
; Enable Clock Latency                                                ; Off                ;      ;    ;             ;
; Use TimeQuest Timing Analyzer                                       ; Off                ;      ;    ;             ;
; Minimum Core Junction Temperature                                   ; 0                  ;      ;    ;             ;
; Maximum Core Junction Temperature                                   ; 85                 ;      ;    ;             ;
; Number of source nodes to report per destination node               ; 10                 ;      ;    ;             ;
; Number of destination nodes to report                               ; 10                 ;      ;    ;             ;
; Number of paths to report                                           ; 200                ;      ;    ;             ;
; Report Minimum Timing Checks                                        ; Off                ;      ;    ;             ;
; Use Fast Timing Models                                              ; Off                ;      ;    ;             ;
; Report IO Paths Separately                                          ; Off                ;      ;    ;             ;
; Perform Multicorner Analysis                                        ; On                 ;      ;    ;             ;
; Reports the worst-case path for each clock domain and analysis      ; Off                ;      ;    ;             ;
; Removes common clock path pessimism (CCPP) during slack computation ; Off                ;      ;    ;             ;
; Output I/O Timing Endpoint                                          ; Near End           ;      ;    ;             ;
+---------------------------------------------------------------------+--------------------+------+----+-------------+


+------------------------------------------------------------------------------------------------------------------------------------------------------------------------------------+
; Clock Settings Summary                                                                                                                                                             ;
+-----------------+--------------------+----------+------------------+---------------+--------------+----------+-----------------------+---------------------+--------+--------------+
; Clock Node Name ; Clock Setting Name ; Type     ; Fmax Requirement ; Early Latency ; Late Latency ; Based on ; Multiply Base Fmax by ; Divide Base Fmax by ; Offset ; Phase offset ;
+-----------------+--------------------+----------+------------------+---------------+--------------+----------+-----------------------+---------------------+--------+--------------+
; clk             ;                    ; User Pin ; None             ; 0.000 ns      ; 0.000 ns     ; --       ; N/A                   ; N/A                 ; N/A    ;              ;
+-----------------+--------------------+----------+------------------+---------------+--------------+----------+-----------------------+---------------------+--------+--------------+


Parallel compilation was disabled, but you have multiple processors available. Enable parallel compilation to reduce compilation time.
+-------------------------------------+
; Parallel Compilation                ;
+----------------------------+--------+
; Processors                 ; Number ;
+----------------------------+--------+
; Number detected on machine ; 4      ;
; Maximum allowed            ; 1      ;
+----------------------------+--------+


+-------------------------------------------------------------------------------------------------------------------------------------------------------------------------------------------------------------------------------------------------------+
; Clock Setup: 'clk'                                                                                                                                                                                                                                    ;
+-----------------------------------------+-----------------------------------------------------+---------------------+---------------------+------------+----------+-----------------------------+---------------------------+-------------------------+
; Slack                                   ; Actual fmax (period)                                ; From                ; To                  ; From Clock ; To Clock ; Required Setup Relationship ; Required Longest P2P Time ; Actual Longest P2P Time ;
+-----------------------------------------+-----------------------------------------------------+---------------------+---------------------+------------+----------+-----------------------------+---------------------------+-------------------------+
; N/A                                     ; 252.53 MHz ( period = 3.960 ns )                    ; clkdiv:U1|q[0]      ; clkdiv:U1|q[24]     ; clk        ; clk      ; None                        ; None                      ; 3.219 ns                ;
; N/A                                     ; 266.81 MHz ( period = 3.748 ns )                    ; clkdiv:U1|q[1]      ; clkdiv:U1|q[24]     ; clk        ; clk      ; None                        ; None                      ; 3.007 ns                ;
; N/A                                     ; 269.32 MHz ( period = 3.713 ns )                    ; clkdiv:U1|q[2]      ; clkdiv:U1|q[24]     ; clk        ; clk      ; None                        ; None                      ; 2.972 ns                ;
; N/A                                     ; 274.57 MHz ( period = 3.642 ns )                    ; clkdiv:U1|q[3]      ; clkdiv:U1|q[24]     ; clk        ; clk      ; None                        ; None                      ; 2.901 ns                ;
; N/A                                     ; 281.45 MHz ( period = 3.553 ns )                    ; clkdiv:U1|q[5]      ; clkdiv:U1|q[24]     ; clk        ; clk      ; None                        ; None                      ; 2.812 ns                ;
; N/A                                     ; 282.57 MHz ( period = 3.539 ns )                    ; clkdiv:U1|q[4]      ; clkdiv:U1|q[24]     ; clk        ; clk      ; None                        ; None                      ; 2.798 ns                ;
; N/A                                     ; 297.35 MHz ( period = 3.363 ns )                    ; clkdiv:U1|q[0]      ; clkdiv:U1|q[23]     ; clk        ; clk      ; None                        ; None                      ; 3.148 ns                ;
; N/A                                     ; 302.66 MHz ( period = 3.304 ns )                    ; clkdiv:U1|q[6]      ; clkdiv:U1|q[24]     ; clk        ; clk      ; None                        ; None                      ; 2.563 ns                ;
; N/A                                     ; 303.77 MHz ( period = 3.292 ns )                    ; clkdiv:U1|q[0]      ; clkdiv:U1|q[22]     ; clk        ; clk      ; None                        ; None                      ; 3.077 ns                ;
; N/A                                     ; 306.00 MHz ( period = 3.268 ns )                    ; clkdiv:U1|q[9]      ; clkdiv:U1|q[24]     ; clk        ; clk      ; None                        ; None                      ; 2.527 ns                ;
; N/A                                     ; 306.56 MHz ( period = 3.262 ns )                    ; clkdiv:U1|q[7]      ; clkdiv:U1|q[24]     ; clk        ; clk      ; None                        ; None                      ; 2.521 ns                ;
; N/A                                     ; 310.46 MHz ( period = 3.221 ns )                    ; clkdiv:U1|q[0]      ; clkdiv:U1|q[21]     ; clk        ; clk      ; None                        ; None                      ; 3.006 ns                ;
; N/A                                     ; 316.16 MHz ( period = 3.163 ns )                    ; clkdiv:U1|q[8]      ; clkdiv:U1|q[24]     ; clk        ; clk      ; None                        ; None                      ; 2.422 ns                ;
; N/A                                     ; 317.36 MHz ( period = 3.151 ns )                    ; clkdiv:U1|q[1]      ; clkdiv:U1|q[23]     ; clk        ; clk      ; None                        ; None                      ; 2.936 ns                ;
; N/A                                     ; 320.92 MHz ( period = 3.116 ns )                    ; clkdiv:U1|q[2]      ; clkdiv:U1|q[23]     ; clk        ; clk      ; None                        ; None                      ; 2.901 ns                ;
; N/A                                     ; 324.68 MHz ( period = 3.080 ns )                    ; clkdiv:U1|q[1]      ; clkdiv:U1|q[22]     ; clk        ; clk      ; None                        ; None                      ; 2.865 ns                ;
; N/A                                     ; 326.58 MHz ( period = 3.062 ns )                    ; clkdiv:U1|q[0]      ; clkdiv:U1|q[20]     ; clk        ; clk      ; None                        ; None                      ; 2.847 ns                ;
; N/A                                     ; 328.41 MHz ( period = 3.045 ns )                    ; clkdiv:U1|q[3]      ; clkdiv:U1|q[23]     ; clk        ; clk      ; None                        ; None                      ; 2.830 ns                ;
; N/A                                     ; 328.41 MHz ( period = 3.045 ns )                    ; clkdiv:U1|q[2]      ; clkdiv:U1|q[22]     ; clk        ; clk      ; None                        ; None                      ; 2.830 ns                ;
; N/A                                     ; 330.58 MHz ( period = 3.025 ns )                    ; clkdiv:U1|q[10]     ; clkdiv:U1|q[24]     ; clk        ; clk      ; None                        ; None                      ; 2.284 ns                ;
; N/A                                     ; 332.34 MHz ( period = 3.009 ns )                    ; clkdiv:U1|q[1]      ; clkdiv:U1|q[21]     ; clk        ; clk      ; None                        ; None                      ; 2.794 ns                ;
; N/A                                     ; 334.34 MHz ( period = 2.991 ns )                    ; clkdiv:U1|q[0]      ; clkdiv:U1|q[19]     ; clk        ; clk      ; None                        ; None                      ; 2.776 ns                ;
; N/A                                     ; 336.25 MHz ( period = 2.974 ns )                    ; clkdiv:U1|q[3]      ; clkdiv:U1|q[22]     ; clk        ; clk      ; None                        ; None                      ; 2.759 ns                ;
; N/A                                     ; 336.25 MHz ( period = 2.974 ns )                    ; clkdiv:U1|q[2]      ; clkdiv:U1|q[21]     ; clk        ; clk      ; None                        ; None                      ; 2.759 ns                ;
; N/A                                     ; 338.29 MHz ( period = 2.956 ns )                    ; clkdiv:U1|q[5]      ; clkdiv:U1|q[23]     ; clk        ; clk      ; None                        ; None                      ; 2.741 ns                ;
; N/A                                     ; 338.52 MHz ( period = 2.954 ns )                    ; clkdiv:U1|q[11]     ; clkdiv:U1|q[24]     ; clk        ; clk      ; None                        ; None                      ; 2.213 ns                ;
; N/A                                     ; 339.90 MHz ( period = 2.942 ns )                    ; clkdiv:U1|q[4]      ; clkdiv:U1|q[23]     ; clk        ; clk      ; None                        ; None                      ; 2.727 ns                ;
; N/A                                     ; 342.47 MHz ( period = 2.920 ns )                    ; clkdiv:U1|q[0]      ; clkdiv:U1|q[18]     ; clk        ; clk      ; None                        ; None                      ; 2.705 ns                ;
; N/A                                     ; 344.47 MHz ( period = 2.903 ns )                    ; clkdiv:U1|q[3]      ; clkdiv:U1|q[21]     ; clk        ; clk      ; None                        ; None                      ; 2.688 ns                ;
; N/A                                     ; 344.83 MHz ( period = 2.900 ns )                    ; clkdiv:U1|q[12]     ; clkdiv:U1|q[24]     ; clk        ; clk      ; None                        ; None                      ; 2.159 ns                ;
; N/A                                     ; 346.62 MHz ( period = 2.885 ns )                    ; clkdiv:U1|q[5]      ; clkdiv:U1|q[22]     ; clk        ; clk      ; None                        ; None                      ; 2.670 ns                ;
; N/A                                     ; 348.31 MHz ( period = 2.871 ns )                    ; clkdiv:U1|q[4]      ; clkdiv:U1|q[22]     ; clk        ; clk      ; None                        ; None                      ; 2.656 ns                ;
; N/A                                     ; 350.88 MHz ( period = 2.850 ns )                    ; clkdiv:U1|q[1]      ; clkdiv:U1|q[20]     ; clk        ; clk      ; None                        ; None                      ; 2.635 ns                ;
; N/A                                     ; 351.00 MHz ( period = 2.849 ns )                    ; clkdiv:U1|q[0]      ; clkdiv:U1|q[17]     ; clk        ; clk      ; None                        ; None                      ; 2.634 ns                ;
; N/A                                     ; 355.24 MHz ( period = 2.815 ns )                    ; clkdiv:U1|q[2]      ; clkdiv:U1|q[20]     ; clk        ; clk      ; None                        ; None                      ; 2.600 ns                ;
; N/A                                     ; 355.37 MHz ( period = 2.814 ns )                    ; clkdiv:U1|q[5]      ; clkdiv:U1|q[21]     ; clk        ; clk      ; None                        ; None                      ; 2.599 ns                ;
; N/A                                     ; 357.14 MHz ( period = 2.800 ns )                    ; clkdiv:U1|q[4]      ; clkdiv:U1|q[21]     ; clk        ; clk      ; None                        ; None                      ; 2.585 ns                ;
; N/A                                     ; 359.84 MHz ( period = 2.779 ns )                    ; clkdiv:U1|q[1]      ; clkdiv:U1|q[19]     ; clk        ; clk      ; None                        ; None                      ; 2.564 ns                ;
; N/A                                     ; 359.97 MHz ( period = 2.778 ns )                    ; clkdiv:U1|q[0]      ; clkdiv:U1|q[16]     ; clk        ; clk      ; None                        ; None                      ; 2.563 ns                ;
; N/A                                     ; 364.43 MHz ( period = 2.744 ns )                    ; clkdiv:U1|q[3]      ; clkdiv:U1|q[20]     ; clk        ; clk      ; None                        ; None                      ; 2.529 ns                ;
; N/A                                     ; 364.43 MHz ( period = 2.744 ns )                    ; clkdiv:U1|q[2]      ; clkdiv:U1|q[19]     ; clk        ; clk      ; None                        ; None                      ; 2.529 ns                ;
; N/A                                     ; 366.97 MHz ( period = 2.725 ns )                    ; clkdiv:U1|q[13]     ; clkdiv:U1|q[24]     ; clk        ; clk      ; None                        ; None                      ; 1.985 ns                ;
; N/A                                     ; 369.28 MHz ( period = 2.708 ns )                    ; clkdiv:U1|q[1]      ; clkdiv:U1|q[18]     ; clk        ; clk      ; None                        ; None                      ; 2.493 ns                ;
; N/A                                     ; 369.41 MHz ( period = 2.707 ns )                    ; clkdiv:U1|q[6]      ; clkdiv:U1|q[23]     ; clk        ; clk      ; None                        ; None                      ; 2.492 ns                ;
; N/A                                     ; 369.41 MHz ( period = 2.707 ns )                    ; clkdiv:U1|q[0]      ; clkdiv:U1|q[15]     ; clk        ; clk      ; None                        ; None                      ; 2.492 ns                ;
; N/A                                     ; 374.11 MHz ( period = 2.673 ns )                    ; clkdiv:U1|q[3]      ; clkdiv:U1|q[19]     ; clk        ; clk      ; None                        ; None                      ; 2.458 ns                ;
; N/A                                     ; 374.11 MHz ( period = 2.673 ns )                    ; clkdiv:U1|q[2]      ; clkdiv:U1|q[18]     ; clk        ; clk      ; None                        ; None                      ; 2.458 ns                ;
; N/A                                     ; 374.39 MHz ( period = 2.671 ns )                    ; clkdiv:U1|q[9]      ; clkdiv:U1|q[23]     ; clk        ; clk      ; None                        ; None                      ; 2.456 ns                ;
; N/A                                     ; 375.23 MHz ( period = 2.665 ns )                    ; clkdiv:U1|q[7]      ; clkdiv:U1|q[23]     ; clk        ; clk      ; None                        ; None                      ; 2.450 ns                ;
; N/A                                     ; 375.52 MHz ( period = 2.663 ns )                    ; clkdiv:U1|q[14]     ; clkdiv:U1|q[24]     ; clk        ; clk      ; None                        ; None                      ; 1.923 ns                ;
; N/A                                     ; 376.65 MHz ( period = 2.655 ns )                    ; clkdiv:U1|q[5]      ; clkdiv:U1|q[20]     ; clk        ; clk      ; None                        ; None                      ; 2.440 ns                ;
; N/A                                     ; 378.64 MHz ( period = 2.641 ns )                    ; clkdiv:U1|q[4]      ; clkdiv:U1|q[20]     ; clk        ; clk      ; None                        ; None                      ; 2.426 ns                ;
; N/A                                     ; 379.22 MHz ( period = 2.637 ns )                    ; clkdiv:U1|q[1]      ; clkdiv:U1|q[17]     ; clk        ; clk      ; None                        ; None                      ; 2.422 ns                ;
; N/A                                     ; 379.36 MHz ( period = 2.636 ns )                    ; clkdiv:U1|q[6]      ; clkdiv:U1|q[22]     ; clk        ; clk      ; None                        ; None                      ; 2.421 ns                ;
; N/A                                     ; 379.36 MHz ( period = 2.636 ns )                    ; clkdiv:U1|q[0]      ; clkdiv:U1|q[14]     ; clk        ; clk      ; None                        ; None                      ; 2.421 ns                ;
; N/A                                     ; 384.32 MHz ( period = 2.602 ns )                    ; clkdiv:U1|q[3]      ; clkdiv:U1|q[18]     ; clk        ; clk      ; None                        ; None                      ; 2.387 ns                ;
; N/A                                     ; 384.32 MHz ( period = 2.602 ns )                    ; clkdiv:U1|q[2]      ; clkdiv:U1|q[17]     ; clk        ; clk      ; None                        ; None                      ; 2.387 ns                ;
; N/A                                     ; 384.62 MHz ( period = 2.600 ns )                    ; clkdiv:U1|q[9]      ; clkdiv:U1|q[22]     ; clk        ; clk      ; None                        ; None                      ; 2.385 ns                ;
; N/A                                     ; 385.51 MHz ( period = 2.594 ns )                    ; clkdiv:U1|q[15]     ; clkdiv:U1|q[24]     ; clk        ; clk      ; None                        ; None                      ; 1.854 ns                ;
; N/A                                     ; 385.51 MHz ( period = 2.594 ns )                    ; clkdiv:U1|q[7]      ; clkdiv:U1|q[22]     ; clk        ; clk      ; None                        ; None                      ; 2.379 ns                ;
; N/A                                     ; 387.00 MHz ( period = 2.584 ns )                    ; clkdiv:U1|q[5]      ; clkdiv:U1|q[19]     ; clk        ; clk      ; None                        ; None                      ; 2.369 ns                ;
; N/A                                     ; 389.11 MHz ( period = 2.570 ns )                    ; clkdiv:U1|q[4]      ; clkdiv:U1|q[19]     ; clk        ; clk      ; None                        ; None                      ; 2.355 ns                ;
; N/A                                     ; 389.71 MHz ( period = 2.566 ns )                    ; clkdiv:U1|q[8]      ; clkdiv:U1|q[23]     ; clk        ; clk      ; None                        ; None                      ; 2.351 ns                ;
; N/A                                     ; 389.71 MHz ( period = 2.566 ns )                    ; clkdiv:U1|q[1]      ; clkdiv:U1|q[16]     ; clk        ; clk      ; None                        ; None                      ; 2.351 ns                ;
; N/A                                     ; 389.86 MHz ( period = 2.565 ns )                    ; clkdiv:U1|q[6]      ; clkdiv:U1|q[21]     ; clk        ; clk      ; None                        ; None                      ; 2.350 ns                ;
; N/A                                     ; 389.86 MHz ( period = 2.565 ns )                    ; clkdiv:U1|q[0]      ; clkdiv:U1|q[13]     ; clk        ; clk      ; None                        ; None                      ; 2.350 ns                ;
; N/A                                     ; 390.93 MHz ( period = 2.558 ns )                    ; clkdiv:U1|q[16]     ; clkdiv:U1|q[24]     ; clk        ; clk      ; None                        ; None                      ; 1.818 ns                ;
; N/A                                     ; 395.10 MHz ( period = 2.531 ns )                    ; clkdiv:U1|q[3]      ; clkdiv:U1|q[17]     ; clk        ; clk      ; None                        ; None                      ; 2.316 ns                ;
; N/A                                     ; 395.10 MHz ( period = 2.531 ns )                    ; clkdiv:U1|q[2]      ; clkdiv:U1|q[16]     ; clk        ; clk      ; None                        ; None                      ; 2.316 ns                ;
; N/A                                     ; 395.41 MHz ( period = 2.529 ns )                    ; clkdiv:U1|q[9]      ; clkdiv:U1|q[21]     ; clk        ; clk      ; None                        ; None                      ; 2.314 ns                ;
; N/A                                     ; 396.35 MHz ( period = 2.523 ns )                    ; clkdiv:U1|q[7]      ; clkdiv:U1|q[21]     ; clk        ; clk      ; None                        ; None                      ; 2.308 ns                ;
; N/A                                     ; 397.93 MHz ( period = 2.513 ns )                    ; clkdiv:U1|q[5]      ; clkdiv:U1|q[18]     ; clk        ; clk      ; None                        ; None                      ; 2.298 ns                ;
; N/A                                     ; 400.16 MHz ( period = 2.499 ns )                    ; clkdiv:U1|q[4]      ; clkdiv:U1|q[18]     ; clk        ; clk      ; None                        ; None                      ; 2.284 ns                ;
; N/A                                     ; 400.80 MHz ( period = 2.495 ns )                    ; clkdiv:U1|q[8]      ; clkdiv:U1|q[22]     ; clk        ; clk      ; None                        ; None                      ; 2.280 ns                ;
; N/A                                     ; 400.80 MHz ( period = 2.495 ns )                    ; clkdiv:U1|q[1]      ; clkdiv:U1|q[15]     ; clk        ; clk      ; None                        ; None                      ; 2.280 ns                ;
; N/A                                     ; 406.50 MHz ( period = 2.460 ns )                    ; clkdiv:U1|q[3]      ; clkdiv:U1|q[16]     ; clk        ; clk      ; None                        ; None                      ; 2.245 ns                ;
; N/A                                     ; 406.50 MHz ( period = 2.460 ns )                    ; clkdiv:U1|q[2]      ; clkdiv:U1|q[15]     ; clk        ; clk      ; None                        ; None                      ; 2.245 ns                ;
; N/A                                     ; 407.83 MHz ( period = 2.452 ns )                    ; clkdiv:U1|q[17]     ; clkdiv:U1|q[24]     ; clk        ; clk      ; None                        ; None                      ; 1.712 ns                ;
; N/A                                     ; 409.50 MHz ( period = 2.442 ns )                    ; clkdiv:U1|q[5]      ; clkdiv:U1|q[17]     ; clk        ; clk      ; None                        ; None                      ; 2.227 ns                ;
; N/A                                     ; 411.86 MHz ( period = 2.428 ns )                    ; clkdiv:U1|q[10]     ; clkdiv:U1|q[23]     ; clk        ; clk      ; None                        ; None                      ; 2.213 ns                ;
; N/A                                     ; 411.86 MHz ( period = 2.428 ns )                    ; clkdiv:U1|q[4]      ; clkdiv:U1|q[17]     ; clk        ; clk      ; None                        ; None                      ; 2.213 ns                ;
; N/A                                     ; 412.54 MHz ( period = 2.424 ns )                    ; clkdiv:U1|q[8]      ; clkdiv:U1|q[21]     ; clk        ; clk      ; None                        ; None                      ; 2.209 ns                ;
; N/A                                     ; 412.54 MHz ( period = 2.424 ns )                    ; clkdiv:U1|q[1]      ; clkdiv:U1|q[14]     ; clk        ; clk      ; None                        ; None                      ; 2.209 ns                ;
; N/A                                     ; 413.56 MHz ( period = 2.418 ns )                    ; clkdiv:U1|q[0]      ; clkdiv:U1|q[12]     ; clk        ; clk      ; None                        ; None                      ; 2.204 ns                ;
; N/A                                     ; 413.74 MHz ( period = 2.417 ns )                    ; clkdiv:U1|q[18]     ; clkdiv:U1|q[24]     ; clk        ; clk      ; None                        ; None                      ; 1.677 ns                ;
; N/A                                     ; 415.63 MHz ( period = 2.406 ns )                    ; clkdiv:U1|q[6]      ; clkdiv:U1|q[20]     ; clk        ; clk      ; None                        ; None                      ; 2.191 ns                ;
; N/A                                     ; 418.59 MHz ( period = 2.389 ns )                    ; clkdiv:U1|q[3]      ; clkdiv:U1|q[15]     ; clk        ; clk      ; None                        ; None                      ; 2.174 ns                ;
; N/A                                     ; 418.59 MHz ( period = 2.389 ns )                    ; clkdiv:U1|q[2]      ; clkdiv:U1|q[14]     ; clk        ; clk      ; None                        ; None                      ; 2.174 ns                ;
; N/A                                     ; Restricted to 420.17 MHz ( period = 2.380 ns )      ; clkdiv:U1|q[5]      ; clkdiv:U1|q[16]     ; clk        ; clk      ; None                        ; None                      ; 2.156 ns                ;
; N/A                                     ; Restricted to 420.17 MHz ( period = 2.380 ns )      ; clkdiv:U1|q[9]      ; clkdiv:U1|q[20]     ; clk        ; clk      ; None                        ; None                      ; 2.155 ns                ;
; N/A                                     ; Restricted to 420.17 MHz ( period = 2.380 ns )      ; clkdiv:U1|q[7]      ; clkdiv:U1|q[20]     ; clk        ; clk      ; None                        ; None                      ; 2.149 ns                ;
; N/A                                     ; Restricted to 420.17 MHz ( period = 2.380 ns )      ; clkdiv:U1|q[11]     ; clkdiv:U1|q[23]     ; clk        ; clk      ; None                        ; None                      ; 2.142 ns                ;
; N/A                                     ; Restricted to 420.17 MHz ( period = 2.380 ns )      ; clkdiv:U1|q[10]     ; clkdiv:U1|q[22]     ; clk        ; clk      ; None                        ; None                      ; 2.142 ns                ;
; N/A                                     ; Restricted to 420.17 MHz ( period = 2.380 ns )      ; clkdiv:U1|q[4]      ; clkdiv:U1|q[16]     ; clk        ; clk      ; None                        ; None                      ; 2.142 ns                ;
; N/A                                     ; Restricted to 420.17 MHz ( period = 2.380 ns )      ; clkdiv:U1|q[1]      ; clkdiv:U1|q[13]     ; clk        ; clk      ; None                        ; None                      ; 2.138 ns                ;
; N/A                                     ; Restricted to 420.17 MHz ( period = 2.380 ns )      ; clkdiv:U1|q[0]      ; clkdiv:U1|q[11]     ; clk        ; clk      ; None                        ; None                      ; 2.133 ns                ;
; N/A                                     ; Restricted to 420.17 MHz ( period = 2.380 ns )      ; clkdiv:U1|q[19]     ; clkdiv:U1|q[24]     ; clk        ; clk      ; None                        ; None                      ; 1.606 ns                ;
; N/A                                     ; Restricted to 420.17 MHz ( period = 2.380 ns )      ; clkdiv:U1|q[6]      ; clkdiv:U1|q[19]     ; clk        ; clk      ; None                        ; None                      ; 2.120 ns                ;
; N/A                                     ; Restricted to 420.17 MHz ( period = 2.380 ns )      ; traffic:U2|state.s0 ; traffic:U2|count[3] ; clk        ; clk      ; None                        ; None                      ; 2.120 ns                ;
; N/A                                     ; Restricted to 420.17 MHz ( period = 2.380 ns )      ; traffic:U2|state.s0 ; traffic:U2|count[1] ; clk        ; clk      ; None                        ; None                      ; 2.117 ns                ;
; N/A                                     ; Restricted to 420.17 MHz ( period = 2.380 ns )      ; traffic:U2|state.s0 ; traffic:U2|count[2] ; clk        ; clk      ; None                        ; None                      ; 2.117 ns                ;
; N/A                                     ; Restricted to 420.17 MHz ( period = 2.380 ns )      ; traffic:U2|state.s0 ; traffic:U2|count[0] ; clk        ; clk      ; None                        ; None                      ; 2.116 ns                ;
; N/A                                     ; Restricted to 420.17 MHz ( period = 2.380 ns )      ; clkdiv:U1|q[3]      ; clkdiv:U1|q[14]     ; clk        ; clk      ; None                        ; None                      ; 2.103 ns                ;
; N/A                                     ; Restricted to 420.17 MHz ( period = 2.380 ns )      ; clkdiv:U1|q[2]      ; clkdiv:U1|q[13]     ; clk        ; clk      ; None                        ; None                      ; 2.103 ns                ;
; N/A                                     ; Restricted to 420.17 MHz ( period = 2.380 ns )      ; clkdiv:U1|q[12]     ; clkdiv:U1|q[23]     ; clk        ; clk      ; None                        ; None                      ; 2.088 ns                ;
; N/A                                     ; Restricted to 420.17 MHz ( period = 2.380 ns )      ; clkdiv:U1|q[5]      ; clkdiv:U1|q[15]     ; clk        ; clk      ; None                        ; None                      ; 2.085 ns                ;
; N/A                                     ; Restricted to 420.17 MHz ( period = 2.380 ns )      ; clkdiv:U1|q[9]      ; clkdiv:U1|q[19]     ; clk        ; clk      ; None                        ; None                      ; 2.084 ns                ;
; N/A                                     ; Restricted to 420.17 MHz ( period = 2.380 ns )      ; clkdiv:U1|q[7]      ; clkdiv:U1|q[19]     ; clk        ; clk      ; None                        ; None                      ; 2.078 ns                ;
; N/A                                     ; Restricted to 420.17 MHz ( period = 2.380 ns )      ; clkdiv:U1|q[11]     ; clkdiv:U1|q[22]     ; clk        ; clk      ; None                        ; None                      ; 2.071 ns                ;
; N/A                                     ; Restricted to 420.17 MHz ( period = 2.380 ns )      ; clkdiv:U1|q[10]     ; clkdiv:U1|q[21]     ; clk        ; clk      ; None                        ; None                      ; 2.071 ns                ;
; N/A                                     ; Restricted to 420.17 MHz ( period = 2.380 ns )      ; clkdiv:U1|q[4]      ; clkdiv:U1|q[15]     ; clk        ; clk      ; None                        ; None                      ; 2.071 ns                ;
; N/A                                     ; Restricted to 420.17 MHz ( period = 2.380 ns )      ; clkdiv:U1|q[0]      ; clkdiv:U1|q[10]     ; clk        ; clk      ; None                        ; None                      ; 2.062 ns                ;
; N/A                                     ; Restricted to 420.17 MHz ( period = 2.380 ns )      ; clkdiv:U1|q[8]      ; clkdiv:U1|q[20]     ; clk        ; clk      ; None                        ; None                      ; 2.050 ns                ;
; N/A                                     ; Restricted to 420.17 MHz ( period = 2.380 ns )      ; clkdiv:U1|q[6]      ; clkdiv:U1|q[18]     ; clk        ; clk      ; None                        ; None                      ; 2.049 ns                ;
; N/A                                     ; Restricted to 420.17 MHz ( period = 2.380 ns )      ; traffic:U2|count[0] ; traffic:U2|count[3] ; clk        ; clk      ; None                        ; None                      ; 2.046 ns                ;
; N/A                                     ; Restricted to 420.17 MHz ( period = 2.380 ns )      ; traffic:U2|count[0] ; traffic:U2|count[1] ; clk        ; clk      ; None                        ; None                      ; 2.043 ns                ;
; N/A                                     ; Restricted to 420.17 MHz ( period = 2.380 ns )      ; traffic:U2|count[0] ; traffic:U2|count[2] ; clk        ; clk      ; None                        ; None                      ; 2.043 ns                ;
; N/A                                     ; Restricted to 420.17 MHz ( period = 2.380 ns )      ; traffic:U2|count[0] ; traffic:U2|count[0] ; clk        ; clk      ; None                        ; None                      ; 2.042 ns                ;
; N/A                                     ; Restricted to 420.17 MHz ( period = 2.380 ns )      ; traffic:U2|count[1] ; traffic:U2|count[3] ; clk        ; clk      ; None                        ; None                      ; 2.034 ns                ;
; N/A                                     ; Restricted to 420.17 MHz ( period = 2.380 ns )      ; clkdiv:U1|q[3]      ; clkdiv:U1|q[13]     ; clk        ; clk      ; None                        ; None                      ; 2.032 ns                ;
; N/A                                     ; Restricted to 420.17 MHz ( period = 2.380 ns )      ; traffic:U2|count[1] ; traffic:U2|count[1] ; clk        ; clk      ; None                        ; None                      ; 2.031 ns                ;
; N/A                                     ; Restricted to 420.17 MHz ( period = 2.380 ns )      ; traffic:U2|count[1] ; traffic:U2|count[2] ; clk        ; clk      ; None                        ; None                      ; 2.031 ns                ;
; N/A                                     ; Restricted to 420.17 MHz ( period = 2.380 ns )      ; traffic:U2|count[1] ; traffic:U2|count[0] ; clk        ; clk      ; None                        ; None                      ; 2.030 ns                ;
; N/A                                     ; Restricted to 420.17 MHz ( period = 2.380 ns )      ; clkdiv:U1|q[20]     ; clkdiv:U1|q[24]     ; clk        ; clk      ; None                        ; None                      ; 1.503 ns                ;
; N/A                                     ; Restricted to 420.17 MHz ( period = 2.380 ns )      ; clkdiv:U1|q[12]     ; clkdiv:U1|q[22]     ; clk        ; clk      ; None                        ; None                      ; 2.017 ns                ;
; N/A                                     ; Restricted to 420.17 MHz ( period = 2.380 ns )      ; clkdiv:U1|q[5]      ; clkdiv:U1|q[14]     ; clk        ; clk      ; None                        ; None                      ; 2.014 ns                ;
; N/A                                     ; Restricted to 420.17 MHz ( period = 2.380 ns )      ; clkdiv:U1|q[9]      ; clkdiv:U1|q[18]     ; clk        ; clk      ; None                        ; None                      ; 2.013 ns                ;
; N/A                                     ; Restricted to 420.17 MHz ( period = 2.380 ns )      ; clkdiv:U1|q[7]      ; clkdiv:U1|q[18]     ; clk        ; clk      ; None                        ; None                      ; 2.007 ns                ;
; N/A                                     ; Restricted to 420.17 MHz ( period = 2.380 ns )      ; clkdiv:U1|q[11]     ; clkdiv:U1|q[21]     ; clk        ; clk      ; None                        ; None                      ; 2.000 ns                ;
; N/A                                     ; Restricted to 420.17 MHz ( period = 2.380 ns )      ; clkdiv:U1|q[4]      ; clkdiv:U1|q[14]     ; clk        ; clk      ; None                        ; None                      ; 2.000 ns                ;
; N/A                                     ; Restricted to 420.17 MHz ( period = 2.380 ns )      ; clkdiv:U1|q[1]      ; clkdiv:U1|q[12]     ; clk        ; clk      ; None                        ; None                      ; 1.992 ns                ;
; N/A                                     ; Restricted to 420.17 MHz ( period = 2.380 ns )      ; clkdiv:U1|q[0]      ; clkdiv:U1|q[9]      ; clk        ; clk      ; None                        ; None                      ; 1.991 ns                ;
; N/A                                     ; Restricted to 420.17 MHz ( period = 2.380 ns )      ; clkdiv:U1|q[8]      ; clkdiv:U1|q[19]     ; clk        ; clk      ; None                        ; None                      ; 1.979 ns                ;
; N/A                                     ; Restricted to 420.17 MHz ( period = 2.380 ns )      ; clkdiv:U1|q[6]      ; clkdiv:U1|q[17]     ; clk        ; clk      ; None                        ; None                      ; 1.978 ns                ;
; N/A                                     ; Restricted to 420.17 MHz ( period = 2.380 ns )      ; clkdiv:U1|q[2]      ; clkdiv:U1|q[12]     ; clk        ; clk      ; None                        ; None                      ; 1.957 ns                ;
; N/A                                     ; Restricted to 420.17 MHz ( period = 2.380 ns )      ; clkdiv:U1|q[12]     ; clkdiv:U1|q[21]     ; clk        ; clk      ; None                        ; None                      ; 1.946 ns                ;
; N/A                                     ; Restricted to 420.17 MHz ( period = 2.380 ns )      ; clkdiv:U1|q[5]      ; clkdiv:U1|q[13]     ; clk        ; clk      ; None                        ; None                      ; 1.943 ns                ;
; N/A                                     ; Restricted to 420.17 MHz ( period = 2.380 ns )      ; clkdiv:U1|q[9]      ; clkdiv:U1|q[17]     ; clk        ; clk      ; None                        ; None                      ; 1.942 ns                ;
; N/A                                     ; Restricted to 420.17 MHz ( period = 2.380 ns )      ; clkdiv:U1|q[7]      ; clkdiv:U1|q[17]     ; clk        ; clk      ; None                        ; None                      ; 1.936 ns                ;
; N/A                                     ; Restricted to 420.17 MHz ( period = 2.380 ns )      ; clkdiv:U1|q[4]      ; clkdiv:U1|q[13]     ; clk        ; clk      ; None                        ; None                      ; 1.929 ns                ;
; N/A                                     ; Restricted to 420.17 MHz ( period = 2.380 ns )      ; clkdiv:U1|q[1]      ; clkdiv:U1|q[11]     ; clk        ; clk      ; None                        ; None                      ; 1.921 ns                ;
; N/A                                     ; Restricted to 420.17 MHz ( period = 2.380 ns )      ; clkdiv:U1|q[0]      ; clkdiv:U1|q[8]      ; clk        ; clk      ; None                        ; None                      ; 1.920 ns                ;
; N/A                                     ; Restricted to 420.17 MHz ( period = 2.380 ns )      ; clkdiv:U1|q[13]     ; clkdiv:U1|q[23]     ; clk        ; clk      ; None                        ; None                      ; 1.914 ns                ;
; N/A                                     ; Restricted to 420.17 MHz ( period = 2.380 ns )      ; clkdiv:U1|q[10]     ; clkdiv:U1|q[20]     ; clk        ; clk      ; None                        ; None                      ; 1.912 ns                ;
; N/A                                     ; Restricted to 420.17 MHz ( period = 2.380 ns )      ; clkdiv:U1|q[8]      ; clkdiv:U1|q[18]     ; clk        ; clk      ; None                        ; None                      ; 1.908 ns                ;
; N/A                                     ; Restricted to 420.17 MHz ( period = 2.380 ns )      ; clkdiv:U1|q[6]      ; clkdiv:U1|q[16]     ; clk        ; clk      ; None                        ; None                      ; 1.907 ns                ;
; N/A                                     ; Restricted to 420.17 MHz ( period = 2.380 ns )      ; clkdiv:U1|q[21]     ; clkdiv:U1|q[24]     ; clk        ; clk      ; None                        ; None                      ; 1.372 ns                ;
; N/A                                     ; Restricted to 420.17 MHz ( period = 2.380 ns )      ; clkdiv:U1|q[3]      ; clkdiv:U1|q[12]     ; clk        ; clk      ; None                        ; None                      ; 1.886 ns                ;
; N/A                                     ; Restricted to 420.17 MHz ( period = 2.380 ns )      ; clkdiv:U1|q[2]      ; clkdiv:U1|q[11]     ; clk        ; clk      ; None                        ; None                      ; 1.886 ns                ;
; N/A                                     ; Restricted to 420.17 MHz ( period = 2.380 ns )      ; traffic:U2|state.s3 ; traffic:U2|count[3] ; clk        ; clk      ; None                        ; None                      ; 1.885 ns                ;
; N/A                                     ; Restricted to 420.17 MHz ( period = 2.380 ns )      ; traffic:U2|state.s3 ; traffic:U2|count[1] ; clk        ; clk      ; None                        ; None                      ; 1.882 ns                ;
; N/A                                     ; Restricted to 420.17 MHz ( period = 2.380 ns )      ; traffic:U2|state.s3 ; traffic:U2|count[2] ; clk        ; clk      ; None                        ; None                      ; 1.882 ns                ;
; N/A                                     ; Restricted to 420.17 MHz ( period = 2.380 ns )      ; traffic:U2|state.s3 ; traffic:U2|count[0] ; clk        ; clk      ; None                        ; None                      ; 1.881 ns                ;
; N/A                                     ; Restricted to 420.17 MHz ( period = 2.380 ns )      ; clkdiv:U1|q[9]      ; clkdiv:U1|q[16]     ; clk        ; clk      ; None                        ; None                      ; 1.871 ns                ;
; N/A                                     ; Restricted to 420.17 MHz ( period = 2.380 ns )      ; clkdiv:U1|q[7]      ; clkdiv:U1|q[16]     ; clk        ; clk      ; None                        ; None                      ; 1.865 ns                ;
; N/A                                     ; Restricted to 420.17 MHz ( period = 2.380 ns )      ; clkdiv:U1|q[14]     ; clkdiv:U1|q[23]     ; clk        ; clk      ; None                        ; None                      ; 1.852 ns                ;
; N/A                                     ; Restricted to 420.17 MHz ( period = 2.380 ns )      ; clkdiv:U1|q[1]      ; clkdiv:U1|q[10]     ; clk        ; clk      ; None                        ; None                      ; 1.850 ns                ;
; N/A                                     ; Restricted to 420.17 MHz ( period = 2.380 ns )      ; clkdiv:U1|q[0]      ; clkdiv:U1|q[7]      ; clk        ; clk      ; None                        ; None                      ; 1.849 ns                ;
; N/A                                     ; Restricted to 420.17 MHz ( period = 2.380 ns )      ; clkdiv:U1|q[13]     ; clkdiv:U1|q[22]     ; clk        ; clk      ; None                        ; None                      ; 1.843 ns                ;
; N/A                                     ; Restricted to 420.17 MHz ( period = 2.380 ns )      ; clkdiv:U1|q[11]     ; clkdiv:U1|q[20]     ; clk        ; clk      ; None                        ; None                      ; 1.841 ns                ;
; N/A                                     ; Restricted to 420.17 MHz ( period = 2.380 ns )      ; clkdiv:U1|q[10]     ; clkdiv:U1|q[19]     ; clk        ; clk      ; None                        ; None                      ; 1.841 ns                ;
; N/A                                     ; Restricted to 420.17 MHz ( period = 2.380 ns )      ; clkdiv:U1|q[8]      ; clkdiv:U1|q[17]     ; clk        ; clk      ; None                        ; None                      ; 1.837 ns                ;
; N/A                                     ; Restricted to 420.17 MHz ( period = 2.380 ns )      ; clkdiv:U1|q[6]      ; clkdiv:U1|q[15]     ; clk        ; clk      ; None                        ; None                      ; 1.836 ns                ;
; N/A                                     ; Restricted to 420.17 MHz ( period = 2.380 ns )      ; traffic:U2|count[2] ; traffic:U2|count[3] ; clk        ; clk      ; None                        ; None                      ; 1.831 ns                ;
; N/A                                     ; Restricted to 420.17 MHz ( period = 2.380 ns )      ; traffic:U2|count[2] ; traffic:U2|count[1] ; clk        ; clk      ; None                        ; None                      ; 1.828 ns                ;
; N/A                                     ; Restricted to 420.17 MHz ( period = 2.380 ns )      ; traffic:U2|count[2] ; traffic:U2|count[2] ; clk        ; clk      ; None                        ; None                      ; 1.828 ns                ;
; N/A                                     ; Restricted to 420.17 MHz ( period = 2.380 ns )      ; traffic:U2|count[2] ; traffic:U2|count[0] ; clk        ; clk      ; None                        ; None                      ; 1.827 ns                ;
; N/A                                     ; Restricted to 420.17 MHz ( period = 2.380 ns )      ; clkdiv:U1|q[3]      ; clkdiv:U1|q[11]     ; clk        ; clk      ; None                        ; None                      ; 1.815 ns                ;
; N/A                                     ; Restricted to 420.17 MHz ( period = 2.380 ns )      ; clkdiv:U1|q[2]      ; clkdiv:U1|q[10]     ; clk        ; clk      ; None                        ; None                      ; 1.815 ns                ;
; N/A                                     ; Restricted to 420.17 MHz ( period = 2.380 ns )      ; traffic:U2|count[0] ; traffic:U2|state.s1 ; clk        ; clk      ; None                        ; None                      ; 1.815 ns                ;
; N/A                                     ; Restricted to 420.17 MHz ( period = 2.380 ns )      ; traffic:U2|count[0] ; traffic:U2|state.s4 ; clk        ; clk      ; None                        ; None                      ; 1.813 ns                ;
; N/A                                     ; Restricted to 420.17 MHz ( period = 2.380 ns )      ; clkdiv:U1|q[9]      ; clkdiv:U1|q[15]     ; clk        ; clk      ; None                        ; None                      ; 1.800 ns                ;
; N/A                                     ; Restricted to 420.17 MHz ( period = 2.380 ns )      ; traffic:U2|count[1] ; traffic:U2|state.s1 ; clk        ; clk      ; None                        ; None                      ; 1.799 ns                ;
; N/A                                     ; Restricted to 420.17 MHz ( period = 2.380 ns )      ; clkdiv:U1|q[5]      ; clkdiv:U1|q[12]     ; clk        ; clk      ; None                        ; None                      ; 1.797 ns                ;
; N/A                                     ; Restricted to 420.17 MHz ( period = 2.380 ns )      ; traffic:U2|count[1] ; traffic:U2|state.s4 ; clk        ; clk      ; None                        ; None                      ; 1.797 ns                ;
; N/A                                     ; Restricted to 420.17 MHz ( period = 2.380 ns )      ; clkdiv:U1|q[7]      ; clkdiv:U1|q[15]     ; clk        ; clk      ; None                        ; None                      ; 1.794 ns                ;
; N/A                                     ; Restricted to 420.17 MHz ( period = 2.380 ns )      ; clkdiv:U1|q[22]     ; clkdiv:U1|q[24]     ; clk        ; clk      ; None                        ; None                      ; 1.268 ns                ;
; N/A                                     ; Restricted to 420.17 MHz ( period = 2.380 ns )      ; clkdiv:U1|q[12]     ; clkdiv:U1|q[20]     ; clk        ; clk      ; None                        ; None                      ; 1.787 ns                ;
; N/A                                     ; Restricted to 420.17 MHz ( period = 2.380 ns )      ; clkdiv:U1|q[15]     ; clkdiv:U1|q[23]     ; clk        ; clk      ; None                        ; None                      ; 1.783 ns                ;
; N/A                                     ; Restricted to 420.17 MHz ( period = 2.380 ns )      ; clkdiv:U1|q[4]      ; clkdiv:U1|q[12]     ; clk        ; clk      ; None                        ; None                      ; 1.783 ns                ;
; N/A                                     ; Restricted to 420.17 MHz ( period = 2.380 ns )      ; clkdiv:U1|q[14]     ; clkdiv:U1|q[22]     ; clk        ; clk      ; None                        ; None                      ; 1.781 ns                ;
; N/A                                     ; Restricted to 420.17 MHz ( period = 2.380 ns )      ; clkdiv:U1|q[1]      ; clkdiv:U1|q[9]      ; clk        ; clk      ; None                        ; None                      ; 1.779 ns                ;
; N/A                                     ; Restricted to 420.17 MHz ( period = 2.380 ns )      ; clkdiv:U1|q[0]      ; clkdiv:U1|q[6]      ; clk        ; clk      ; None                        ; None                      ; 1.778 ns                ;
; N/A                                     ; Restricted to 420.17 MHz ( period = 2.380 ns )      ; clkdiv:U1|q[13]     ; clkdiv:U1|q[21]     ; clk        ; clk      ; None                        ; None                      ; 1.772 ns                ;
; N/A                                     ; Restricted to 420.17 MHz ( period = 2.380 ns )      ; clkdiv:U1|q[11]     ; clkdiv:U1|q[19]     ; clk        ; clk      ; None                        ; None                      ; 1.770 ns                ;
; N/A                                     ; Restricted to 420.17 MHz ( period = 2.380 ns )      ; clkdiv:U1|q[10]     ; clkdiv:U1|q[18]     ; clk        ; clk      ; None                        ; None                      ; 1.770 ns                ;
; N/A                                     ; Restricted to 420.17 MHz ( period = 2.380 ns )      ; clkdiv:U1|q[8]      ; clkdiv:U1|q[16]     ; clk        ; clk      ; None                        ; None                      ; 1.766 ns                ;
; N/A                                     ; Restricted to 420.17 MHz ( period = 2.380 ns )      ; clkdiv:U1|q[6]      ; clkdiv:U1|q[14]     ; clk        ; clk      ; None                        ; None                      ; 1.765 ns                ;
; N/A                                     ; Restricted to 420.17 MHz ( period = 2.380 ns )      ; clkdiv:U1|q[23]     ; clkdiv:U1|q[24]     ; clk        ; clk      ; None                        ; None                      ; 1.230 ns                ;
; N/A                                     ; Restricted to 420.17 MHz ( period = 2.380 ns )      ; clkdiv:U1|q[16]     ; clkdiv:U1|q[23]     ; clk        ; clk      ; None                        ; None                      ; 1.747 ns                ;
; N/A                                     ; Restricted to 420.17 MHz ( period = 2.380 ns )      ; clkdiv:U1|q[3]      ; clkdiv:U1|q[10]     ; clk        ; clk      ; None                        ; None                      ; 1.744 ns                ;
; N/A                                     ; Restricted to 420.17 MHz ( period = 2.380 ns )      ; clkdiv:U1|q[2]      ; clkdiv:U1|q[9]      ; clk        ; clk      ; None                        ; None                      ; 1.744 ns                ;
; N/A                                     ; Restricted to 420.17 MHz ( period = 2.380 ns )      ; clkdiv:U1|q[9]      ; clkdiv:U1|q[14]     ; clk        ; clk      ; None                        ; None                      ; 1.729 ns                ;
; N/A                                     ; Restricted to 420.17 MHz ( period = 2.380 ns )      ; clkdiv:U1|q[5]      ; clkdiv:U1|q[11]     ; clk        ; clk      ; None                        ; None                      ; 1.726 ns                ;
; N/A                                     ; Restricted to 420.17 MHz ( period = 2.380 ns )      ; clkdiv:U1|q[7]      ; clkdiv:U1|q[14]     ; clk        ; clk      ; None                        ; None                      ; 1.723 ns                ;
; N/A                                     ; Restricted to 420.17 MHz ( period = 2.380 ns )      ; traffic:U2|state.s5 ; traffic:U2|count[3] ; clk        ; clk      ; None                        ; None                      ; 1.724 ns                ;
; N/A                                     ; Restricted to 420.17 MHz ( period = 2.380 ns )      ; traffic:U2|state.s5 ; traffic:U2|count[1] ; clk        ; clk      ; None                        ; None                      ; 1.721 ns                ;
; N/A                                     ; Restricted to 420.17 MHz ( period = 2.380 ns )      ; traffic:U2|state.s5 ; traffic:U2|count[2] ; clk        ; clk      ; None                        ; None                      ; 1.721 ns                ;
; N/A                                     ; Restricted to 420.17 MHz ( period = 2.380 ns )      ; traffic:U2|state.s5 ; traffic:U2|count[0] ; clk        ; clk      ; None                        ; None                      ; 1.720 ns                ;
; N/A                                     ; Restricted to 420.17 MHz ( period = 2.380 ns )      ; clkdiv:U1|q[12]     ; clkdiv:U1|q[19]     ; clk        ; clk      ; None                        ; None                      ; 1.716 ns                ;
; Timing analysis restricted to 200 rows. ; To change the limit use Settings (Assignments menu) ;                     ;                     ;            ;          ;                             ;                           ;                         ;
+-----------------------------------------+-----------------------------------------------------+---------------------+---------------------+------------+----------+-----------------------------+---------------------------+-------------------------+


+------------------------------------------------------------------------------+
; tco                                                                          ;
+-------+--------------+------------+---------------------+-------+------------+
; Slack ; Required tco ; Actual tco ; From                ; To    ; From Clock ;
+-------+--------------+------------+---------------------+-------+------------+
; N/A   ; None         ; 9.334 ns   ; traffic:U2|state.s0 ; ld[4] ; clk        ;
; N/A   ; None         ; 9.242 ns   ; traffic:U2|state.s4 ; ld[7] ; clk        ;
; N/A   ; None         ; 9.205 ns   ; traffic:U2|state.s1 ; ld[4] ; clk        ;
; N/A   ; None         ; 9.106 ns   ; traffic:U2|state.s3 ; ld[7] ; clk        ;
; N/A   ; None         ; 8.662 ns   ; traffic:U2|state.s0 ; ld[2] ; clk        ;
; N/A   ; None         ; 8.661 ns   ; traffic:U2|state.s1 ; ld[3] ; clk        ;
; N/A   ; None         ; 8.449 ns   ; traffic:U2|state.s4 ; ld[6] ; clk        ;
; N/A   ; None         ; 8.437 ns   ; traffic:U2|state.s3 ; ld[5] ; clk        ;
+-------+--------------+------------+---------------------+-------+------------+


+--------------------------+
; Timing Analyzer Messages ;
+--------------------------+
Info: *******************************************************************
Info: Running Quartus II Classic Timing Analyzer
    Info: Version 9.0 Build 235 06/17/2009 Service Pack 2 SJ Web Edition
    Info: Processing started: Wed Oct 10 08:22:26 2018
Info: Command: quartus_tan --read_settings_files=off --write_settings_files=off traffic_lights_top -c traffic_lights_top --timing_analysis_only
Warning: Found pins functioning as undefined clocks and/or memory enables
    Info: Assuming node "clk" is an undefined clock
Warning: Found 1 node(s) in clock paths which may be acting as ripple and/or gated clocks -- node(s) analyzed as buffer(s) resulting in clock skew
    Info: Detected ripple clock "clkdiv:U1|q[24]" as buffer
Info: Clock "clk" has Internal fmax of 252.53 MHz between source register "clkdiv:U1|q[0]" and destination register "clkdiv:U1|q[24]" (period= 3.96 ns)
    Info: + Longest register to register delay is 3.219 ns
        Info: 1: + IC(0.000 ns) + CELL(0.000 ns) = 0.000 ns; Loc. = LCFF_X31_Y35_N1; Fanout = 3; REG Node = 'clkdiv:U1|q[0]'
        Info: 2: + IC(0.498 ns) + CELL(0.414 ns) = 0.912 ns; Loc. = LCCOMB_X31_Y35_N8; Fanout = 2; COMB Node = 'clkdiv:U1|q[1]~25'
        Info: 3: + IC(0.000 ns) + CELL(0.071 ns) = 0.983 ns; Loc. = LCCOMB_X31_Y35_N10; Fanout = 2; COMB Node = 'clkdiv:U1|q[2]~27'
        Info: 4: + IC(0.000 ns) + CELL(0.071 ns) = 1.054 ns; Loc. = LCCOMB_X31_Y35_N12; Fanout = 2; COMB Node = 'clkdiv:U1|q[3]~29'
        Info: 5: + IC(0.000 ns) + CELL(0.159 ns) = 1.213 ns; Loc. = LCCOMB_X31_Y35_N14; Fanout = 2; COMB Node = 'clkdiv:U1|q[4]~31'
        Info: 6: + IC(0.000 ns) + CELL(0.071 ns) = 1.284 ns; Loc. = LCCOMB_X31_Y35_N16; Fanout = 2; COMB Node = 'clkdiv:U1|q[5]~33'
        Info: 7: + IC(0.000 ns) + CELL(0.071 ns) = 1.355 ns; Loc. = LCCOMB_X31_Y35_N18; Fanout = 2; COMB Node = 'clkdiv:U1|q[6]~35'
        Info: 8: + IC(0.000 ns) + CELL(0.071 ns) = 1.426 ns; Loc. = LCCOMB_X31_Y35_N20; Fanout = 2; COMB Node = 'clkdiv:U1|q[7]~37'
        Info: 9: + IC(0.000 ns) + CELL(0.071 ns) = 1.497 ns; Loc. = LCCOMB_X31_Y35_N22; Fanout = 2; COMB Node = 'clkdiv:U1|q[8]~39'
        Info: 10: + IC(0.000 ns) + CELL(0.071 ns) = 1.568 ns; Loc. = LCCOMB_X31_Y35_N24; Fanout = 2; COMB Node = 'clkdiv:U1|q[9]~41'
        Info: 11: + IC(0.000 ns) + CELL(0.071 ns) = 1.639 ns; Loc. = LCCOMB_X31_Y35_N26; Fanout = 2; COMB Node = 'clkdiv:U1|q[10]~43'
        Info: 12: + IC(0.000 ns) + CELL(0.071 ns) = 1.710 ns; Loc. = LCCOMB_X31_Y35_N28; Fanout = 2; COMB Node = 'clkdiv:U1|q[11]~45'
        Info: 13: + IC(0.000 ns) + CELL(0.146 ns) = 1.856 ns; Loc. = LCCOMB_X31_Y35_N30; Fanout = 2; COMB Node = 'clkdiv:U1|q[12]~47'
        Info: 14: + IC(0.000 ns) + CELL(0.071 ns) = 1.927 ns; Loc. = LCCOMB_X31_Y34_N0; Fanout = 2; COMB Node = 'clkdiv:U1|q[13]~49'
        Info: 15: + IC(0.000 ns) + CELL(0.071 ns) = 1.998 ns; Loc. = LCCOMB_X31_Y34_N2; Fanout = 2; COMB Node = 'clkdiv:U1|q[14]~51'
        Info: 16: + IC(0.000 ns) + CELL(0.071 ns) = 2.069 ns; Loc. = LCCOMB_X31_Y34_N4; Fanout = 2; COMB Node = 'clkdiv:U1|q[15]~53'
        Info: 17: + IC(0.000 ns) + CELL(0.071 ns) = 2.140 ns; Loc. = LCCOMB_X31_Y34_N6; Fanout = 2; COMB Node = 'clkdiv:U1|q[16]~55'
        Info: 18: + IC(0.000 ns) + CELL(0.071 ns) = 2.211 ns; Loc. = LCCOMB_X31_Y34_N8; Fanout = 2; COMB Node = 'clkdiv:U1|q[17]~57'
        Info: 19: + IC(0.000 ns) + CELL(0.071 ns) = 2.282 ns; Loc. = LCCOMB_X31_Y34_N10; Fanout = 2; COMB Node = 'clkdiv:U1|q[18]~59'
        Info: 20: + IC(0.000 ns) + CELL(0.071 ns) = 2.353 ns; Loc. = LCCOMB_X31_Y34_N12; Fanout = 2; COMB Node = 'clkdiv:U1|q[19]~61'
        Info: 21: + IC(0.000 ns) + CELL(0.159 ns) = 2.512 ns; Loc. = LCCOMB_X31_Y34_N14; Fanout = 2; COMB Node = 'clkdiv:U1|q[20]~63'
        Info: 22: + IC(0.000 ns) + CELL(0.071 ns) = 2.583 ns; Loc. = LCCOMB_X31_Y34_N16; Fanout = 2; COMB Node = 'clkdiv:U1|q[21]~65'
        Info: 23: + IC(0.000 ns) + CELL(0.071 ns) = 2.654 ns; Loc. = LCCOMB_X31_Y34_N18; Fanout = 2; COMB Node = 'clkdiv:U1|q[22]~67'
        Info: 24: + IC(0.000 ns) + CELL(0.071 ns) = 2.725 ns; Loc. = LCCOMB_X31_Y34_N20; Fanout = 1; COMB Node = 'clkdiv:U1|q[23]~69'
        Info: 25: + IC(0.000 ns) + CELL(0.410 ns) = 3.135 ns; Loc. = LCCOMB_X31_Y34_N22; Fanout = 1; COMB Node = 'clkdiv:U1|q[24]~70'
        Info: 26: + IC(0.000 ns) + CELL(0.084 ns) = 3.219 ns; Loc. = LCFF_X31_Y34_N23; Fanout = 2; REG Node = 'clkdiv:U1|q[24]'
        Info: Total cell delay = 2.721 ns ( 84.53 % )
        Info: Total interconnect delay = 0.498 ns ( 15.47 % )
    Info: - Smallest clock skew is -0.527 ns
        Info: + Shortest clock path from clock "clk" to destination register is 2.138 ns
            Info: 1: + IC(0.000 ns) + CELL(0.979 ns) = 0.979 ns; Loc. = PIN_D13; Fanout = 2; CLK Node = 'clk'
            Info: 2: + IC(0.622 ns) + CELL(0.537 ns) = 2.138 ns; Loc. = LCFF_X31_Y34_N23; Fanout = 2; REG Node = 'clkdiv:U1|q[24]'
            Info: Total cell delay = 1.516 ns ( 70.91 % )
            Info: Total interconnect delay = 0.622 ns ( 29.09 % )
        Info: - Longest clock path from clock "clk" to source register is 2.665 ns
            Info: 1: + IC(0.000 ns) + CELL(0.979 ns) = 0.979 ns; Loc. = PIN_D13; Fanout = 2; CLK Node = 'clk'
            Info: 2: + IC(0.113 ns) + CELL(0.000 ns) = 1.092 ns; Loc. = CLKCTRL_G11; Fanout = 24; COMB Node = 'clk~clkctrl'
            Info: 3: + IC(1.036 ns) + CELL(0.537 ns) = 2.665 ns; Loc. = LCFF_X31_Y35_N1; Fanout = 3; REG Node = 'clkdiv:U1|q[0]'
            Info: Total cell delay = 1.516 ns ( 56.89 % )
            Info: Total interconnect delay = 1.149 ns ( 43.11 % )
    Info: + Micro clock to output delay of source is 0.250 ns
    Info: + Micro setup delay of destination is -0.036 ns
Info: tco from clock "clk" to destination pin "ld[4]" through register "traffic:U2|state.s0" is 9.334 ns
    Info: + Longest clock path from clock "clk" to source register is 4.735 ns
        Info: 1: + IC(0.000 ns) + CELL(0.979 ns) = 0.979 ns; Loc. = PIN_D13; Fanout = 2; CLK Node = 'clk'
        Info: 2: + IC(0.622 ns) + CELL(0.787 ns) = 2.388 ns; Loc. = LCFF_X31_Y34_N23; Fanout = 2; REG Node = 'clkdiv:U1|q[24]'
        Info: 3: + IC(0.771 ns) + CELL(0.000 ns) = 3.159 ns; Loc. = CLKCTRL_G8; Fanout = 10; COMB Node = 'clkdiv:U1|q[24]~clkctrl'
        Info: 4: + IC(1.039 ns) + CELL(0.537 ns) = 4.735 ns; Loc. = LCFF_X61_Y1_N1; Fanout = 5; REG Node = 'traffic:U2|state.s0'
        Info: Total cell delay = 2.303 ns ( 48.64 % )
        Info: Total interconnect delay = 2.432 ns ( 51.36 % )
    Info: + Micro clock to output delay of source is 0.250 ns
    Info: + Longest register to pin delay is 4.349 ns
        Info: 1: + IC(0.000 ns) + CELL(0.000 ns) = 0.000 ns; Loc. = LCFF_X61_Y1_N1; Fanout = 5; REG Node = 'traffic:U2|state.s0'
        Info: 2: + IC(0.724 ns) + CELL(0.271 ns) = 0.995 ns; Loc. = LCCOMB_X63_Y1_N16; Fanout = 1; COMB Node = 'traffic:U2|lights~1'
        Info: 3: + IC(0.566 ns) + CELL(2.788 ns) = 4.349 ns; Loc. = PIN_AB21; Fanout = 0; PIN Node = 'ld[4]'
        Info: Total cell delay = 3.059 ns ( 70.34 % )
        Info: Total interconnect delay = 1.290 ns ( 29.66 % )
Info: Quartus II Classic Timing Analyzer was successful. 0 errors, 2 warnings
    Info: Peak virtual memory: 164 megabytes
    Info: Processing ended: Wed Oct 10 08:22:27 2018
    Info: Elapsed time: 00:00:01
    Info: Total CPU time (on all processors): 00:00:00


