Analysis & Synthesis report for timerlab
Mon Sep 17 23:41:38 2018
Quartus II Version 9.0 Build 235 06/17/2009 Service Pack 2 SJ Web Edition


---------------------
; Table of Contents ;
---------------------
  1. Legal Notice
  2. Analysis & Synthesis Summary
  3. Analysis & Synthesis Settings
  4. Analysis & Synthesis Source Files Read
  5. Analysis & Synthesis Resource Usage Summary
  6. Analysis & Synthesis Resource Utilization by Entity
  7. State Machine - |timerlab|mLCD_ST
  8. State Machine - |timerlab|LCD_Controller:u0|ST
  9. Registers Removed During Synthesis
 10. General Register Statistics
 11. Multiplexer Restructuring Statistics (Restructuring Performed)
 12. Parameter Settings for User Entity Instance: Top-level Entity: |timerlab
 13. Parameter Settings for User Entity Instance: LCD_Controller:u0
 14. Port Connectivity Checks: "decimal_counter:count3"
 15. Port Connectivity Checks: "clock_divider:cdiv"
 16. Analysis & Synthesis Messages
 17. Analysis & Synthesis Suppressed Messages



----------------
; Legal Notice ;
----------------
Copyright (C) 1991-2009 Altera Corporation
Your use of Altera Corporation's design tools, logic functions 
and other software and tools, and its AMPP partner logic 
functions, and any output files from any of the foregoing 
(including device programming or simulation files), and any 
associated documentation or information are expressly subject 
to the terms and conditions of the Altera Program License 
Subscription Agreement, Altera MegaCore Function License 
Agreement, or other applicable license agreement, including, 
without limitation, that your use is for the sole purpose of 
programming logic devices manufactured by Altera and sold by 
Altera or its authorized distributors.  Please refer to the 
applicable agreement for further details.



+-----------------------------------------------------------------------------------+
; Analysis & Synthesis Summary                                                      ;
+------------------------------------+----------------------------------------------+
; Analysis & Synthesis Status        ; Successful - Mon Sep 17 23:41:38 2018        ;
; Quartus II Version                 ; 9.0 Build 235 06/17/2009 SP 2 SJ Web Edition ;
; Revision Name                      ; timerlab                                     ;
; Top-level Entity Name              ; timerlab                                     ;
; Family                             ; Cyclone II                                   ;
; Total logic elements               ; 182                                          ;
;     Total combinational functions  ; 179                                          ;
;     Dedicated logic registers      ; 125                                          ;
; Total registers                    ; 125                                          ;
; Total pins                         ; 191                                          ;
; Total virtual pins                 ; 0                                            ;
; Total memory bits                  ; 0                                            ;
; Embedded Multiplier 9-bit elements ; 0                                            ;
; Total PLLs                         ; 0                                            ;
+------------------------------------+----------------------------------------------+


+--------------------------------------------------------------------------------------------------------+
; Analysis & Synthesis Settings                                                                          ;
+--------------------------------------------------------------+--------------------+--------------------+
; Option                                                       ; Setting            ; Default Value      ;
+--------------------------------------------------------------+--------------------+--------------------+
; Device                                                       ; EP2C35F672C6       ;                    ;
; Top-level entity name                                        ; timerlab           ; timerlab           ;
; Family name                                                  ; Cyclone II         ; Stratix II         ;
; Use Generated Physical Constraints File                      ; Off                ;                    ;
; Use smart compilation                                        ; Off                ; Off                ;
; Restructure Multiplexers                                     ; Auto               ; Auto               ;
; Create Debugging Nodes for IP Cores                          ; Off                ; Off                ;
; Preserve fewer node names                                    ; On                 ; On                 ;
; Disable OpenCore Plus hardware evaluation                    ; Off                ; Off                ;
; Verilog Version                                              ; Verilog_2001       ; Verilog_2001       ;
; VHDL Version                                                 ; VHDL93             ; VHDL93             ;
; State Machine Processing                                     ; Auto               ; Auto               ;
; Safe State Machine                                           ; Off                ; Off                ;
; Extract Verilog State Machines                               ; On                 ; On                 ;
; Extract VHDL State Machines                                  ; On                 ; On                 ;
; Ignore Verilog initial constructs                            ; Off                ; Off                ;
; Iteration limit for constant Verilog loops                   ; 5000               ; 5000               ;
; Iteration limit for non-constant Verilog loops               ; 250                ; 250                ;
; Add Pass-Through Logic to Inferred RAMs                      ; On                 ; On                 ;
; Parallel Synthesis                                           ; Off                ; Off                ;
; DSP Block Balancing                                          ; Auto               ; Auto               ;
; NOT Gate Push-Back                                           ; On                 ; On                 ;
; Power-Up Don't Care                                          ; On                 ; On                 ;
; Remove Redundant Logic Cells                                 ; Off                ; Off                ;
; Remove Duplicate Registers                                   ; On                 ; On                 ;
; Ignore CARRY Buffers                                         ; Off                ; Off                ;
; Ignore CASCADE Buffers                                       ; Off                ; Off                ;
; Ignore GLOBAL Buffers                                        ; Off                ; Off                ;
; Ignore ROW GLOBAL Buffers                                    ; Off                ; Off                ;
; Ignore LCELL Buffers                                         ; Off                ; Off                ;
; Ignore SOFT Buffers                                          ; On                 ; On                 ;
; Limit AHDL Integers to 32 Bits                               ; Off                ; Off                ;
; Optimization Technique                                       ; Balanced           ; Balanced           ;
; Carry Chain Length                                           ; 70                 ; 70                 ;
; Auto Carry Chains                                            ; On                 ; On                 ;
; Auto Open-Drain Pins                                         ; On                 ; On                 ;
; Perform WYSIWYG Primitive Resynthesis                        ; Off                ; Off                ;
; Auto ROM Replacement                                         ; On                 ; On                 ;
; Auto RAM Replacement                                         ; On                 ; On                 ;
; Auto Shift Register Replacement                              ; Auto               ; Auto               ;
; Auto Clock Enable Replacement                                ; On                 ; On                 ;
; Strict RAM Replacement                                       ; Off                ; Off                ;
; Allow Synchronous Control Signals                            ; On                 ; On                 ;
; Force Use of Synchronous Clear Signals                       ; Off                ; Off                ;
; Auto RAM to Logic Cell Conversion                            ; Off                ; Off                ;
; Auto Resource Sharing                                        ; Off                ; Off                ;
; Allow Any RAM Size For Recognition                           ; Off                ; Off                ;
; Allow Any ROM Size For Recognition                           ; Off                ; Off                ;
; Allow Any Shift Register Size For Recognition                ; Off                ; Off                ;
; Use LogicLock Constraints during Resource Balancing          ; On                 ; On                 ;
; Ignore translate_off and synthesis_off directives            ; Off                ; Off                ;
; Timing-Driven Synthesis                                      ; Off                ; Off                ;
; Show Parameter Settings Tables in Synthesis Report           ; On                 ; On                 ;
; Ignore Maximum Fan-Out Assignments                           ; Off                ; Off                ;
; Synchronization Register Chain Length                        ; 2                  ; 2                  ;
; PowerPlay Power Optimization                                 ; Normal compilation ; Normal compilation ;
; HDL message level                                            ; Level2             ; Level2             ;
; Suppress Register Optimization Related Messages              ; Off                ; Off                ;
; Number of Removed Registers Reported in Synthesis Report     ; 100                ; 100                ;
; Number of Inverted Registers Reported in Synthesis Report    ; 100                ; 100                ;
; Clock MUX Protection                                         ; On                 ; On                 ;
; Auto Gated Clock Conversion                                  ; Off                ; Off                ;
; Block Design Naming                                          ; Auto               ; Auto               ;
; SDC constraint protection                                    ; Off                ; Off                ;
; Synthesis Effort                                             ; Auto               ; Auto               ;
; Shift Register Replacement - Allow Asynchronous Clear Signal ; On                 ; On                 ;
; Analysis & Synthesis Message Level                           ; Medium             ; Medium             ;
+--------------------------------------------------------------+--------------------+--------------------+


+------------------------------------------------------------------------------------------------------------------------------------------------+
; Analysis & Synthesis Source Files Read                                                                                                         ;
+----------------------------------+-----------------+------------------------+------------------------------------------------------------------+
; File Name with User-Entered Path ; Used in Netlist ; File Type              ; File Name with Absolute Path                                     ;
+----------------------------------+-----------------+------------------------+------------------------------------------------------------------+
; timerlab.v                       ; yes             ; User Verilog HDL File  ; C:/Users/owner/Desktop/de2_lab/core/lab3_timer/timerlab.v        ;
; divide_by_10.v                   ; yes             ; User Verilog HDL File  ; C:/Users/owner/Desktop/de2_lab/core/lab3_timer/divide_by_10.v    ;
; divide_by_50.v                   ; yes             ; User Verilog HDL File  ; C:/Users/owner/Desktop/de2_lab/core/lab3_timer/divide_by_50.v    ;
; clock_divider.v                  ; yes             ; User Verilog HDL File  ; C:/Users/owner/Desktop/de2_lab/core/lab3_timer/clock_divider.v   ;
; LCD_Controller.v                 ; yes             ; User Verilog HDL File  ; C:/Users/owner/Desktop/de2_lab/core/lab3_timer/LCD_Controller.v  ;
; decimal_counter.v                ; yes             ; User Verilog HDL File  ; C:/Users/owner/Desktop/de2_lab/core/lab3_timer/decimal_counter.v ;
; oneshot.v                        ; yes             ; User Verilog HDL File  ; C:/Users/owner/Desktop/de2_lab/core/lab3_timer/oneshot.v         ;
; Reset_Delay.v                    ; yes             ; User Verilog HDL File  ; C:/Users/owner/Desktop/de2_lab/core/lab3_timer/Reset_Delay.v     ;
+----------------------------------+-----------------+------------------------+------------------------------------------------------------------+


+--------------------------------------------------------+
; Analysis & Synthesis Resource Usage Summary            ;
+---------------------------------------------+----------+
; Resource                                    ; Usage    ;
+---------------------------------------------+----------+
; Estimated Total logic elements              ; 182      ;
;                                             ;          ;
; Total combinational functions               ; 179      ;
; Logic element usage by number of LUT inputs ;          ;
;     -- 4 input functions                    ; 60       ;
;     -- 3 input functions                    ; 32       ;
;     -- <=2 input functions                  ; 87       ;
;                                             ;          ;
; Logic elements by mode                      ;          ;
;     -- normal mode                          ; 132      ;
;     -- arithmetic mode                      ; 47       ;
;                                             ;          ;
; Total registers                             ; 125      ;
;     -- Dedicated logic registers            ; 125      ;
;     -- I/O registers                        ; 0        ;
;                                             ;          ;
; I/O pins                                    ; 191      ;
; Maximum fan-out node                        ; CLOCK_50 ;
; Maximum fan-out                             ; 81       ;
; Total fan-out                               ; 960      ;
; Average fan-out                             ; 1.94     ;
+---------------------------------------------+----------+


+-------------------------------------------------------------------------------------------------------------------------------------------------------------------------------------------------------+
; Analysis & Synthesis Resource Utilization by Entity                                                                                                                                                   ;
+-----------------------------+-------------------+--------------+-------------+--------------+---------+-----------+------+--------------+----------------------------------------------+--------------+
; Compilation Hierarchy Node  ; LC Combinationals ; LC Registers ; Memory Bits ; DSP Elements ; DSP 9x9 ; DSP 18x18 ; Pins ; Virtual Pins ; Full Hierarchy Name                          ; Library Name ;
+-----------------------------+-------------------+--------------+-------------+--------------+---------+-----------+------+--------------+----------------------------------------------+--------------+
; |timerlab                   ; 179 (80)          ; 125 (38)     ; 0           ; 0            ; 0       ; 0         ; 191  ; 0            ; |timerlab                                    ; work         ;
;    |LCD_Controller:u0|      ; 19 (19)           ; 13 (13)      ; 0           ; 0            ; 0       ; 0         ; 0    ; 0            ; |timerlab|LCD_Controller:u0                  ; work         ;
;    |Reset_Delay:r0|         ; 28 (28)           ; 21 (21)      ; 0           ; 0            ; 0       ; 0         ; 0    ; 0            ; |timerlab|Reset_Delay:r0                     ; work         ;
;    |clock_divider:cdiv|     ; 31 (0)            ; 30 (0)       ; 0           ; 0            ; 0       ; 0         ; 0    ; 0            ; |timerlab|clock_divider:cdiv                 ; work         ;
;       |divide_by_10:d0|     ; 4 (4)             ; 4 (4)        ; 0           ; 0            ; 0       ; 0         ; 0    ; 0            ; |timerlab|clock_divider:cdiv|divide_by_10:d0 ; work         ;
;       |divide_by_10:d1|     ; 4 (4)             ; 4 (4)        ; 0           ; 0            ; 0       ; 0         ; 0    ; 0            ; |timerlab|clock_divider:cdiv|divide_by_10:d1 ; work         ;
;       |divide_by_10:d2|     ; 4 (4)             ; 4 (4)        ; 0           ; 0            ; 0       ; 0         ; 0    ; 0            ; |timerlab|clock_divider:cdiv|divide_by_10:d2 ; work         ;
;       |divide_by_10:d3|     ; 4 (4)             ; 4 (4)        ; 0           ; 0            ; 0       ; 0         ; 0    ; 0            ; |timerlab|clock_divider:cdiv|divide_by_10:d3 ; work         ;
;       |divide_by_10:d4|     ; 4 (4)             ; 4 (4)        ; 0           ; 0            ; 0       ; 0         ; 0    ; 0            ; |timerlab|clock_divider:cdiv|divide_by_10:d4 ; work         ;
;       |divide_by_10:d5|     ; 4 (4)             ; 4 (4)        ; 0           ; 0            ; 0       ; 0         ; 0    ; 0            ; |timerlab|clock_divider:cdiv|divide_by_10:d5 ; work         ;
;       |divide_by_50:d6|     ; 7 (7)             ; 6 (6)        ; 0           ; 0            ; 0       ; 0         ; 0    ; 0            ; |timerlab|clock_divider:cdiv|divide_by_50:d6 ; work         ;
;    |decimal_counter:count0| ; 5 (5)             ; 5 (5)        ; 0           ; 0            ; 0       ; 0         ; 0    ; 0            ; |timerlab|decimal_counter:count0             ; work         ;
;    |decimal_counter:count1| ; 5 (5)             ; 5 (5)        ; 0           ; 0            ; 0       ; 0         ; 0    ; 0            ; |timerlab|decimal_counter:count1             ; work         ;
;    |decimal_counter:count2| ; 5 (5)             ; 5 (5)        ; 0           ; 0            ; 0       ; 0         ; 0    ; 0            ; |timerlab|decimal_counter:count2             ; work         ;
;    |decimal_counter:count3| ; 4 (4)             ; 4 (4)        ; 0           ; 0            ; 0       ; 0         ; 0    ; 0            ; |timerlab|decimal_counter:count3             ; work         ;
;    |oneshot:pulser1|        ; 1 (1)             ; 2 (2)        ; 0           ; 0            ; 0       ; 0         ; 0    ; 0            ; |timerlab|oneshot:pulser1                    ; work         ;
;    |oneshot:pulser2|        ; 1 (1)             ; 2 (2)        ; 0           ; 0            ; 0       ; 0         ; 0    ; 0            ; |timerlab|oneshot:pulser2                    ; work         ;
+-----------------------------+-------------------+--------------+-------------+--------------+---------+-----------+------+--------------+----------------------------------------------+--------------+
Note: For table entries with two numbers listed, the numbers in parentheses indicate the number of resources of the given type used by the specific entity alone. The numbers listed outside of parentheses indicate the total resources of the given type used by the specific entity and all of its sub-entities in the hierarchy.


Encoding Type:  One-Hot
+------------------------------------------------------------------------------------+
; State Machine - |timerlab|mLCD_ST                                                  ;
+----------------+----------------+----------------+----------------+----------------+
; Name           ; mLCD_ST.000011 ; mLCD_ST.000010 ; mLCD_ST.000001 ; mLCD_ST.000000 ;
+----------------+----------------+----------------+----------------+----------------+
; mLCD_ST.000000 ; 0              ; 0              ; 0              ; 0              ;
; mLCD_ST.000001 ; 0              ; 0              ; 1              ; 1              ;
; mLCD_ST.000010 ; 0              ; 1              ; 0              ; 1              ;
; mLCD_ST.000011 ; 1              ; 0              ; 0              ; 1              ;
+----------------+----------------+----------------+----------------+----------------+


Encoding Type:  One-Hot
+------------------------------------------------+
; State Machine - |timerlab|LCD_Controller:u0|ST ;
+-------+-------+-------+-------+----------------+
; Name  ; ST.11 ; ST.10 ; ST.01 ; ST.00          ;
+-------+-------+-------+-------+----------------+
; ST.00 ; 0     ; 0     ; 0     ; 0              ;
; ST.01 ; 0     ; 0     ; 1     ; 1              ;
; ST.10 ; 0     ; 1     ; 0     ; 1              ;
; ST.11 ; 1     ; 0     ; 0     ; 1              ;
+-------+-------+-------+-------+----------------+


+--------------------------------------------------------------------------------+
; Registers Removed During Synthesis                                             ;
+---------------------------------------+----------------------------------------+
; Register name                         ; Reason for Removal                     ;
+---------------------------------------+----------------------------------------+
; mLCD_DATA[6]                          ; Stuck at GND due to stuck port data_in ;
; mLCD_ST~22                            ; Lost fanout                            ;
; mLCD_ST~23                            ; Lost fanout                            ;
; mLCD_ST~24                            ; Lost fanout                            ;
; mLCD_ST~25                            ; Lost fanout                            ;
; mLCD_ST~26                            ; Lost fanout                            ;
; mLCD_ST~27                            ; Lost fanout                            ;
; LCD_Controller:u0|ST~29               ; Lost fanout                            ;
; LCD_Controller:u0|ST~30               ; Lost fanout                            ;
; Total Number of Removed Registers = 9 ;                                        ;
+---------------------------------------+----------------------------------------+


+------------------------------------------------------+
; General Register Statistics                          ;
+----------------------------------------------+-------+
; Statistic                                    ; Value ;
+----------------------------------------------+-------+
; Total registers                              ; 125   ;
; Number of registers using Synchronous Clear  ; 23    ;
; Number of registers using Synchronous Load   ; 0     ;
; Number of registers using Asynchronous Clear ; 100   ;
; Number of registers using Asynchronous Load  ; 0     ;
; Number of registers using Clock Enable       ; 60    ;
; Number of registers using Preset             ; 0     ;
+----------------------------------------------+-------+


+-------------------------------------------------------------------------------------------------------------------------------------------------+
; Multiplexer Restructuring Statistics (Restructuring Performed)                                                                                  ;
+--------------------+-----------+---------------+----------------------+------------------------+------------+-----------------------------------+
; Multiplexer Inputs ; Bus Width ; Baseline Area ; Area if Restructured ; Saving if Restructured ; Registered ; Example Multiplexer Output        ;
+--------------------+-----------+---------------+----------------------+------------------------+------------+-----------------------------------+
; 3:1                ; 2 bits    ; 4 LEs         ; 2 LEs                ; 2 LEs                  ; Yes        ; |timerlab|LCD_Controller:u0|oDone ;
; 11:1               ; 4 bits    ; 28 LEs        ; 20 LEs               ; 8 LEs                  ; Yes        ; |timerlab|mLCD_DATA[3]            ;
; 7:1                ; 4 bits    ; 16 LEs        ; 12 LEs               ; 4 LEs                  ; No         ; |timerlab|Selector13              ;
+--------------------+-----------+---------------+----------------------+------------------------+------------+-----------------------------------+


+--------------------------------------------------------------------------+
; Parameter Settings for User Entity Instance: Top-level Entity: |timerlab ;
+----------------+-------+-------------------------------------------------+
; Parameter Name ; Value ; Type                                            ;
+----------------+-------+-------------------------------------------------+
; LINE1          ; 5     ; Signed Integer                                  ;
; LUT_SIZE       ; 10    ; Signed Integer                                  ;
+----------------+-------+-------------------------------------------------+
Note: In order to hide this table in the UI and the text report file, please set the "Show Parameter Settings Tables in Synthesis Report" option in "Analysis and Synthesis Settings -> More Settings" to "Off".


+----------------------------------------------------------------+
; Parameter Settings for User Entity Instance: LCD_Controller:u0 ;
+----------------+-------+---------------------------------------+
; Parameter Name ; Value ; Type                                  ;
+----------------+-------+---------------------------------------+
; CLK_Divide     ; 16    ; Signed Integer                        ;
+----------------+-------+---------------------------------------+
Note: In order to hide this table in the UI and the text report file, please set the "Show Parameter Settings Tables in Synthesis Report" option in "Analysis and Synthesis Settings -> More Settings" to "Off".


+--------------------------------------------------------------------------------------------------------------------+
; Port Connectivity Checks: "decimal_counter:count3"                                                                 ;
+----------+--------+----------+-------------------------------------------------------------------------------------+
; Port     ; Type   ; Severity ; Details                                                                             ;
+----------+--------+----------+-------------------------------------------------------------------------------------+
; OVERFLOW ; Output ; Info     ; Connected to dangling logic. Logic that only feeds a dangling port will be removed. ;
+----------+--------+----------+-------------------------------------------------------------------------------------+


+-----------------------------------------------------------------------------------------------------------------------+
; Port Connectivity Checks: "clock_divider:cdiv"                                                                        ;
+-------------+--------+----------+-------------------------------------------------------------------------------------+
; Port        ; Type   ; Severity ; Details                                                                             ;
+-------------+--------+----------+-------------------------------------------------------------------------------------+
; clock[6..1] ; Output ; Info     ; Connected to dangling logic. Logic that only feeds a dangling port will be removed. ;
+-------------+--------+----------+-------------------------------------------------------------------------------------+


+-------------------------------+
; Analysis & Synthesis Messages ;
+-------------------------------+
Info: *******************************************************************
Info: Running Quartus II Analysis & Synthesis
    Info: Version 9.0 Build 235 06/17/2009 Service Pack 2 SJ Web Edition
    Info: Processing started: Mon Sep 17 23:41:37 2018
Info: Command: quartus_map --read_settings_files=on --write_settings_files=off timerlab -c timerlab
Info: Found 1 design units, including 1 entities, in source file timerlab.v
    Info: Found entity 1: timerlab
Info: Found 1 design units, including 1 entities, in source file divide_by_10.v
    Info: Found entity 1: divide_by_10
Info: Found 1 design units, including 1 entities, in source file divide_by_50.v
    Info: Found entity 1: divide_by_50
Info: Found 1 design units, including 1 entities, in source file clock_divider.v
    Info: Found entity 1: clock_divider
Info: Found 1 design units, including 1 entities, in source file LCD_Controller.v
    Info: Found entity 1: LCD_Controller
Info: Found 1 design units, including 1 entities, in source file decimal_counter.v
    Info: Found entity 1: decimal_counter
Info: Found 1 design units, including 1 entities, in source file oneshot.v
    Info: Found entity 1: oneshot
Info: Found 1 design units, including 1 entities, in source file Reset_Delay.v
    Info: Found entity 1: Reset_Delay
Info: Elaborating entity "timerlab" for the top level hierarchy
Info: Elaborating entity "Reset_Delay" for hierarchy "Reset_Delay:r0"
Info: Elaborating entity "clock_divider" for hierarchy "clock_divider:cdiv"
Info: Elaborating entity "divide_by_50" for hierarchy "clock_divider:cdiv|divide_by_50:d6"
Info: Elaborating entity "divide_by_10" for hierarchy "clock_divider:cdiv|divide_by_10:d5"
Info: Elaborating entity "decimal_counter" for hierarchy "decimal_counter:count0"
Info: Elaborating entity "oneshot" for hierarchy "oneshot:pulser1"
Info: Elaborating entity "LCD_Controller" for hierarchy "LCD_Controller:u0"
Warning: The following nodes have both tri-state and non-tri-state drivers
    Warning: Inserted always-enabled tri-state buffer between "LCD_DATA[0]" and its non-tri-state driver.
    Warning: Inserted always-enabled tri-state buffer between "LCD_DATA[1]" and its non-tri-state driver.
    Warning: Inserted always-enabled tri-state buffer between "LCD_DATA[2]" and its non-tri-state driver.
    Warning: Inserted always-enabled tri-state buffer between "LCD_DATA[3]" and its non-tri-state driver.
    Warning: Inserted always-enabled tri-state buffer between "LCD_DATA[4]" and its non-tri-state driver.
    Warning: Inserted always-enabled tri-state buffer between "LCD_DATA[5]" and its non-tri-state driver.
    Warning: Inserted always-enabled tri-state buffer between "LCD_DATA[7]" and its non-tri-state driver.
Warning: The following tri-state nodes are fed by constants
    Warning: The pin "LCD_DATA[6]" is fed by GND
Warning: TRI or OPNDRN buffers permanently enabled
    Warning: Node "LCD_DATA[0]~synth"
    Warning: Node "LCD_DATA[1]~synth"
    Warning: Node "LCD_DATA[2]~synth"
    Warning: Node "LCD_DATA[3]~synth"
    Warning: Node "LCD_DATA[4]~synth"
    Warning: Node "LCD_DATA[5]~synth"
    Warning: Node "LCD_DATA[7]~synth"
Warning: Output pins are stuck at VCC or GND
    Warning (13410): Pin "HEX0[0]" is stuck at VCC
    Warning (13410): Pin "HEX0[1]" is stuck at VCC
    Warning (13410): Pin "HEX0[2]" is stuck at VCC
    Warning (13410): Pin "HEX0[3]" is stuck at VCC
    Warning (13410): Pin "HEX0[4]" is stuck at VCC
    Warning (13410): Pin "HEX0[5]" is stuck at VCC
    Warning (13410): Pin "HEX0[6]" is stuck at VCC
    Warning (13410): Pin "HEX1[0]" is stuck at VCC
    Warning (13410): Pin "HEX1[1]" is stuck at VCC
    Warning (13410): Pin "HEX1[2]" is stuck at VCC
    Warning (13410): Pin "HEX1[3]" is stuck at VCC
    Warning (13410): Pin "HEX1[4]" is stuck at VCC
    Warning (13410): Pin "HEX1[5]" is stuck at VCC
    Warning (13410): Pin "HEX1[6]" is stuck at VCC
    Warning (13410): Pin "HEX2[0]" is stuck at VCC
    Warning (13410): Pin "HEX2[1]" is stuck at VCC
    Warning (13410): Pin "HEX2[2]" is stuck at VCC
    Warning (13410): Pin "HEX2[3]" is stuck at VCC
    Warning (13410): Pin "HEX2[4]" is stuck at VCC
    Warning (13410): Pin "HEX2[5]" is stuck at VCC
    Warning (13410): Pin "HEX2[6]" is stuck at VCC
    Warning (13410): Pin "HEX3[0]" is stuck at VCC
    Warning (13410): Pin "HEX3[1]" is stuck at VCC
    Warning (13410): Pin "HEX3[2]" is stuck at VCC
    Warning (13410): Pin "HEX3[3]" is stuck at VCC
    Warning (13410): Pin "HEX3[4]" is stuck at VCC
    Warning (13410): Pin "HEX3[5]" is stuck at VCC
    Warning (13410): Pin "HEX3[6]" is stuck at VCC
    Warning (13410): Pin "HEX4[0]" is stuck at VCC
    Warning (13410): Pin "HEX4[1]" is stuck at VCC
    Warning (13410): Pin "HEX4[2]" is stuck at VCC
    Warning (13410): Pin "HEX4[3]" is stuck at VCC
    Warning (13410): Pin "HEX4[4]" is stuck at VCC
    Warning (13410): Pin "HEX4[5]" is stuck at VCC
    Warning (13410): Pin "HEX4[6]" is stuck at VCC
    Warning (13410): Pin "HEX5[0]" is stuck at VCC
    Warning (13410): Pin "HEX5[1]" is stuck at VCC
    Warning (13410): Pin "HEX5[2]" is stuck at VCC
    Warning (13410): Pin "HEX5[3]" is stuck at VCC
    Warning (13410): Pin "HEX5[4]" is stuck at VCC
    Warning (13410): Pin "HEX5[5]" is stuck at VCC
    Warning (13410): Pin "HEX5[6]" is stuck at VCC
    Warning (13410): Pin "HEX6[0]" is stuck at VCC
    Warning (13410): Pin "HEX6[1]" is stuck at VCC
    Warning (13410): Pin "HEX6[2]" is stuck at VCC
    Warning (13410): Pin "HEX6[3]" is stuck at VCC
    Warning (13410): Pin "HEX6[4]" is stuck at VCC
    Warning (13410): Pin "HEX6[5]" is stuck at VCC
    Warning (13410): Pin "HEX6[6]" is stuck at VCC
    Warning (13410): Pin "HEX7[0]" is stuck at VCC
    Warning (13410): Pin "HEX7[1]" is stuck at VCC
    Warning (13410): Pin "HEX7[2]" is stuck at VCC
    Warning (13410): Pin "HEX7[3]" is stuck at VCC
    Warning (13410): Pin "HEX7[4]" is stuck at VCC
    Warning (13410): Pin "HEX7[5]" is stuck at VCC
    Warning (13410): Pin "HEX7[6]" is stuck at VCC
    Warning (13410): Pin "LEDG[0]" is stuck at GND
    Warning (13410): Pin "LEDG[1]" is stuck at GND
    Warning (13410): Pin "LEDG[2]" is stuck at GND
    Warning (13410): Pin "LEDG[3]" is stuck at GND
    Warning (13410): Pin "LEDG[4]" is stuck at GND
    Warning (13410): Pin "LEDG[5]" is stuck at GND
    Warning (13410): Pin "LEDG[6]" is stuck at GND
    Warning (13410): Pin "LEDG[7]" is stuck at GND
    Warning (13410): Pin "LEDG[8]" is stuck at GND
    Warning (13410): Pin "LCD_ON" is stuck at VCC
    Warning (13410): Pin "LCD_BLON" is stuck at VCC
    Warning (13410): Pin "LCD_RW" is stuck at GND
Info: 8 registers lost all their fanouts during netlist optimizations. The first 8 are displayed below.
    Info: Register "mLCD_ST~22" lost all its fanouts during netlist optimizations.
    Info: Register "mLCD_ST~23" lost all its fanouts during netlist optimizations.
    Info: Register "mLCD_ST~24" lost all its fanouts during netlist optimizations.
    Info: Register "mLCD_ST~25" lost all its fanouts during netlist optimizations.
    Info: Register "mLCD_ST~26" lost all its fanouts during netlist optimizations.
    Info: Register "mLCD_ST~27" lost all its fanouts during netlist optimizations.
    Info: Register "LCD_Controller:u0|ST~29" lost all its fanouts during netlist optimizations.
    Info: Register "LCD_Controller:u0|ST~30" lost all its fanouts during netlist optimizations.
Info: Generated suppressed messages file C:/Users/owner/Desktop/de2_lab/core/lab3_timer/timerlab.map.smsg
Warning: Design contains 2 input pin(s) that do not drive logic
    Warning (15610): No output dependent on input pin "KEY[1]"
    Warning (15610): No output dependent on input pin "KEY[2]"
Info: Implemented 373 device resources after synthesis - the final resource count might be different
    Info: Implemented 23 input pins
    Info: Implemented 88 output pins
    Info: Implemented 80 bidirectional pins
    Info: Implemented 182 logic cells
Info: Quartus II Analysis & Synthesis was successful. 0 errors, 90 warnings
    Info: Peak virtual memory: 204 megabytes
    Info: Processing ended: Mon Sep 17 23:41:38 2018
    Info: Elapsed time: 00:00:01
    Info: Total CPU time (on all processors): 00:00:02


+------------------------------------------+
; Analysis & Synthesis Suppressed Messages ;
+------------------------------------------+
The suppressed messages can be found in C:/Users/owner/Desktop/de2_lab/core/lab3_timer/timerlab.map.smsg.


